#
# A fatal error has been detected by the Java Runtime Environment:
#
#  SIGBUS (0x7) at pc=0x00007f7b401ff522, pid=2591, tid=0x00007f7b4318c700
#
# JRE version: Java(TM) SE Runtime Environment (8.0_151-b12) (build 1.8.0_151-b12)
# Java VM: Java HotSpot(TM) 64-Bit Server VM (25.151-b12 mixed mode linux-amd64 compressed oops)
# Problematic frame:
# C  [libzip.so+0x12522]  newEntry+0x62
#
# Failed to write core dump. Core dumps have been disabled. To enable core dumping, try "ulimit -c unlimited" before starting Java again
#
# If you would like to submit a bug report, please visit:
#   http://bugreport.java.com/bugreport/crash.jsp
# The crash happened outside the Java Virtual Machine in native code.
# See problematic frame for where to report the bug.
#

---------------  T H R E A D  ---------------

Current thread (0x00007f7b3c009800):  JavaThread "main" [_thread_in_native, id=2623, stack(0x00007f7b4308c000,0x00007f7b4318d000)]

siginfo: si_signo: 7 (SIGBUS), si_code: 2 (BUS_ADRERR), si_addr: 0x00007f7b1bdf2004

Registers:
RAX=0x00007f7b3cd13840, RBX=0x00007f7b3c2b48b0, RCX=0x00007f7b3c000020, RDX=0x00007f7b3cd13840
RSP=0x00007f7b43188860, RBP=0x00007f7b431888b0, RSI=0x0000000082000014, RDI=0x0000000000000140
R8 =0x00007f7b3c000088, R9 =0x00007f7b43188930, R10=0x00007f7b2d1b9b58, R11=0x000000000000004d
R12=0x00007f7b1bdf1fe7, R13=0x00007f7b3cd13840, R14=0x00000000747064bd, R15=0x00007f7b3c234350
RIP=0x00007f7b401ff522, EFLAGS=0x0000000000010206, CSGSFS=0x002b000000000033, ERR=0x0000000000000004
  TRAPNO=0x000000000000000e

Top of Stack: (sp=0x00007f7b43188860)
0x00007f7b43188860:   00000007c00264c8 00007f7b00000000
0x00007f7b43188870:   00000007c00007a8 00007f7b41e78d0e
0x00007f7b43188880:   00007f7b3cd13840 00007f7b3c2b48b0
0x00007f7b43188890:   00007f7b3c23d580 00007f7b3c234350
0x00007f7b431888a0:   00000000747064bd 000000000000004d
0x00007f7b431888b0:   00007f7b43188910 00007f7b401ffc7f
0x00007f7b431888c0:   00007f7b3c009800 01007f7b40c612c6
0x00007f7b431888d0:   00007f7b43188930 00007f7b4318897e
0x00007f7b431888e0:   00007f7b4318897c 00007f7b43188930
0x00007f7b431888f0:   000000000000004d 00007f7b3c0099f8
0x00007f7b43188900:   00007f7b43188d88 0000000000000001
0x00007f7b43188910:   00007f7b43188d70 00007f7b401f0ec0
0x00007f7b43188920:   2d31312d37313032 00007f7b3c234350
0x00007f7b43188930:   6a6f72702f67726f 646f6f6c66746365
0x00007f7b43188940:   706f2f746867696c 702f776f6c666e65
0x00007f7b43188950:   2f6c6f636f746f72 464f2f3031726576
0x00007f7b43188960:   656c6544776f6c46 2430317265566574
0x00007f7b43188970:   2e7265646c697542 3635007373616c63
0x00007f7b43188980:   74616d202c323530 74614d464f3d6863
0x00007f7b43188990:   3172655631566863 79745f6874652830
0x00007f7b431889a0:   30303878303d6570 735f34767069202c
0x00007f7b431889b0:   2e312e30313d6372 7069202c312e3533
0x00007f7b431889c0:   313d7473645f3476 312e38312e312e30
0x00007f7b431889d0:   696b6f6f63202c29 3030303078303d65
0x00007f7b431889e0:   3030303030303030 6469202c30303030
0x00007f7b431889f0:   756f656d6954656c 726168202c303d74
0x00007f7b43188a00:   74756f656d695464 00007f7b426076ce
0x00007f7b43188a10:   00007f7b43188fc0 00007f7b43188fb0
0x00007f7b43188a20:   00007f7b420c2d79 00007f7b43189150
0x00007f7b43188a30:   0000000000000000 00007f7b425d992d
0x00007f7b43188a40:   5d5b3d7367616c66 6e6f69746361202c
0x00007f7b43188a50:   746341464f5b3d73 00007f7b43188b28 

Instructions: (pc=0x00007f7b401ff522)
0x00007f7b401ff502:   00 48 c7 40 28 00 00 00 00 41 80 7f 30 00 0f 84
0x00007f7b401ff512:   8a 02 00 00 4c 8b 63 08 4d 2b 67 28 4d 03 67 18
0x00007f7b401ff522:   41 0f b6 5c 24 1d 41 0f b6 44 24 1c c1 e3 08 09
0x00007f7b401ff532:   c3 41 0f b6 44 24 1e 88 45 bd 41 0f b6 54 24 20 

Register to memory mapping:

RAX=0x00007f7b3cd13840 is an unknown value
RBX=0x00007f7b3c2b48b0 is an unknown value
RCX=0x00007f7b3c000020 is an unknown value
RDX=0x00007f7b3cd13840 is an unknown value
RSP=0x00007f7b43188860 is pointing into the stack for thread: 0x00007f7b3c009800
RBP=0x00007f7b431888b0 is pointing into the stack for thread: 0x00007f7b3c009800
RSI=0x0000000082000014 is an unknown value
RDI=0x0000000000000140 is an unknown value
R8 =0x00007f7b3c000088 is an unknown value
R9 =0x00007f7b43188930 is pointing into the stack for thread: 0x00007f7b3c009800
R10=0x00007f7b2d1b9b58 is at entry_point+88 in (nmethod*)0x00007f7b2d1b9990
R11=0x000000000000004d is an unknown value
R12=0x00007f7b1bdf1fe7 is an unknown value
R13=0x00007f7b3cd13840 is an unknown value
R14=0x00000000747064bd is an unknown value
R15=0x00007f7b3c234350 is an unknown value


Stack: [0x00007f7b4308c000,0x00007f7b4318d000],  sp=0x00007f7b43188860,  free space=1010k
Native frames: (J=compiled Java code, j=interpreted, Vv=VM code, C=native code)
C  [libzip.so+0x12522]  newEntry+0x62
C  [libzip.so+0x12c7f]  ZIP_GetEntry2+0xff
C  [libzip.so+0x3ec0]  Java_java_util_zip_ZipFile_getEntry+0xf0
J 317  java.util.zip.ZipFile.getEntry(J[BZ)J (0 bytes) @ 0x00007f7b2d1b9bce [0x00007f7b2d1b9b00+0xce]
J 321 C1 java.util.zip.ZipFile.getEntry(Ljava/lang/String;)Ljava/util/zip/ZipEntry; (101 bytes) @ 0x00007f7b2d1bce0c [0x00007f7b2d1bcba0+0x26c]
J 320 C1 java.util.jar.JarFile.getEntry(Ljava/lang/String;)Ljava/util/zip/ZipEntry; (22 bytes) @ 0x00007f7b2d1bd724 [0x00007f7b2d1bd6a0+0x84]
J 561 C2 sun.misc.URLClassPath$JarLoader.getResource(Ljava/lang/String;Z)Lsun/misc/Resource; (85 bytes) @ 0x00007f7b2d258c40 [0x00007f7b2d258a00+0x240]
J 1005 C2 sun.misc.URLClassPath.getResource(Ljava/lang/String;Z)Lsun/misc/Resource; (83 bytes) @ 0x00007f7b2d367d54 [0x00007f7b2d367be0+0x174]
J 236 C1 java.net.URLClassLoader$1.run()Ljava/lang/Class; (63 bytes) @ 0x00007f7b2d1876bc [0x00007f7b2d1874a0+0x21c]
J 235 C1 java.net.URLClassLoader$1.run()Ljava/lang/Object; (5 bytes) @ 0x00007f7b2d18710c [0x00007f7b2d187080+0x8c]
v  ~StubRoutines::call_stub
V  [libjvm.so+0x693e76]  JavaCalls::call_helper(JavaValue*, methodHandle*, JavaCallArguments*, Thread*)+0x1056
V  [libjvm.so+0x72d14c]  JVM_DoPrivileged+0x27c
J 233  java.security.AccessController.doPrivileged(Ljava/security/PrivilegedExceptionAction;Ljava/security/AccessControlContext;)Ljava/lang/Object; (0 bytes) @ 0x00007f7b2d185895 [0x00007f7b2d1857c0+0xd5]
J 178 C1 java.net.URLClassLoader.findClass(Ljava/lang/String;)Ljava/lang/Class; (47 bytes) @ 0x00007f7b2d16b514 [0x00007f7b2d16b380+0x194]
J 664 C1 java.lang.ClassLoader.loadClass(Ljava/lang/String;Z)Ljava/lang/Class; (122 bytes) @ 0x00007f7b2d29330c [0x00007f7b2d292940+0x9cc]
J 289 C1 sun.misc.Launcher$AppClassLoader.loadClass(Ljava/lang/String;Z)Ljava/lang/Class; (85 bytes) @ 0x00007f7b2d1aeaa4 [0x00007f7b2d1ae100+0x9a4]
J 213 C1 java.lang.ClassLoader.loadClass(Ljava/lang/String;)Ljava/lang/Class; (7 bytes) @ 0x00007f7b2d179644 [0x00007f7b2d179540+0x104]
v  ~StubRoutines::call_stub
V  [libjvm.so+0x693e76]  JavaCalls::call_helper(JavaValue*, methodHandle*, JavaCallArguments*, Thread*)+0x1056
V  [libjvm.so+0x694381]  JavaCalls::call_virtual(JavaValue*, KlassHandle, Symbol*, Symbol*, JavaCallArguments*, Thread*)+0x321
V  [libjvm.so+0x6947d6]  JavaCalls::call_virtual(JavaValue*, Handle, KlassHandle, Symbol*, Symbol*, Handle, Thread*)+0x56
V  [libjvm.so+0xa40db0]  SystemDictionary::load_instance_class(Symbol*, Handle, Thread*)+0x3f0
V  [libjvm.so+0xa3fcfc]  SystemDictionary::resolve_instance_class_or_null(Symbol*, Handle, Handle, Thread*)+0x78c
V  [libjvm.so+0xa411d3]  SystemDictionary::resolve_or_fail(Symbol*, Handle, Handle, bool, Thread*)+0x33
V  [libjvm.so+0x4f6348]  ConstantPool::klass_at_impl(constantPoolHandle, int, Thread*)+0x158
V  [libjvm.so+0x6885d1]  InterpreterRuntime::_new(JavaThread*, ConstantPool*, int)+0x71
j  org.projectfloodlight.openflow.protocol.ver10.OFFactoryVer10.buildFlowDelete()Lorg/projectfloodlight/openflow/protocol/OFFlowDelete$Builder;+0
J 3154 C1 net.floodlightcontroller.scl.SCL.updateFlowEntry(Ljava/lang/String;Ljava/lang/String;Ljava/lang/String;Lnet/floodlightcontroller/scl/Link;Ljava/lang/String;)V (334 bytes) @ 0x00007f7b2d8cd2dc [0x00007f7b2d8cbd60+0x157c]
j  net.floodlightcontroller.scl.SCL.updateFlowEntries(Ljava/util/Map;)V+368
j  net.floodlightcontroller.scl.SCL.switchRemoved(Lorg/projectfloodlight/openflow/types/DatapathId;)V+214
j  net.floodlightcontroller.core.internal.OFSwitchManager$SwitchUpdate.dispatch()V+130
j  net.floodlightcontroller.core.internal.Controller.run()V+34
j  net.floodlightcontroller.core.internal.FloodlightProvider.run()V+4
v  ~StubRoutines::call_stub
V  [libjvm.so+0x693e76]  JavaCalls::call_helper(JavaValue*, methodHandle*, JavaCallArguments*, Thread*)+0x1056
V  [libjvm.so+0x9a0837]  Reflection::invoke(instanceKlassHandle, methodHandle, Handle, bool, objArrayHandle, BasicType, objArrayHandle, bool, Thread*)+0x5d7
V  [libjvm.so+0x9a3f47]  Reflection::invoke_method(oopDesc*, Handle, objArrayHandle, Thread*)+0x147
V  [libjvm.so+0x72752b]  JVM_InvokeMethod+0x26b
j  sun.reflect.NativeMethodAccessorImpl.invoke0(Ljava/lang/reflect/Method;Ljava/lang/Object;[Ljava/lang/Object;)Ljava/lang/Object;+0
j  sun.reflect.NativeMethodAccessorImpl.invoke(Ljava/lang/Object;[Ljava/lang/Object;)Ljava/lang/Object;+100
j  sun.reflect.DelegatingMethodAccessorImpl.invoke(Ljava/lang/Object;[Ljava/lang/Object;)Ljava/lang/Object;+6
j  java.lang.reflect.Method.invoke(Ljava/lang/Object;[Ljava/lang/Object;)Ljava/lang/Object;+56
j  net.floodlightcontroller.core.module.FloodlightModuleLoader$RunMethod.run()V+34
j  net.floodlightcontroller.core.module.FloodlightModuleLoader.runModules()V+149
j  net.floodlightcontroller.core.Main.main([Ljava/lang/String;)V+109
v  ~StubRoutines::call_stub
V  [libjvm.so+0x693e76]  JavaCalls::call_helper(JavaValue*, methodHandle*, JavaCallArguments*, Thread*)+0x1056
V  [libjvm.so+0x6d5292]  jni_invoke_static(JNIEnv_*, JavaValue*, _jobject*, JNICallType, _jmethodID*, JNI_ArgumentPusher*, Thread*)+0x362
V  [libjvm.so+0x6f1afa]  jni_CallStaticVoidMethod+0x17a
C  [libjli.so+0x80ff]  JavaMain+0x81f
C  [libpthread.so.0+0x76ba]  start_thread+0xca

Java frames: (J=compiled Java code, j=interpreted, Vv=VM code)
J 317  java.util.zip.ZipFile.getEntry(J[BZ)J (0 bytes) @ 0x00007f7b2d1b9b58 [0x00007f7b2d1b9b00+0x58]
J 321 C1 java.util.zip.ZipFile.getEntry(Ljava/lang/String;)Ljava/util/zip/ZipEntry; (101 bytes) @ 0x00007f7b2d1bce0c [0x00007f7b2d1bcba0+0x26c]
J 320 C1 java.util.jar.JarFile.getEntry(Ljava/lang/String;)Ljava/util/zip/ZipEntry; (22 bytes) @ 0x00007f7b2d1bd724 [0x00007f7b2d1bd6a0+0x84]
J 561 C2 sun.misc.URLClassPath$JarLoader.getResource(Ljava/lang/String;Z)Lsun/misc/Resource; (85 bytes) @ 0x00007f7b2d258c40 [0x00007f7b2d258a00+0x240]
J 1005 C2 sun.misc.URLClassPath.getResource(Ljava/lang/String;Z)Lsun/misc/Resource; (83 bytes) @ 0x00007f7b2d367d54 [0x00007f7b2d367be0+0x174]
J 236 C1 java.net.URLClassLoader$1.run()Ljava/lang/Class; (63 bytes) @ 0x00007f7b2d1876bc [0x00007f7b2d1874a0+0x21c]
J 235 C1 java.net.URLClassLoader$1.run()Ljava/lang/Object; (5 bytes) @ 0x00007f7b2d18710c [0x00007f7b2d187080+0x8c]
v  ~StubRoutines::call_stub
J 233  java.security.AccessController.doPrivileged(Ljava/security/PrivilegedExceptionAction;Ljava/security/AccessControlContext;)Ljava/lang/Object; (0 bytes) @ 0x00007f7b2d185823 [0x00007f7b2d1857c0+0x63]
J 178 C1 java.net.URLClassLoader.findClass(Ljava/lang/String;)Ljava/lang/Class; (47 bytes) @ 0x00007f7b2d16b514 [0x00007f7b2d16b380+0x194]
J 664 C1 java.lang.ClassLoader.loadClass(Ljava/lang/String;Z)Ljava/lang/Class; (122 bytes) @ 0x00007f7b2d29330c [0x00007f7b2d292940+0x9cc]
J 289 C1 sun.misc.Launcher$AppClassLoader.loadClass(Ljava/lang/String;Z)Ljava/lang/Class; (85 bytes) @ 0x00007f7b2d1aeaa4 [0x00007f7b2d1ae100+0x9a4]
J 213 C1 java.lang.ClassLoader.loadClass(Ljava/lang/String;)Ljava/lang/Class; (7 bytes) @ 0x00007f7b2d179644 [0x00007f7b2d179540+0x104]
v  ~StubRoutines::call_stub
j  org.projectfloodlight.openflow.protocol.ver10.OFFactoryVer10.buildFlowDelete()Lorg/projectfloodlight/openflow/protocol/OFFlowDelete$Builder;+0
J 3154 C1 net.floodlightcontroller.scl.SCL.updateFlowEntry(Ljava/lang/String;Ljava/lang/String;Ljava/lang/String;Lnet/floodlightcontroller/scl/Link;Ljava/lang/String;)V (334 bytes) @ 0x00007f7b2d8cd2dc [0x00007f7b2d8cbd60+0x157c]
j  net.floodlightcontroller.scl.SCL.updateFlowEntries(Ljava/util/Map;)V+368
j  net.floodlightcontroller.scl.SCL.switchRemoved(Lorg/projectfloodlight/openflow/types/DatapathId;)V+214
j  net.floodlightcontroller.core.internal.OFSwitchManager$SwitchUpdate.dispatch()V+130
j  net.floodlightcontroller.core.internal.Controller.run()V+34
j  net.floodlightcontroller.core.internal.FloodlightProvider.run()V+4
v  ~StubRoutines::call_stub
j  sun.reflect.NativeMethodAccessorImpl.invoke0(Ljava/lang/reflect/Method;Ljava/lang/Object;[Ljava/lang/Object;)Ljava/lang/Object;+0
j  sun.reflect.NativeMethodAccessorImpl.invoke(Ljava/lang/Object;[Ljava/lang/Object;)Ljava/lang/Object;+100
j  sun.reflect.DelegatingMethodAccessorImpl.invoke(Ljava/lang/Object;[Ljava/lang/Object;)Ljava/lang/Object;+6
j  java.lang.reflect.Method.invoke(Ljava/lang/Object;[Ljava/lang/Object;)Ljava/lang/Object;+56
j  net.floodlightcontroller.core.module.FloodlightModuleLoader$RunMethod.run()V+34
j  net.floodlightcontroller.core.module.FloodlightModuleLoader.runModules()V+149
j  net.floodlightcontroller.core.Main.main([Ljava/lang/String;)V+109
v  ~StubRoutines::call_stub

---------------  P R O C E S S  ---------------

Java Threads: ( => current thread )
  0x00007f7aa0023000 JavaThread "nioEventLoopGroup-3-16" [_thread_in_native, id=3162, stack(0x00007f7b18510000,0x00007f7b18611000)]
  0x00007f7aa0021000 JavaThread "nioEventLoopGroup-3-15" [_thread_in_native, id=3161, stack(0x00007f7b18611000,0x00007f7b18712000)]
  0x00007f7aa001f800 JavaThread "nioEventLoopGroup-3-14" [_thread_in_native, id=3158, stack(0x00007f7b18712000,0x00007f7b18813000)]
  0x00007f7aa001d800 JavaThread "nioEventLoopGroup-3-13" [_thread_in_native, id=3155, stack(0x00007f7b18813000,0x00007f7b18914000)]
  0x00007f7aa001c000 JavaThread "nioEventLoopGroup-3-12" [_thread_in_native, id=3154, stack(0x00007f7b18914000,0x00007f7b18a15000)]
  0x00007f7aa001a000 JavaThread "nioEventLoopGroup-3-11" [_thread_in_native, id=3150, stack(0x00007f7b18a15000,0x00007f7b18b16000)]
  0x00007f7aa0018800 JavaThread "nioEventLoopGroup-3-10" [_thread_in_native, id=3148, stack(0x00007f7b18b16000,0x00007f7b18c17000)]
  0x00007f7aa0017000 JavaThread "nioEventLoopGroup-3-9" [_thread_in_native, id=3147, stack(0x00007f7b18c17000,0x00007f7b18d18000)]
  0x00007f7aa0015000 JavaThread "nioEventLoopGroup-3-8" [_thread_in_native, id=3146, stack(0x00007f7b18d18000,0x00007f7b18e19000)]
  0x00007f7aa0013800 JavaThread "nioEventLoopGroup-3-7" [_thread_in_native, id=3145, stack(0x00007f7b18e19000,0x00007f7b18f1a000)]
  0x00007f7aa0011800 JavaThread "nioEventLoopGroup-3-6" [_thread_in_native, id=3144, stack(0x00007f7b18f1a000,0x00007f7b1901b000)]
  0x00007f7aa0010000 JavaThread "nioEventLoopGroup-3-5" [_thread_in_native, id=3140, stack(0x00007f7b1901b000,0x00007f7b1911c000)]
  0x00007f7aa000e000 JavaThread "nioEventLoopGroup-3-4" [_thread_in_native, id=3139, stack(0x00007f7b1911c000,0x00007f7b1921d000)]
  0x00007f7aa000c800 JavaThread "nioEventLoopGroup-3-3" [_thread_in_native, id=3128, stack(0x00007f7b1921d000,0x00007f7b1931e000)]
  0x00007f7aa000b000 JavaThread "nioEventLoopGroup-3-2" [_thread_in_native, id=3113, stack(0x00007f7b1931e000,0x00007f7b1941f000)]
  0x00007f7a8800c800 JavaThread "pool-3-thread-1" [_thread_blocked, id=3070, stack(0x00007f7b1961f000,0x00007f7b19720000)]
  0x00007f7aa0009000 JavaThread "nioEventLoopGroup-3-1" [_thread_in_native, id=3068, stack(0x00007f7b19720000,0x00007f7b19821000)]
  0x00007f7b3ccbf000 JavaThread "ActionDistributor: Thread-37" [_thread_in_native, id=2842, stack(0x00007f7b19821000,0x00007f7b19922000)]
  0x00007f7b3ccbe000 JavaThread "ActionDistributor: Thread-35" [_thread_in_native, id=2841, stack(0x00007f7b19922000,0x00007f7b19a23000)]
  0x00007f7b3ccbc000 JavaThread "ActionDistributor: Thread-34" [_thread_in_native, id=2840, stack(0x00007f7b19a23000,0x00007f7b19b24000)]
  0x00007f7b3cc9a000 JavaThread "FileManager: Thread-33" [_thread_blocked, id=2839, stack(0x00007f7b19b24000,0x00007f7b19c25000)]
  0x00007f7b3cc46000 JavaThread "Topology Updates" [_thread_blocked, id=2831, stack(0x00007f7b19c25000,0x00007f7b19d26000)]
  0x00007f7b3cc40000 JavaThread "nioEventLoopGroup-2-1" [_thread_in_native, id=2830, stack(0x00007f7b19d26000,0x00007f7b19e27000)]
  0x00007f7ac8001000 JavaThread "Scheduled-4" [_thread_blocked, id=2829, stack(0x00007f7b19e27000,0x00007f7b19f28000)]
  0x00007f7b3ca91800 JavaThread "Scheduled-3" [_thread_blocked, id=2828, stack(0x00007f7b19f28000,0x00007f7b1a029000)]
  0x00007f7b3ca94000 JavaThread "Scheduled-2" [_thread_blocked, id=2827, stack(0x00007f7b1a029000,0x00007f7b1a12a000)]
  0x00007f7b3ca82000 JavaThread "Thread-1" [_thread_in_native, id=2824, stack(0x00007f7b1a32a000,0x00007f7b1a42b000)]
  0x00007f7b3c72c800 JavaThread "SyncMessage-1" [_thread_blocked, id=2813, stack(0x00007f7b1a42b000,0x00007f7b1a52c000)]
  0x00007f7b3c72b800 JavaThread "SyncMessage-0" [_thread_blocked, id=2812, stack(0x00007f7b1a52c000,0x00007f7b1a62d000)]
  0x00007f7b3c70b000 JavaThread "HintWorker-1" [_thread_blocked, id=2811, stack(0x00007f7b1a62d000,0x00007f7b1a72e000)]
  0x00007f7b3c709800 JavaThread "HintWorker-0" [_thread_blocked, id=2810, stack(0x00007f7b1a72e000,0x00007f7b1a82f000)]
  0x00007f7b3c706000 JavaThread "Scheduled-1" [_thread_blocked, id=2809, stack(0x00007f7b1a82f000,0x00007f7b1a930000)]
  0x00007f7b3c704800 JavaThread "Scheduled-0" [_thread_blocked, id=2808, stack(0x00007f7b1a930000,0x00007f7b1aa31000)]
  0x00007f7b3c211000 JavaThread "Service Thread" daemon [_thread_blocked, id=2733, stack(0x00007f7b20486000,0x00007f7b20587000)]
  0x00007f7b3c20e000 JavaThread "C1 CompilerThread3" daemon [_thread_blocked, id=2732, stack(0x00007f7b20587000,0x00007f7b20688000)]
  0x00007f7b3c20c000 JavaThread "C2 CompilerThread2" daemon [_thread_in_native, id=2729, stack(0x00007f7b20688000,0x00007f7b20789000)]
  0x00007f7b3c20a800 JavaThread "C2 CompilerThread1" daemon [_thread_in_native, id=2727, stack(0x00007f7b20789000,0x00007f7b2088a000)]
  0x00007f7b3c208000 JavaThread "C2 CompilerThread0" daemon [_thread_in_native, id=2726, stack(0x00007f7b2088a000,0x00007f7b2098b000)]
  0x00007f7b3c206800 JavaThread "Signal Dispatcher" daemon [_thread_blocked, id=2725, stack(0x00007f7b2098b000,0x00007f7b20a8c000)]
  0x00007f7b3c1d3000 JavaThread "Finalizer" daemon [_thread_blocked, id=2722, stack(0x00007f7b2144b000,0x00007f7b2154c000)]
  0x00007f7b3c1ce800 JavaThread "Reference Handler" daemon [_thread_blocked, id=2721, stack(0x00007f7b2154c000,0x00007f7b2164d000)]
=>0x00007f7b3c009800 JavaThread "main" [_thread_in_native, id=2623, stack(0x00007f7b4308c000,0x00007f7b4318d000)]

Other Threads:
  0x00007f7b3c1c6800 VMThread [stack: 0x00007f7b2164d000,0x00007f7b2174e000] [id=2720]
  0x00007f7b3c214000 WatcherThread [stack: 0x00007f7b20385000,0x00007f7b20486000] [id=2734]

VM state:not at safepoint (normal execution)

VM Mutex/Monitor currently owned by a thread: None

Heap:
 PSYoungGen      total 148992K, used 83990K [0x000000076d300000, 0x0000000778080000, 0x00000007c0000000)
  eden space 122368K, 67% used [0x000000076d300000,0x00000007723d5968,0x0000000774a80000)
  from space 26624K, 4% used [0x0000000776680000,0x00000007767b0000,0x0000000778080000)
  to   space 27648K, 0% used [0x0000000774a80000,0x0000000774a80000,0x0000000776580000)
 ParOldGen       total 104448K, used 22163K [0x00000006c7800000, 0x00000006cde00000, 0x000000076d300000)
  object space 104448K, 21% used [0x00000006c7800000,0x00000006c8da4f68,0x00000006cde00000)
 Metaspace       used 21567K, capacity 21780K, committed 22144K, reserved 1069056K
  class space    used 2488K, capacity 2574K, committed 2688K, reserved 1048576K

Card table byte_map: [0x00007f7b2c47b000,0x00007f7b2cc40000] byte_map_base: 0x00007f7b28e3f000

Marking Bits: (ParMarkBitMap*) 0x00007f7b4255ef80
 Begin Bits: [0x00007f7b23c06000, 0x00007f7b27a26000)
 End Bits:   [0x00007f7b27a26000, 0x00007f7b2b846000)

Polling page: 0x00007f7b431af000

CodeCache: size=245760Kb used=8991Kb max_used=9009Kb free=236769Kb
 bounds [0x00007f7b2d000000, 0x00007f7b2d900000, 0x00007f7b3c000000]
 total_blobs=3095 nmethods=2683 adapters=325
 compilation: enabled

Compilation events (10 events):
Event: 557.233 Thread 0x00007f7b3c20e000 3245   !   3       sun.nio.ch.SelectorImpl::processDeregisterQueue (101 bytes)
Event: 557.233 Thread 0x00007f7b3c20e000 nmethod 3245 0x00007f7b2d488790 code [0x00007f7b2d4889c0, 0x00007f7b2d489558]
Event: 557.237 Thread 0x00007f7b3c208000 nmethod 3234 0x00007f7b2d8e1d10 code [0x00007f7b2d8e2060, 0x00007f7b2d8e4240]
Event: 557.237 Thread 0x00007f7b3c208000 3207       4       net.floodlightcontroller.core.internal.OFSwitch::getConnection (49 bytes)
Event: 557.242 Thread 0x00007f7b3c208000 nmethod 3207 0x00007f7b2d59ae90 code [0x00007f7b2d59b060, 0x00007f7b2d59b518]
Event: 557.316 Thread 0x00007f7b3c208000 3246       4       net.floodlightcontroller.scl.NetworkX::Path (107 bytes)
Event: 557.414 Thread 0x00007f7b3c208000 nmethod 3246 0x00007f7b2d8f3950 code [0x00007f7b2d8f3c00, 0x00007f7b2d8f5d78]
Event: 557.414 Thread 0x00007f7b3c208000 3253       4       java.util.Formatter::checkText (58 bytes)
Event: 557.419 Thread 0x00007f7b3c208000 nmethod 3253 0x00007f7b2d5cf450 code [0x00007f7b2d5cf5a0, 0x00007f7b2d5cf758]
Event: 557.419 Thread 0x00007f7b3c208000 3248       4       java.util.Formatter::parse (151 bytes)

GC Heap History (10 events):
Event: 347.306 GC heap before
{Heap before GC invocations=5 (full 1):
 PSYoungGen      total 74752K, used 64512K [0x000000076d300000, 0x0000000772600000, 0x00000007c0000000)
  eden space 64512K, 100% used [0x000000076d300000,0x0000000771200000,0x0000000771200000)
  from space 10240K, 0% used [0x0000000771200000,0x0000000771200000,0x0000000771c00000)
  to   space 10240K, 0% used [0x0000000771c00000,0x0000000771c00000,0x0000000772600000)
 ParOldGen       total 104448K, used 22115K [0x00000006c7800000, 0x00000006cde00000, 0x000000076d300000)
  object space 104448K, 21% used [0x00000006c7800000,0x00000006c8d98f68,0x00000006cde00000)
 Metaspace       used 21102K, capacity 21244K, committed 21504K, reserved 1069056K
  class space    used 2460K, capacity 2534K, committed 2560K, reserved 1048576K
Event: 347.312 GC heap after
Heap after GC invocations=5 (full 1):
 PSYoungGen      total 74752K, used 128K [0x000000076d300000, 0x0000000772600000, 0x00000007c0000000)
  eden space 64512K, 0% used [0x000000076d300000,0x000000076d300000,0x0000000771200000)
  from space 10240K, 1% used [0x0000000771c00000,0x0000000771c20000,0x0000000772600000)
  to   space 10240K, 0% used [0x0000000771200000,0x0000000771200000,0x0000000771c00000)
 ParOldGen       total 104448K, used 22123K [0x00000006c7800000, 0x00000006cde00000, 0x000000076d300000)
  object space 104448K, 21% used [0x00000006c7800000,0x00000006c8d9af68,0x00000006cde00000)
 Metaspace       used 21102K, capacity 21244K, committed 21504K, reserved 1069056K
  class space    used 2460K, capacity 2534K, committed 2560K, reserved 1048576K
}
Event: 532.246 GC heap before
{Heap before GC invocations=6 (full 1):
 PSYoungGen      total 74752K, used 64640K [0x000000076d300000, 0x0000000772600000, 0x00000007c0000000)
  eden space 64512K, 100% used [0x000000076d300000,0x0000000771200000,0x0000000771200000)
  from space 10240K, 1% used [0x0000000771c00000,0x0000000771c20000,0x0000000772600000)
  to   space 10240K, 0% used [0x0000000771200000,0x0000000771200000,0x0000000771c00000)
 ParOldGen       total 104448K, used 22123K [0x00000006c7800000, 0x00000006cde00000, 0x000000076d300000)
  object space 104448K, 21% used [0x00000006c7800000,0x00000006c8d9af68,0x00000006cde00000)
 Metaspace       used 21225K, capacity 21436K, committed 21760K, reserved 1069056K
  class space    used 2460K, capacity 2534K, committed 2560K, reserved 1048576K
Event: 532.251 GC heap after
Heap after GC invocations=6 (full 1):
 PSYoungGen      total 73216K, used 160K [0x000000076d300000, 0x0000000774d80000, 0x00000007c0000000)
  eden space 62976K, 0% used [0x000000076d300000,0x000000076d300000,0x0000000771080000)
  from space 10240K, 1% used [0x0000000771200000,0x0000000771228000,0x0000000771c00000)
  to   space 31232K, 0% used [0x0000000772f00000,0x0000000772f00000,0x0000000774d80000)
 ParOldGen       total 104448K, used 22123K [0x00000006c7800000, 0x00000006cde00000, 0x000000076d300000)
  object space 104448K, 21% used [0x00000006c7800000,0x00000006c8d9af68,0x00000006cde00000)
 Metaspace       used 21225K, capacity 21436K, committed 21760K, reserved 1069056K
  class space    used 2460K, capacity 2534K, committed 2560K, reserved 1048576K
}
Event: 556.809 GC heap before
{Heap before GC invocations=7 (full 1):
 PSYoungGen      total 73216K, used 63136K [0x000000076d300000, 0x0000000774d80000, 0x00000007c0000000)
  eden space 62976K, 100% used [0x000000076d300000,0x0000000771080000,0x0000000771080000)
  from space 10240K, 1% used [0x0000000771200000,0x0000000771228000,0x0000000771c00000)
  to   space 31232K, 0% used [0x0000000772f00000,0x0000000772f00000,0x0000000774d80000)
 ParOldGen       total 104448K, used 22123K [0x00000006c7800000, 0x00000006cde00000, 0x000000076d300000)
  object space 104448K, 21% used [0x00000006c7800000,0x00000006c8d9af68,0x00000006cde00000)
 Metaspace       used 21566K, capacity 21780K, committed 22144K, reserved 1069056K
  class space    used 2488K, capacity 2574K, committed 2688K, reserved 1048576K
Event: 556.832 GC heap after
Heap after GC invocations=7 (full 1):
 PSYoungGen      total 89088K, used 1364K [0x000000076d300000, 0x0000000774a00000, 0x00000007c0000000)
  eden space 61440K, 0% used [0x000000076d300000,0x000000076d300000,0x0000000770f00000)
  from space 27648K, 4% used [0x0000000772f00000,0x00000007730551f0,0x0000000774a00000)
  to   space 30208K, 0% used [0x0000000770f00000,0x0000000770f00000,0x0000000772c80000)
 ParOldGen       total 104448K, used 22123K [0x00000006c7800000, 0x00000006cde00000, 0x000000076d300000)
  object space 104448K, 21% used [0x00000006c7800000,0x00000006c8d9af68,0x00000006cde00000)
 Metaspace       used 21566K, capacity 21780K, committed 22144K, reserved 1069056K
  class space    used 2488K, capacity 2574K, committed 2688K, reserved 1048576K
}
Event: 556.925 GC heap before
{Heap before GC invocations=8 (full 1):
 PSYoungGen      total 89088K, used 62804K [0x000000076d300000, 0x0000000774a00000, 0x00000007c0000000)
  eden space 61440K, 100% used [0x000000076d300000,0x0000000770f00000,0x0000000770f00000)
  from space 27648K, 4% used [0x0000000772f00000,0x00000007730551f0,0x0000000774a00000)
  to   space 30208K, 0% used [0x0000000770f00000,0x0000000770f00000,0x0000000772c80000)
 ParOldGen       total 104448K, used 22123K [0x00000006c7800000, 0x00000006cde00000, 0x000000076d300000)
  object space 104448K, 21% used [0x00000006c7800000,0x00000006c8d9af68,0x00000006cde00000)
 Metaspace       used 21566K, capacity 21780K, committed 22144K, reserved 1069056K
  class space    used 2488K, capacity 2574K, committed 2688K, reserved 1048576K
Event: 556.935 GC heap after
Heap after GC invocations=8 (full 1):
 PSYoungGen      total 91648K, used 1152K [0x000000076d300000, 0x0000000778300000, 0x00000007c0000000)
  eden space 61440K, 0% used [0x000000076d300000,0x000000076d300000,0x0000000770f00000)
  from space 30208K, 3% used [0x0000000770f00000,0x0000000771020000,0x0000000772c80000)
  to   space 29184K, 0% used [0x0000000776680000,0x0000000776680000,0x0000000778300000)
 ParOldGen       total 104448K, used 22123K [0x00000006c7800000, 0x00000006cde00000, 0x000000076d300000)
  object space 104448K, 21% used [0x00000006c7800000,0x00000006c8d9af68,0x00000006cde00000)
 Metaspace       used 21566K, capacity 21780K, committed 22144K, reserved 1069056K
  class space    used 2488K, capacity 2574K, committed 2688K, reserved 1048576K
}
Event: 557.081 GC heap before
{Heap before GC invocations=9 (full 1):
 PSYoungGen      total 91648K, used 62592K [0x000000076d300000, 0x0000000778300000, 0x00000007c0000000)
  eden space 61440K, 100% used [0x000000076d300000,0x0000000770f00000,0x0000000770f00000)
  from space 30208K, 3% used [0x0000000770f00000,0x0000000771020000,0x0000000772c80000)
  to   space 29184K, 0% used [0x0000000776680000,0x0000000776680000,0x0000000778300000)
 ParOldGen       total 104448K, used 22123K [0x00000006c7800000, 0x00000006cde00000, 0x000000076d300000)
  object space 104448K, 21% used [0x00000006c7800000,0x00000006c8d9af68,0x00000006cde00000)
 Metaspace       used 21566K, capacity 21780K, committed 22144K, reserved 1069056K
  class space    used 2488K, capacity 2574K, committed 2688K, reserved 1048576K
Event: 557.101 GC heap after
Heap after GC invocations=9 (full 1):
 PSYoungGen      total 148992K, used 1216K [0x000000076d300000, 0x0000000778080000, 0x00000007c0000000)
  eden space 122368K, 0% used [0x000000076d300000,0x000000076d300000,0x0000000774a80000)
  from space 26624K, 4% used [0x0000000776680000,0x00000007767b0000,0x0000000778080000)
  to   space 27648K, 0% used [0x0000000774a80000,0x0000000774a80000,0x0000000776580000)
 ParOldGen       total 104448K, used 22163K [0x00000006c7800000, 0x00000006cde00000, 0x000000076d300000)
  object space 104448K, 21% used [0x00000006c7800000,0x00000006c8da4f68,0x00000006cde00000)
 Metaspace       used 21566K, capacity 21780K, committed 22144K, reserved 1069056K
  class space    used 2488K, capacity 2574K, committed 2688K, reserved 1048576K
}

Deoptimization events (10 events):
Event: 556.223 Thread 0x00007f7aa0018800 Uncommon trap: reason=unstable_if action=reinterpret pc=0x00007f7b2d5f9b84 method=sun.nio.ch.SelectorImpl.processDeregisterQueue()V @ 15
Event: 556.223 Thread 0x00007f7aa001f800 Uncommon trap: reason=unstable_if action=reinterpret pc=0x00007f7b2d59a91c method=sun.nio.ch.SelectorImpl.processDeregisterQueue()V @ 15
Event: 556.223 Thread 0x00007f7aa0015000 Uncommon trap: reason=unstable_if action=reinterpret pc=0x00007f7b2d59871c method=java.util.PriorityQueue.peek()Ljava/lang/Object; @ 4
Event: 556.608 Thread 0x00007f7b3c009800 Uncommon trap: reason=bimorphic action=maybe_recompile pc=0x00007f7b2d6cde48 method=org.slf4j.helpers.MessageFormatter.safeObjectAppend(Ljava/lang/StringBuffer;Ljava/lang/Object;)V @ 1
Event: 556.609 Thread 0x00007f7b3c009800 Uncommon trap: reason=unstable_if action=reinterpret pc=0x00007f7b2d7f42d4 method=java.util.regex.Pattern$Curly.match0(Ljava/util/regex/Matcher;IILjava/lang/CharSequence;)Z @ 80
Event: 556.609 Thread 0x00007f7b3c009800 Uncommon trap: reason=bimorphic action=maybe_recompile pc=0x00007f7b2d6cde48 method=org.slf4j.helpers.MessageFormatter.safeObjectAppend(Ljava/lang/StringBuffer;Ljava/lang/Object;)V @ 1
Event: 556.610 Thread 0x00007f7b3c009800 Uncommon trap: reason=bimorphic action=maybe_recompile pc=0x00007f7b2d6cde48 method=org.slf4j.helpers.MessageFormatter.safeObjectAppend(Ljava/lang/StringBuffer;Ljava/lang/Object;)V @ 1
Event: 556.610 Thread 0x00007f7b3c009800 Uncommon trap: reason=bimorphic action=maybe_recompile pc=0x00007f7b2d6cde48 method=org.slf4j.helpers.MessageFormatter.safeObjectAppend(Ljava/lang/StringBuffer;Ljava/lang/Object;)V @ 1
Event: 556.611 Thread 0x00007f7b3c009800 Uncommon trap: reason=bimorphic action=maybe_recompile pc=0x00007f7b2d6cc084 method=org.slf4j.helpers.MessageFormatter.safeObjectAppend(Ljava/lang/StringBuffer;Ljava/lang/Object;)V @ 1
Event: 557.322 Thread 0x00007f7b3c009800 Uncommon trap: reason=unstable_if action=reinterpret pc=0x00007f7b2d8ec4a8 method=net.floodlightcontroller.scl.SCL.calShortestRoute()Ljava/util/Map; @ 935

Internal exceptions (10 events):
Event: 1.228 Thread 0x00007f7b3c009800 Exception <a 'java/lang/ArrayIndexOutOfBoundsException'> (0x000000076d7d69c0) thrown at [/HUDSON/workspace/8-2-build-linux-amd64/jdk8u151/9699/hotspot/src/share/vm/runtime/sharedRuntime.cpp, line 605]
Event: 1.229 Thread 0x00007f7b3c009800 Exception <a 'java/lang/ClassNotFoundException': ch/qos/logback/core/pattern/PatternLayoutEncoderBaseCustomizer> (0x000000076d7e20a0) thrown at [/HUDSON/workspace/8-2-build-linux-amd64/jdk8u151/9699/hotspot/src/share/vm/classfile/systemDictionary.cpp, lin
Event: 1.229 Thread 0x00007f7b3c009800 Exception <a 'java/lang/ArrayIndexOutOfBoundsException'> (0x000000076d7e5258) thrown at [/HUDSON/workspace/8-2-build-linux-amd64/jdk8u151/9699/hotspot/src/share/vm/runtime/sharedRuntime.cpp, line 605]
Event: 1.229 Thread 0x00007f7b3c009800 Exception <a 'java/lang/ArrayIndexOutOfBoundsException'> (0x000000076d7e68b8) thrown at [/HUDSON/workspace/8-2-build-linux-amd64/jdk8u151/9699/hotspot/src/share/vm/runtime/sharedRuntime.cpp, line 605]
Event: 1.230 Thread 0x00007f7b3c009800 Exception <a 'java/lang/ClassNotFoundException': ch/qos/logback/classic/encoder/PatternLayoutEncoderCustomizer> (0x000000076d7f2430) thrown at [/HUDSON/workspace/8-2-build-linux-amd64/jdk8u151/9699/hotspot/src/share/vm/classfile/systemDictionary.cpp, line
Event: 1.230 Thread 0x00007f7b3c009800 Exception <a 'java/lang/ArrayIndexOutOfBoundsException'> (0x000000076d7f52b8) thrown at [/HUDSON/workspace/8-2-build-linux-amd64/jdk8u151/9699/hotspot/src/share/vm/runtime/sharedRuntime.cpp, line 605]
Event: 1.337 Thread 0x00007f7b3c009800 Exception <a 'java/lang/NoSuchFieldError': method resolution failed> (0x000000076db383d0) thrown at [/HUDSON/workspace/8-2-build-linux-amd64/jdk8u151/9699/hotspot/src/share/vm/prims/methodHandles.cpp, line 1146]
Event: 1.338 Thread 0x00007f7b3c009800 Exception <a 'java/lang/NoSuchFieldError': method resolution failed> (0x000000076db45ac0) thrown at [/HUDSON/workspace/8-2-build-linux-amd64/jdk8u151/9699/hotspot/src/share/vm/prims/methodHandles.cpp, line 1146]
Event: 1.600 Thread 0x00007f7b3c009800 Exception <a 'java/lang/NoClassDefFoundError': javassist/ClassPath> (0x000000076ef4cb78) thrown at [/HUDSON/workspace/8-2-build-linux-amd64/jdk8u151/9699/hotspot/src/share/vm/classfile/systemDictionary.cpp, line 199]
Event: 1.722 Thread 0x00007f7b3c009800 Implicit null exception at 0x00007f7b2d2c8546 to 0x00007f7b2d2c878d

Events (10 events):
Event: 557.101 Executing VM operation: ParallelGCFailedAllocation done
Event: 557.153 Thread 0x00007f7b3c009800 DEOPT PACKING pc=0x00007f7b2d873321 sp=0x00007f7b4318ab40
Event: 557.153 Thread 0x00007f7b3c009800 DEOPT UNPACKING pc=0x00007f7b2d047633 sp=0x00007f7b4318a9a8 mode 0
Event: 557.322 Thread 0x00007f7b3c009800 DEOPT PACKING pc=0x00007f7b2d891b21 sp=0x00007f7b4318ace0
Event: 557.322 Thread 0x00007f7b3c009800 DEOPT UNPACKING pc=0x00007f7b2d047633 sp=0x00007f7b4318ab28 mode 0
Event: 557.322 Thread 0x00007f7b3c009800 Uncommon trap: trap_request=0xffffff65 fr.pc=0x00007f7b2d8ec4a8
Event: 557.322 Thread 0x00007f7b3c009800 DEOPT PACKING pc=0x00007f7b2d8ec4a8 sp=0x00007f7b4318adf0
Event: 557.322 Thread 0x00007f7b3c009800 DEOPT UNPACKING pc=0x00007f7b2d005229 sp=0x00007f7b4318adb0 mode 2
Event: 557.454 loading class org/projectfloodlight/openflow/protocol/ver10/OFFlowDeleteVer10$Builder
Event: 557.454 loading class org/projectfloodlight/openflow/protocol/ver10/OFFlowDeleteVer10$Builder done


Dynamic libraries:
00400000-00401000 r-xp 00000000 103:05 9832555                           /usr/lib/jvm/java-8-oracle/jre/bin/java
00600000-00601000 rw-p 00000000 103:05 9832555                           /usr/lib/jvm/java-8-oracle/jre/bin/java
01e92000-01eb3000 rw-p 00000000 00:00 0                                  [heap]
6c7800000-6cde00000 rw-p 00000000 00:00 0 
6cde00000-76d300000 ---p 00000000 00:00 0 
76d300000-778080000 rw-p 00000000 00:00 0 
778080000-7c0000000 ---p 00000000 00:00 0 
7c0000000-7c02a0000 rw-p 00000000 00:00 0 
7c02a0000-800000000 ---p 00000000 00:00 0 
7f7a44000000-7f7a44021000 rw-p 00000000 00:00 0 
7f7a44021000-7f7a48000000 ---p 00000000 00:00 0 
7f7a48000000-7f7a48021000 rw-p 00000000 00:00 0 
7f7a48021000-7f7a4c000000 ---p 00000000 00:00 0 
7f7a4c000000-7f7a4c021000 rw-p 00000000 00:00 0 
7f7a4c021000-7f7a50000000 ---p 00000000 00:00 0 
7f7a50000000-7f7a50021000 rw-p 00000000 00:00 0 
7f7a50021000-7f7a54000000 ---p 00000000 00:00 0 
7f7a54000000-7f7a54021000 rw-p 00000000 00:00 0 
7f7a54021000-7f7a58000000 ---p 00000000 00:00 0 
7f7a58000000-7f7a58021000 rw-p 00000000 00:00 0 
7f7a58021000-7f7a5c000000 ---p 00000000 00:00 0 
7f7a5c000000-7f7a5c021000 rw-p 00000000 00:00 0 
7f7a5c021000-7f7a60000000 ---p 00000000 00:00 0 
7f7a60000000-7f7a60021000 rw-p 00000000 00:00 0 
7f7a60021000-7f7a64000000 ---p 00000000 00:00 0 
7f7a64000000-7f7a64021000 rw-p 00000000 00:00 0 
7f7a64021000-7f7a68000000 ---p 00000000 00:00 0 
7f7a68000000-7f7a68021000 rw-p 00000000 00:00 0 
7f7a68021000-7f7a6c000000 ---p 00000000 00:00 0 
7f7a6c000000-7f7a6c021000 rw-p 00000000 00:00 0 
7f7a6c021000-7f7a70000000 ---p 00000000 00:00 0 
7f7a70000000-7f7a70021000 rw-p 00000000 00:00 0 
7f7a70021000-7f7a74000000 ---p 00000000 00:00 0 
7f7a74000000-7f7a74021000 rw-p 00000000 00:00 0 
7f7a74021000-7f7a78000000 ---p 00000000 00:00 0 
7f7a78000000-7f7a78021000 rw-p 00000000 00:00 0 
7f7a78021000-7f7a7c000000 ---p 00000000 00:00 0 
7f7a7c000000-7f7a7c28e000 rw-p 00000000 00:00 0 
7f7a7c28e000-7f7a80000000 ---p 00000000 00:00 0 
7f7a80000000-7f7a80021000 rw-p 00000000 00:00 0 
7f7a80021000-7f7a84000000 ---p 00000000 00:00 0 
7f7a84000000-7f7a84021000 rw-p 00000000 00:00 0 
7f7a84021000-7f7a88000000 ---p 00000000 00:00 0 
7f7a88000000-7f7a880b2000 rw-p 00000000 00:00 0 
7f7a880b2000-7f7a8c000000 ---p 00000000 00:00 0 
7f7a8c000000-7f7a8c021000 rw-p 00000000 00:00 0 
7f7a8c021000-7f7a90000000 ---p 00000000 00:00 0 
7f7a90000000-7f7a90021000 rw-p 00000000 00:00 0 
7f7a90021000-7f7a94000000 ---p 00000000 00:00 0 
7f7a94000000-7f7a94021000 rw-p 00000000 00:00 0 
7f7a94021000-7f7a98000000 ---p 00000000 00:00 0 
7f7a98000000-7f7a98021000 rw-p 00000000 00:00 0 
7f7a98021000-7f7a9c000000 ---p 00000000 00:00 0 
7f7a9c000000-7f7a9c021000 rw-p 00000000 00:00 0 
7f7a9c021000-7f7aa0000000 ---p 00000000 00:00 0 
7f7aa0000000-7f7aa0025000 rw-p 00000000 00:00 0 
7f7aa0025000-7f7aa4000000 ---p 00000000 00:00 0 
7f7aa4000000-7f7aa4021000 rw-p 00000000 00:00 0 
7f7aa4021000-7f7aa8000000 ---p 00000000 00:00 0 
7f7aa8000000-7f7aa8021000 rw-p 00000000 00:00 0 
7f7aa8021000-7f7aac000000 ---p 00000000 00:00 0 
7f7aac000000-7f7aac021000 rw-p 00000000 00:00 0 
7f7aac021000-7f7ab0000000 ---p 00000000 00:00 0 
7f7ab0000000-7f7ab0021000 rw-p 00000000 00:00 0 
7f7ab0021000-7f7ab4000000 ---p 00000000 00:00 0 
7f7ab4000000-7f7ab4021000 rw-p 00000000 00:00 0 
7f7ab4021000-7f7ab8000000 ---p 00000000 00:00 0 
7f7ab8000000-7f7ab8021000 rw-p 00000000 00:00 0 
7f7ab8021000-7f7abc000000 ---p 00000000 00:00 0 
7f7abc000000-7f7abc021000 rw-p 00000000 00:00 0 
7f7abc021000-7f7ac0000000 ---p 00000000 00:00 0 
7f7ac0000000-7f7ac0021000 rw-p 00000000 00:00 0 
7f7ac0021000-7f7ac4000000 ---p 00000000 00:00 0 
7f7ac4000000-7f7ac4021000 rw-p 00000000 00:00 0 
7f7ac4021000-7f7ac8000000 ---p 00000000 00:00 0 
7f7ac8000000-7f7ac8021000 rw-p 00000000 00:00 0 
7f7ac8021000-7f7acc000000 ---p 00000000 00:00 0 
7f7acc000000-7f7acc021000 rw-p 00000000 00:00 0 
7f7acc021000-7f7ad0000000 ---p 00000000 00:00 0 
7f7ad0fff000-7f7ad4000000 rw-p 00000000 00:00 0 
7f7ad4000000-7f7ad4021000 rw-p 00000000 00:00 0 
7f7ad4021000-7f7ad8000000 ---p 00000000 00:00 0 
7f7ad8000000-7f7ad8021000 rw-p 00000000 00:00 0 
7f7ad8021000-7f7adc000000 ---p 00000000 00:00 0 
7f7adc000000-7f7adcaa9000 rw-p 00000000 00:00 0 
7f7adcaa9000-7f7ae0000000 ---p 00000000 00:00 0 
7f7ae0000000-7f7ae054b000 rw-p 00000000 00:00 0 
7f7ae054b000-7f7ae4000000 ---p 00000000 00:00 0 
7f7ae4000000-7f7ae55e7000 rw-p 00000000 00:00 0 
7f7ae55e7000-7f7ae8000000 ---p 00000000 00:00 0 
7f7ae8000000-7f7ae900e000 rw-p 00000000 00:00 0 
7f7ae900e000-7f7aec000000 ---p 00000000 00:00 0 
7f7aec000000-7f7aec021000 rw-p 00000000 00:00 0 
7f7aec021000-7f7af0000000 ---p 00000000 00:00 0 
7f7af0000000-7f7af0021000 rw-p 00000000 00:00 0 
7f7af0021000-7f7af4000000 ---p 00000000 00:00 0 
7f7af4000000-7f7af4021000 rw-p 00000000 00:00 0 
7f7af4021000-7f7af8000000 ---p 00000000 00:00 0 
7f7af8000000-7f7af8021000 rw-p 00000000 00:00 0 
7f7af8021000-7f7afc000000 ---p 00000000 00:00 0 
7f7afc000000-7f7afc021000 rw-p 00000000 00:00 0 
7f7afc021000-7f7b00000000 ---p 00000000 00:00 0 
7f7b00000000-7f7b00021000 rw-p 00000000 00:00 0 
7f7b00021000-7f7b04000000 ---p 00000000 00:00 0 
7f7b04000000-7f7b04021000 rw-p 00000000 00:00 0 
7f7b04021000-7f7b08000000 ---p 00000000 00:00 0 
7f7b08000000-7f7b08021000 rw-p 00000000 00:00 0 
7f7b08021000-7f7b0c000000 ---p 00000000 00:00 0 
7f7b0c000000-7f7b0c021000 rw-p 00000000 00:00 0 
7f7b0c021000-7f7b10000000 ---p 00000000 00:00 0 
7f7b10000000-7f7b10021000 rw-p 00000000 00:00 0 
7f7b10021000-7f7b14000000 ---p 00000000 00:00 0 
7f7b14000000-7f7b14021000 rw-p 00000000 00:00 0 
7f7b14021000-7f7b18000000 ---p 00000000 00:00 0 
7f7b18310000-7f7b18410000 rw-p 00000000 00:00 0 
7f7b18410000-7f7b18510000 ---p 00000000 00:00 0 
7f7b18510000-7f7b18513000 ---p 00000000 00:00 0 
7f7b18513000-7f7b18611000 rw-p 00000000 00:00 0 
7f7b18611000-7f7b18614000 ---p 00000000 00:00 0 
7f7b18614000-7f7b18712000 rw-p 00000000 00:00 0 
7f7b18712000-7f7b18715000 ---p 00000000 00:00 0 
7f7b18715000-7f7b18813000 rw-p 00000000 00:00 0 
7f7b18813000-7f7b18816000 ---p 00000000 00:00 0 
7f7b18816000-7f7b18914000 rw-p 00000000 00:00 0 
7f7b18914000-7f7b18917000 ---p 00000000 00:00 0 
7f7b18917000-7f7b18a15000 rw-p 00000000 00:00 0 
7f7b18a15000-7f7b18a18000 ---p 00000000 00:00 0 
7f7b18a18000-7f7b18b16000 rw-p 00000000 00:00 0 
7f7b18b16000-7f7b18b19000 ---p 00000000 00:00 0 
7f7b18b19000-7f7b18c17000 rw-p 00000000 00:00 0 
7f7b18c17000-7f7b18c1a000 ---p 00000000 00:00 0 
7f7b18c1a000-7f7b18d18000 rw-p 00000000 00:00 0 
7f7b18d18000-7f7b18d1b000 ---p 00000000 00:00 0 
7f7b18d1b000-7f7b18e19000 rw-p 00000000 00:00 0 
7f7b18e19000-7f7b18e1c000 ---p 00000000 00:00 0 
7f7b18e1c000-7f7b18f1a000 rw-p 00000000 00:00 0 
7f7b18f1a000-7f7b18f1d000 ---p 00000000 00:00 0 
7f7b18f1d000-7f7b1901b000 rw-p 00000000 00:00 0 
7f7b1901b000-7f7b1901e000 ---p 00000000 00:00 0 
7f7b1901e000-7f7b1911c000 rw-p 00000000 00:00 0 
7f7b1911c000-7f7b1911f000 ---p 00000000 00:00 0 
7f7b1911f000-7f7b1921d000 rw-p 00000000 00:00 0 
7f7b1921d000-7f7b19220000 ---p 00000000 00:00 0 
7f7b19220000-7f7b1931e000 rw-p 00000000 00:00 0 
7f7b1931e000-7f7b19321000 ---p 00000000 00:00 0 
7f7b19321000-7f7b1961f000 rw-p 00000000 00:00 0 
7f7b1961f000-7f7b19622000 ---p 00000000 00:00 0 
7f7b19622000-7f7b19720000 rw-p 00000000 00:00 0 
7f7b19720000-7f7b19723000 ---p 00000000 00:00 0 
7f7b19723000-7f7b19821000 rw-p 00000000 00:00 0 
7f7b19821000-7f7b19824000 ---p 00000000 00:00 0 
7f7b19824000-7f7b19922000 rw-p 00000000 00:00 0 
7f7b19922000-7f7b19925000 ---p 00000000 00:00 0 
7f7b19925000-7f7b19a23000 rw-p 00000000 00:00 0 
7f7b19a23000-7f7b19a26000 ---p 00000000 00:00 0 
7f7b19a26000-7f7b19b24000 rw-p 00000000 00:00 0 
7f7b19b24000-7f7b19b27000 ---p 00000000 00:00 0 
7f7b19b27000-7f7b19c25000 rw-p 00000000 00:00 0 
7f7b19c25000-7f7b19c28000 ---p 00000000 00:00 0 
7f7b19c28000-7f7b19d26000 rw-p 00000000 00:00 0 
7f7b19d26000-7f7b19d29000 ---p 00000000 00:00 0 
7f7b19d29000-7f7b19e27000 rw-p 00000000 00:00 0 
7f7b19e27000-7f7b19e2a000 ---p 00000000 00:00 0 
7f7b19e2a000-7f7b19f28000 rw-p 00000000 00:00 0 
7f7b19f28000-7f7b19f2b000 ---p 00000000 00:00 0 
7f7b19f2b000-7f7b1a029000 rw-p 00000000 00:00 0 
7f7b1a029000-7f7b1a02c000 ---p 00000000 00:00 0 
7f7b1a02c000-7f7b1a32a000 rw-p 00000000 00:00 0 
7f7b1a32a000-7f7b1a32d000 ---p 00000000 00:00 0 
7f7b1a32d000-7f7b1a42b000 rw-p 00000000 00:00 0 
7f7b1a42b000-7f7b1a42e000 ---p 00000000 00:00 0 
7f7b1a42e000-7f7b1a52c000 rw-p 00000000 00:00 0 
7f7b1a52c000-7f7b1a52f000 ---p 00000000 00:00 0 
7f7b1a52f000-7f7b1a62d000 rw-p 00000000 00:00 0 
7f7b1a62d000-7f7b1a630000 ---p 00000000 00:00 0 
7f7b1a630000-7f7b1a72e000 rw-p 00000000 00:00 0 
7f7b1a72e000-7f7b1a731000 ---p 00000000 00:00 0 
7f7b1a731000-7f7b1a82f000 rw-p 00000000 00:00 0 
7f7b1a82f000-7f7b1a832000 ---p 00000000 00:00 0 
7f7b1a832000-7f7b1a930000 rw-p 00000000 00:00 0 
7f7b1a930000-7f7b1a933000 ---p 00000000 00:00 0 
7f7b1a933000-7f7b1aa31000 rw-p 00000000 00:00 0 
7f7b1aa31000-7f7b1aa42000 r-xp 00000000 103:05 9832878                   /usr/lib/jvm/java-8-oracle/jre/lib/amd64/libnio.so
7f7b1aa42000-7f7b1ac41000 ---p 00011000 103:05 9832878                   /usr/lib/jvm/java-8-oracle/jre/lib/amd64/libnio.so
7f7b1ac41000-7f7b1ac42000 rw-p 00010000 103:05 9832878                   /usr/lib/jvm/java-8-oracle/jre/lib/amd64/libnio.so
7f7b1ac42000-7f7b1b442000 rw-p 00000000 00:00 0 
7f7b1b4f8000-7f7b1b6f8000 rw-p 00000000 00:00 0 
7f7b1b6f8000-7f7b1b8f8000 rw-p 00000000 00:00 0 
7f7b1b8f8000-7f7b1baf8000 rw-p 00000000 00:00 0 
7f7b1baf8000-7f7b1c000000 r--s 0476c000 103:05 10886353                  /home/saimsalman/Desktop/scl/floodlight/target/floodlight.jar
7f7b1c000000-7f7b1c021000 rw-p 00000000 00:00 0 
7f7b1c021000-7f7b20000000 ---p 00000000 00:00 0 
7f7b200fc000-7f7b200ff000 ---p 00000000 00:00 0 
7f7b200ff000-7f7b20135000 rw-p 00000000 00:00 0 
7f7b20135000-7f7b20138000 ---p 00000000 00:00 0 
7f7b20138000-7f7b2016e000 rw-p 00000000 00:00 0 
7f7b2016e000-7f7b20185000 r-xp 00000000 103:05 9832875                   /usr/lib/jvm/java-8-oracle/jre/lib/amd64/libnet.so
7f7b20185000-7f7b20384000 ---p 00017000 103:05 9832875                   /usr/lib/jvm/java-8-oracle/jre/lib/amd64/libnet.so
7f7b20384000-7f7b20385000 rw-p 00016000 103:05 9832875                   /usr/lib/jvm/java-8-oracle/jre/lib/amd64/libnet.so
7f7b20385000-7f7b20386000 ---p 00000000 00:00 0 
7f7b20386000-7f7b20486000 rw-p 00000000 00:00 0 
7f7b20486000-7f7b20489000 ---p 00000000 00:00 0 
7f7b20489000-7f7b20587000 rw-p 00000000 00:00 0 
7f7b20587000-7f7b2058a000 ---p 00000000 00:00 0 
7f7b2058a000-7f7b20688000 rw-p 00000000 00:00 0 
7f7b20688000-7f7b2068b000 ---p 00000000 00:00 0 
7f7b2068b000-7f7b20789000 rw-p 00000000 00:00 0 
7f7b20789000-7f7b2078c000 ---p 00000000 00:00 0 
7f7b2078c000-7f7b2088a000 rw-p 00000000 00:00 0 
7f7b2088a000-7f7b2088d000 ---p 00000000 00:00 0 
7f7b2088d000-7f7b2098b000 rw-p 00000000 00:00 0 
7f7b2098b000-7f7b2098e000 ---p 00000000 00:00 0 
7f7b2098e000-7f7b20a8c000 rw-p 00000000 00:00 0 
7f7b20a8c000-7f7b2144b000 r--p 00000000 103:05 2104312                   /usr/lib/locale/locale-archive
7f7b2144b000-7f7b2144e000 ---p 00000000 00:00 0 
7f7b2144e000-7f7b2154c000 rw-p 00000000 00:00 0 
7f7b2154c000-7f7b2154f000 ---p 00000000 00:00 0 
7f7b2154f000-7f7b2164d000 rw-p 00000000 00:00 0 
7f7b2164d000-7f7b2164e000 ---p 00000000 00:00 0 
7f7b2164e000-7f7b23269000 rw-p 00000000 00:00 0 
7f7b23269000-7f7b23442000 r--s 03d5a000 103:05 9832661                   /usr/lib/jvm/java-8-oracle/jre/lib/rt.jar
7f7b23442000-7f7b2b846000 rw-p 00000000 00:00 0 
7f7b2b846000-7f7b2b847000 ---p 00000000 00:00 0 
7f7b2b847000-7f7b2b947000 rw-p 00000000 00:00 0 
7f7b2b947000-7f7b2b948000 ---p 00000000 00:00 0 
7f7b2b948000-7f7b2ba48000 rw-p 00000000 00:00 0 
7f7b2ba48000-7f7b2ba49000 ---p 00000000 00:00 0 
7f7b2ba49000-7f7b2bb49000 rw-p 00000000 00:00 0 
7f7b2bb49000-7f7b2bb4a000 ---p 00000000 00:00 0 
7f7b2bb4a000-7f7b2bc4a000 rw-p 00000000 00:00 0 
7f7b2bc4a000-7f7b2bc4b000 ---p 00000000 00:00 0 
7f7b2bc4b000-7f7b2bd4b000 rw-p 00000000 00:00 0 
7f7b2bd4b000-7f7b2bd4c000 ---p 00000000 00:00 0 
7f7b2bd4c000-7f7b2be4c000 rw-p 00000000 00:00 0 
7f7b2be4c000-7f7b2be4d000 ---p 00000000 00:00 0 
7f7b2be4d000-7f7b2bf80000 rw-p 00000000 00:00 0 
7f7b2bf80000-7f7b2c47b000 ---p 00000000 00:00 0 
7f7b2c47b000-7f7b2c4ae000 rw-p 00000000 00:00 0 
7f7b2c4ae000-7f7b2c9a8000 ---p 00000000 00:00 0 
7f7b2c9a8000-7f7b2ca00000 rw-p 00000000 00:00 0 
7f7b2ca00000-7f7b2cc3f000 ---p 00000000 00:00 0 
7f7b2cc3f000-7f7b2cc64000 rw-p 00000000 00:00 0 
7f7b2cc64000-7f7b2d000000 ---p 00000000 00:00 0 
7f7b2d000000-7f7b2d900000 rwxp 00000000 00:00 0 
7f7b2d900000-7f7b3c000000 ---p 00000000 00:00 0 
7f7b3c000000-7f7b3cfa1000 rw-p 00000000 00:00 0 
7f7b3cfa1000-7f7b40000000 ---p 00000000 00:00 0 
7f7b40027000-7f7b400ec000 rw-p 00000000 00:00 0 
7f7b400ec000-7f7b400ed000 ---p 00000000 00:00 0 
7f7b400ed000-7f7b401ed000 rw-p 00000000 00:00 0 
7f7b401ed000-7f7b40208000 r-xp 00000000 103:05 9832871                   /usr/lib/jvm/java-8-oracle/jre/lib/amd64/libzip.so
7f7b40208000-7f7b40408000 ---p 0001b000 103:05 9832871                   /usr/lib/jvm/java-8-oracle/jre/lib/amd64/libzip.so
7f7b40408000-7f7b40409000 rw-p 0001b000 103:05 9832871                   /usr/lib/jvm/java-8-oracle/jre/lib/amd64/libzip.so
7f7b40409000-7f7b40414000 r-xp 00000000 103:05 11276867                  /lib/x86_64-linux-gnu/libnss_files-2.23.so
7f7b40414000-7f7b40613000 ---p 0000b000 103:05 11276867                  /lib/x86_64-linux-gnu/libnss_files-2.23.so
7f7b40613000-7f7b40614000 r--p 0000a000 103:05 11276867                  /lib/x86_64-linux-gnu/libnss_files-2.23.so
7f7b40614000-7f7b40615000 rw-p 0000b000 103:05 11276867                  /lib/x86_64-linux-gnu/libnss_files-2.23.so
7f7b40615000-7f7b4061b000 rw-p 00000000 00:00 0 
7f7b4061b000-7f7b40626000 r-xp 00000000 103:05 11276877                  /lib/x86_64-linux-gnu/libnss_nis-2.23.so
7f7b40626000-7f7b40825000 ---p 0000b000 103:05 11276877                  /lib/x86_64-linux-gnu/libnss_nis-2.23.so
7f7b40825000-7f7b40826000 r--p 0000a000 103:05 11276877                  /lib/x86_64-linux-gnu/libnss_nis-2.23.so
7f7b40826000-7f7b40827000 rw-p 0000b000 103:05 11276877                  /lib/x86_64-linux-gnu/libnss_nis-2.23.so
7f7b40827000-7f7b4083d000 r-xp 00000000 103:05 11276861                  /lib/x86_64-linux-gnu/libnsl-2.23.so
7f7b4083d000-7f7b40a3c000 ---p 00016000 103:05 11276861                  /lib/x86_64-linux-gnu/libnsl-2.23.so
7f7b40a3c000-7f7b40a3d000 r--p 00015000 103:05 11276861                  /lib/x86_64-linux-gnu/libnsl-2.23.so
7f7b40a3d000-7f7b40a3e000 rw-p 00016000 103:05 11276861                  /lib/x86_64-linux-gnu/libnsl-2.23.so
7f7b40a3e000-7f7b40a40000 rw-p 00000000 00:00 0 
7f7b40a40000-7f7b40a48000 r-xp 00000000 103:05 11276863                  /lib/x86_64-linux-gnu/libnss_compat-2.23.so
7f7b40a48000-7f7b40c47000 ---p 00008000 103:05 11276863                  /lib/x86_64-linux-gnu/libnss_compat-2.23.so
7f7b40c47000-7f7b40c48000 r--p 00007000 103:05 11276863                  /lib/x86_64-linux-gnu/libnss_compat-2.23.so
7f7b40c48000-7f7b40c49000 rw-p 00008000 103:05 11276863                  /lib/x86_64-linux-gnu/libnss_compat-2.23.so
7f7b40c49000-7f7b40c74000 r-xp 00000000 103:05 9832865                   /usr/lib/jvm/java-8-oracle/jre/lib/amd64/libjava.so
7f7b40c74000-7f7b40e73000 ---p 0002b000 103:05 9832865                   /usr/lib/jvm/java-8-oracle/jre/lib/amd64/libjava.so
7f7b40e73000-7f7b40e75000 rw-p 0002a000 103:05 9832865                   /usr/lib/jvm/java-8-oracle/jre/lib/amd64/libjava.so
7f7b40e75000-7f7b40e82000 r-xp 00000000 103:05 9832870                   /usr/lib/jvm/java-8-oracle/jre/lib/amd64/libverify.so
7f7b40e82000-7f7b41082000 ---p 0000d000 103:05 9832870                   /usr/lib/jvm/java-8-oracle/jre/lib/amd64/libverify.so
7f7b41082000-7f7b41084000 rw-p 0000d000 103:05 9832870                   /usr/lib/jvm/java-8-oracle/jre/lib/amd64/libverify.so
7f7b41084000-7f7b4108b000 r-xp 00000000 103:05 11276922                  /lib/x86_64-linux-gnu/librt-2.23.so
7f7b4108b000-7f7b4128a000 ---p 00007000 103:05 11276922                  /lib/x86_64-linux-gnu/librt-2.23.so
7f7b4128a000-7f7b4128b000 r--p 00006000 103:05 11276922                  /lib/x86_64-linux-gnu/librt-2.23.so
7f7b4128b000-7f7b4128c000 rw-p 00007000 103:05 11276922                  /lib/x86_64-linux-gnu/librt-2.23.so
7f7b4128c000-7f7b41394000 r-xp 00000000 103:05 11276838                  /lib/x86_64-linux-gnu/libm-2.23.so
7f7b41394000-7f7b41593000 ---p 00108000 103:05 11276838                  /lib/x86_64-linux-gnu/libm-2.23.so
7f7b41593000-7f7b41594000 r--p 00107000 103:05 11276838                  /lib/x86_64-linux-gnu/libm-2.23.so
7f7b41594000-7f7b41595000 rw-p 00108000 103:05 11276838                  /lib/x86_64-linux-gnu/libm-2.23.so
7f7b41595000-7f7b42268000 r-xp 00000000 103:05 9832848                   /usr/lib/jvm/java-8-oracle/jre/lib/amd64/server/libjvm.so
7f7b42268000-7f7b42467000 ---p 00cd3000 103:05 9832848                   /usr/lib/jvm/java-8-oracle/jre/lib/amd64/server/libjvm.so
7f7b42467000-7f7b42541000 rw-p 00cd2000 103:05 9832848                   /usr/lib/jvm/java-8-oracle/jre/lib/amd64/server/libjvm.so
7f7b42541000-7f7b4258c000 rw-p 00000000 00:00 0 
7f7b4258c000-7f7b4274c000 r-xp 00000000 103:05 11276768                  /lib/x86_64-linux-gnu/libc-2.23.so
7f7b4274c000-7f7b4294c000 ---p 001c0000 103:05 11276768                  /lib/x86_64-linux-gnu/libc-2.23.so
7f7b4294c000-7f7b42950000 r--p 001c0000 103:05 11276768                  /lib/x86_64-linux-gnu/libc-2.23.so
7f7b42950000-7f7b42952000 rw-p 001c4000 103:05 11276768                  /lib/x86_64-linux-gnu/libc-2.23.so
7f7b42952000-7f7b42956000 rw-p 00000000 00:00 0 
7f7b42956000-7f7b42959000 r-xp 00000000 103:05 11276792                  /lib/x86_64-linux-gnu/libdl-2.23.so
7f7b42959000-7f7b42b58000 ---p 00003000 103:05 11276792                  /lib/x86_64-linux-gnu/libdl-2.23.so
7f7b42b58000-7f7b42b59000 r--p 00002000 103:05 11276792                  /lib/x86_64-linux-gnu/libdl-2.23.so
7f7b42b59000-7f7b42b5a000 rw-p 00003000 103:05 11276792                  /lib/x86_64-linux-gnu/libdl-2.23.so
7f7b42b5a000-7f7b42b70000 r-xp 00000000 103:05 9832843                   /usr/lib/jvm/java-8-oracle/jre/lib/amd64/jli/libjli.so
7f7b42b70000-7f7b42d6f000 ---p 00016000 103:05 9832843                   /usr/lib/jvm/java-8-oracle/jre/lib/amd64/jli/libjli.so
7f7b42d6f000-7f7b42d70000 rw-p 00015000 103:05 9832843                   /usr/lib/jvm/java-8-oracle/jre/lib/amd64/jli/libjli.so
7f7b42d70000-7f7b42d88000 r-xp 00000000 103:05 11276914                  /lib/x86_64-linux-gnu/libpthread-2.23.so
7f7b42d88000-7f7b42f87000 ---p 00018000 103:05 11276914                  /lib/x86_64-linux-gnu/libpthread-2.23.so
7f7b42f87000-7f7b42f88000 r--p 00017000 103:05 11276914                  /lib/x86_64-linux-gnu/libpthread-2.23.so
7f7b42f88000-7f7b42f89000 rw-p 00018000 103:05 11276914                  /lib/x86_64-linux-gnu/libpthread-2.23.so
7f7b42f89000-7f7b42f8d000 rw-p 00000000 00:00 0 
7f7b42f8d000-7f7b42fb3000 r-xp 00000000 103:05 11276740                  /lib/x86_64-linux-gnu/ld-2.23.so
7f7b42fe3000-7f7b4308c000 rw-p 00000000 00:00 0 
7f7b4308c000-7f7b4308f000 ---p 00000000 00:00 0 
7f7b4308f000-7f7b43191000 rw-p 00000000 00:00 0 
7f7b431a0000-7f7b431a5000 r--s 0009a000 103:05 9832718                   /usr/lib/jvm/java-8-oracle/jre/lib/jsse.jar
7f7b431a5000-7f7b431a6000 r--p 00000000 00:00 0 
7f7b431a6000-7f7b431ae000 rw-s 00000000 103:05 9969323                   /tmp/hsperfdata_root/2591
7f7b431ae000-7f7b431af000 rw-p 00000000 00:00 0 
7f7b431af000-7f7b431b0000 r--p 00000000 00:00 0 
7f7b431b0000-7f7b431b2000 rw-p 00000000 00:00 0 
7f7b431b2000-7f7b431b3000 r--p 00025000 103:05 11276740                  /lib/x86_64-linux-gnu/ld-2.23.so
7f7b431b3000-7f7b431b4000 rw-p 00026000 103:05 11276740                  /lib/x86_64-linux-gnu/ld-2.23.so
7f7b431b4000-7f7b431b5000 rw-p 00000000 00:00 0 
7ffe8994e000-7ffe8996f000 rw-p 00000000 00:00 0                          [stack]
7ffe899ba000-7ffe899bc000 r--p 00000000 00:00 0                          [vvar]
7ffe899bc000-7ffe899be000 r-xp 00000000 00:00 0                          [vdso]
ffffffffff600000-ffffffffff601000 r-xp 00000000 00:00 0                  [vsyscall]

VM Arguments:
java_command: target/floodlight.jar
java_class_path (initial): target/floodlight.jar
Launcher Type: SUN_STANDARD

Environment Variables:
PATH=/usr/local/sbin:/usr/local/bin:/usr/sbin:/usr/bin:/sbin:/bin:/snap/bin
USERNAME=root
SHELL=/bin/bash
DISPLAY=:0

Signal Handlers:
SIGSEGV: [libjvm.so+0xacbe10], sa_mask[0]=11111111011111111101111111111110, sa_flags=SA_RESTART|SA_SIGINFO
SIGBUS: [libjvm.so+0xacbe10], sa_mask[0]=11111111011111111101111111111110, sa_flags=SA_RESTART|SA_SIGINFO
SIGFPE: [libjvm.so+0x924f90], sa_mask[0]=11111111011111111101111111111110, sa_flags=SA_RESTART|SA_SIGINFO
SIGPIPE: [libjvm.so+0x924f90], sa_mask[0]=11111111011111111101111111111110, sa_flags=SA_RESTART|SA_SIGINFO
SIGXFSZ: [libjvm.so+0x924f90], sa_mask[0]=11111111011111111101111111111110, sa_flags=SA_RESTART|SA_SIGINFO
SIGILL: [libjvm.so+0x924f90], sa_mask[0]=11111111011111111101111111111110, sa_flags=SA_RESTART|SA_SIGINFO
SIGUSR1: SIG_DFL, sa_mask[0]=00000000000000000000000000000000, sa_flags=none
SIGUSR2: [libjvm.so+0x9267d0], sa_mask[0]=00000000000000000000000000000000, sa_flags=SA_RESTART|SA_SIGINFO
SIGHUP: [libjvm.so+0x927bd0], sa_mask[0]=11111111011111111101111111111110, sa_flags=SA_RESTART|SA_SIGINFO
SIGINT: [libjvm.so+0x927bd0], sa_mask[0]=11111111011111111101111111111110, sa_flags=SA_RESTART|SA_SIGINFO
SIGTERM: [libjvm.so+0x927bd0], sa_mask[0]=11111111011111111101111111111110, sa_flags=SA_RESTART|SA_SIGINFO
SIGQUIT: [libjvm.so+0x927bd0], sa_mask[0]=11111111011111111101111111111110, sa_flags=SA_RESTART|SA_SIGINFO


---------------  S Y S T E M  ---------------

OS:DISTRIB_ID=Ubuntu
DISTRIB_RELEASE=16.04
DISTRIB_CODENAME=xenial
DISTRIB_DESCRIPTION="Ubuntu 16.04.3 LTS"

uname:Linux 4.10.0-38-generic #42~16.04.1-Ubuntu SMP Tue Oct 10 16:32:20 UTC 2017 x86_64
libc:glibc 2.23 NPTL 2.23 
rlimit: STACK 8192k, CORE 0k, NPROC 62200, NOFILE 1048576, AS infinity
load average:10.10 5.24 3.45

/proc/meminfo:
MemTotal:       16278368 kB
MemFree:         3041056 kB
MemAvailable:    4157964 kB
Buffers:           76932 kB
Cached:          1676372 kB
SwapCached:        62688 kB
Active:          4678620 kB
Inactive:        1756036 kB
Active(anon):    3983224 kB
Inactive(anon):  1120776 kB
Active(file):     695396 kB
Inactive(file):   635260 kB
Unevictable:     6254740 kB
Mlocked:         6254356 kB
SwapTotal:      23520252 kB
SwapFree:       21652896 kB
Dirty:             12448 kB
Writeback:             0 kB
AnonPages:      10677748 kB
Mapped:           396952 kB
Shmem:            414480 kB
Slab:             286708 kB
SReclaimable:      88016 kB
SUnreclaim:       198692 kB
KernelStack:       34464 kB
PageTables:        98960 kB
NFS_Unstable:          0 kB
Bounce:                0 kB
WritebackTmp:          0 kB
CommitLimit:    31659436 kB
Committed_AS:   18455640 kB
VmallocTotal:   34359738367 kB
VmallocUsed:           0 kB
VmallocChunk:          0 kB
HardwareCorrupted:     0 kB
AnonHugePages:   4517888 kB
ShmemHugePages:        0 kB
ShmemPmdMapped:        0 kB
CmaTotal:              0 kB
CmaFree:               0 kB
HugePages_Total:       0
HugePages_Free:        0
HugePages_Rsvd:        0
HugePages_Surp:        0
Hugepagesize:       2048 kB
DirectMap4k:      528828 kB
DirectMap2M:    16097280 kB
DirectMap1G:           0 kB


CPU:total 8 (initial active 8) (4 cores per cpu, 2 threads per core) family 6 model 158 stepping 9, cmov, cx8, fxsr, mmx, sse, sse2, sse3, ssse3, sse4.1, sse4.2, popcnt, avx, avx2, aes, clmul, erms, 3dnowpref, lzcnt, ht, tsc, tscinvbit, bmi1, bmi2, adx

/proc/cpuinfo:
processor	: 0
vendor_id	: GenuineIntel
cpu family	: 6
model		: 158
model name	: Intel(R) Core(TM) i7-7700HQ CPU @ 2.80GHz
stepping	: 9
microcode	: 0x5e
cpu MHz		: 3399.853
cache size	: 6144 KB
physical id	: 0
siblings	: 8
core id		: 0
cpu cores	: 4
apicid		: 0
initial apicid	: 0
fpu		: yes
fpu_exception	: yes
cpuid level	: 22
wp		: yes
flags		: fpu vme de pse tsc msr pae mce cx8 apic sep mtrr pge mca cmov pat pse36 clflush dts acpi mmx fxsr sse sse2 ss ht tm pbe syscall nx pdpe1gb rdtscp lm constant_tsc art arch_perfmon pebs bts rep_good nopl xtopology nonstop_tsc aperfmperf tsc_known_freq pni pclmulqdq dtes64 monitor ds_cpl vmx est tm2 ssse3 sdbg fma cx16 xtpr pdcm pcid sse4_1 sse4_2 x2apic movbe popcnt tsc_deadline_timer aes xsave avx f16c rdrand lahf_lm abm 3dnowprefetch epb intel_pt tpr_shadow vnmi flexpriority ept vpid fsgsbase tsc_adjust bmi1 avx2 smep bmi2 erms invpcid mpx rdseed adx smap clflushopt xsaveopt xsavec xgetbv1 xsaves dtherm ida arat pln pts hwp hwp_notify hwp_act_window hwp_epp
bugs		:
bogomips	: 5616.00
clflush size	: 64
cache_alignment	: 64
address sizes	: 39 bits physical, 48 bits virtual
power management:

processor	: 1
vendor_id	: GenuineIntel
cpu family	: 6
model		: 158
model name	: Intel(R) Core(TM) i7-7700HQ CPU @ 2.80GHz
stepping	: 9
microcode	: 0x5e
cpu MHz		: 3399.853
cache size	: 6144 KB
physical id	: 0
siblings	: 8
core id		: 1
cpu cores	: 4
apicid		: 2
initial apicid	: 2
fpu		: yes
fpu_exception	: yes
cpuid level	: 22
wp		: yes
flags		: fpu vme de pse tsc msr pae mce cx8 apic sep mtrr pge mca cmov pat pse36 clflush dts acpi mmx fxsr sse sse2 ss ht tm pbe syscall nx pdpe1gb rdtscp lm constant_tsc art arch_perfmon pebs bts rep_good nopl xtopology nonstop_tsc aperfmperf tsc_known_freq pni pclmulqdq dtes64 monitor ds_cpl vmx est tm2 ssse3 sdbg fma cx16 xtpr pdcm pcid sse4_1 sse4_2 x2apic movbe popcnt tsc_deadline_timer aes xsave avx f16c rdrand lahf_lm abm 3dnowprefetch epb intel_pt tpr_shadow vnmi flexpriority ept vpid fsgsbase tsc_adjust bmi1 avx2 smep bmi2 erms invpcid mpx rdseed adx smap clflushopt xsaveopt xsavec xgetbv1 xsaves dtherm ida arat pln pts hwp hwp_notify hwp_act_window hwp_epp
bugs		:
bogomips	: 5616.00
clflush size	: 64
cache_alignment	: 64
address sizes	: 39 bits physical, 48 bits virtual
power management:

processor	: 2
vendor_id	: GenuineIntel
cpu family	: 6
model		: 158
model name	: Intel(R) Core(TM) i7-7700HQ CPU @ 2.80GHz
stepping	: 9
microcode	: 0x5e
cpu MHz		: 3399.853
cache size	: 6144 KB
physical id	: 0
siblings	: 8
core id		: 2
cpu cores	: 4
apicid		: 4
initial apicid	: 4
fpu		: yes
fpu_exception	: yes
cpuid level	: 22
wp		: yes
flags		: fpu vme de pse tsc msr pae mce cx8 apic sep mtrr pge mca cmov pat pse36 clflush dts acpi mmx fxsr sse sse2 ss ht tm pbe syscall nx pdpe1gb rdtscp lm constant_tsc art arch_perfmon pebs bts rep_good nopl xtopology nonstop_tsc aperfmperf tsc_known_freq pni pclmulqdq dtes64 monitor ds_cpl vmx est tm2 ssse3 sdbg fma cx16 xtpr pdcm pcid sse4_1 sse4_2 x2apic movbe popcnt tsc_deadline_timer aes xsave avx f16c rdrand lahf_lm abm 3dnowprefetch epb intel_pt tpr_shadow vnmi flexpriority ept vpid fsgsbase tsc_adjust bmi1 avx2 smep bmi2 erms invpcid mpx rdseed adx smap clflushopt xsaveopt xsavec xgetbv1 xsaves dtherm ida arat pln pts hwp hwp_notify hwp_act_window hwp_epp
bugs		:
bogomips	: 5616.00
clflush size	: 64
cache_alignment	: 64
address sizes	: 39 bits physical, 48 bits virtual
power management:

processor	: 3
vendor_id	: GenuineIntel
cpu family	: 6
model		: 158
model name	: Intel(R) Core(TM) i7-7700HQ CPU @ 2.80GHz
stepping	: 9
microcode	: 0x5e
cpu MHz		: 3399.853
cache size	: 6144 KB
physical id	: 0
siblings	: 8
core id		: 3
cpu cores	: 4
apicid		: 6
initial apicid	: 6
fpu		: yes
fpu_exception	: yes
cpuid level	: 22
wp		: yes
flags		: fpu vme de pse tsc msr pae mce cx8 apic sep mtrr pge mca cmov pat pse36 clflush dts acpi mmx fxsr sse sse2 ss ht tm pbe syscall nx pdpe1gb rdtscp lm constant_tsc art arch_perfmon pebs bts rep_good nopl xtopology nonstop_tsc aperfmperf tsc_known_freq pni pclmulqdq dtes64 monitor ds_cpl vmx est tm2 ssse3 sdbg fma cx16 xtpr pdcm pcid sse4_1 sse4_2 x2apic movbe popcnt tsc_deadline_timer aes xsave avx f16c rdrand lahf_lm abm 3dnowprefetch epb intel_pt tpr_shadow vnmi flexpriority ept vpid fsgsbase tsc_adjust bmi1 avx2 smep bmi2 erms invpcid mpx rdseed adx smap clflushopt xsaveopt xsavec xgetbv1 xsaves dtherm ida arat pln pts hwp hwp_notify hwp_act_window hwp_epp
bugs		:
bogomips	: 5616.00
clflush size	: 64
cache_alignment	: 64
address sizes	: 39 bits physical, 48 bits virtual
power management:

processor	: 4
vendor_id	: GenuineIntel
cpu family	: 6
model		: 158
model name	: Intel(R) Core(TM) i7-7700HQ CPU @ 2.80GHz
stepping	: 9
microcode	: 0x5e
cpu MHz		: 3399.853
cache size	: 6144 KB
physical id	: 0
siblings	: 8
core id		: 0
cpu cores	: 4
apicid		: 1
initial apicid	: 1
fpu		: yes
fpu_exception	: yes
cpuid level	: 22
wp		: yes
flags		: fpu vme de pse tsc msr pae mce cx8 apic sep mtrr pge mca cmov pat pse36 clflush dts acpi mmx fxsr sse sse2 ss ht tm pbe syscall nx pdpe1gb rdtscp lm constant_tsc art arch_perfmon pebs bts rep_good nopl xtopology nonstop_tsc aperfmperf tsc_known_freq pni pclmulqdq dtes64 monitor ds_cpl vmx est tm2 ssse3 sdbg fma cx16 xtpr pdcm pcid sse4_1 sse4_2 x2apic movbe popcnt tsc_deadline_timer aes xsave avx f16c rdrand lahf_lm abm 3dnowprefetch epb intel_pt tpr_shadow vnmi flexpriority ept vpid fsgsbase tsc_adjust bmi1 avx2 smep bmi2 erms invpcid mpx rdseed adx smap clflushopt xsaveopt xsavec xgetbv1 xsaves dtherm ida arat pln pts hwp hwp_notify hwp_act_window hwp_epp
bugs		:
bogomips	: 5616.00
clflush size	: 64
cache_alignment	: 64
address sizes	: 39 bits physical, 48 bits virtual
power management:

processor	: 5
vendor_id	: GenuineIntel
cpu family	: 6
model		: 158
model name	: Intel(R) Core(TM) i7-7700HQ CPU @ 2.80GHz
stepping	: 9
microcode	: 0x5e
cpu MHz		: 3399.853
cache size	: 6144 KB
physical id	: 0
siblings	: 8
core id		: 1
cpu cores	: 4
apicid		: 3
initial apicid	: 3
fpu		: yes
fpu_exception	: yes
cpuid level	: 22
wp		: yes
flags		: fpu vme de pse tsc msr pae mce cx8 apic sep mtrr pge mca cmov pat pse36 clflush dts acpi mmx fxsr sse sse2 ss ht tm pbe syscall nx pdpe1gb rdtscp lm constant_tsc art arch_perfmon pebs bts rep_good nopl xtopology nonstop_tsc aperfmperf tsc_known_freq pni pclmulqdq dtes64 monitor ds_cpl vmx est tm2 ssse3 sdbg fma cx16 xtpr pdcm pcid sse4_1 sse4_2 x2apic movbe popcnt tsc_deadline_timer aes xsave avx f16c rdrand lahf_lm abm 3dnowprefetch epb intel_pt tpr_shadow vnmi flexpriority ept vpid fsgsbase tsc_adjust bmi1 avx2 smep bmi2 erms invpcid mpx rdseed adx smap clflushopt xsaveopt xsavec xgetbv1 xsaves dtherm ida arat pln pts hwp hwp_notify hwp_act_window hwp_epp
bugs		:
bogomips	: 5616.00
clflush size	: 64
cache_alignment	: 64
address sizes	: 39 bits physical, 48 bits virtual
power management:

processor	: 6
vendor_id	: GenuineIntel
cpu family	: 6
model		: 158
model name	: Intel(R) Core(TM) i7-7700HQ CPU @ 2.80GHz
stepping	: 9
microcode	: 0x5e
cpu MHz		: 3399.853
cache size	: 6144 KB
physical id	: 0
siblings	: 8
core id		: 2
cpu cores	: 4
apicid		: 5
initial apicid	: 5
fpu		: yes
fpu_exception	: yes
cpuid level	: 22
wp		: yes
flags		: fpu vme de pse tsc msr pae mce cx8 apic sep mtrr pge mca cmov pat pse36 clflush dts acpi mmx fxsr sse sse2 ss ht tm pbe syscall nx pdpe1gb rdtscp lm constant_tsc art arch_perfmon pebs bts rep_good nopl xtopology nonstop_tsc aperfmperf tsc_known_freq pni pclmulqdq dtes64 monitor ds_cpl vmx est tm2 ssse3 sdbg fma cx16 xtpr pdcm pcid sse4_1 sse4_2 x2apic movbe popcnt tsc_deadline_timer aes xsave avx f16c rdrand lahf_lm abm 3dnowprefetch epb intel_pt tpr_shadow vnmi flexpriority ept vpid fsgsbase tsc_adjust bmi1 avx2 smep bmi2 erms invpcid mpx rdseed adx smap clflushopt xsaveopt xsavec xgetbv1 xsaves dtherm ida arat pln pts hwp hwp_notify hwp_act_window hwp_epp
bugs		:
bogomips	: 5616.00
clflush size	: 64
cache_alignment	: 64
address sizes	: 39 bits physical, 48 bits virtual
power management:

processor	: 7
vendor_id	: GenuineIntel
cpu family	: 6
model		: 158
model name	: Intel(R) Core(TM) i7-7700HQ CPU @ 2.80GHz
stepping	: 9
microcode	: 0x5e
cpu MHz		: 3399.853
cache size	: 6144 KB
physical id	: 0
siblings	: 8
core id		: 3
cpu cores	: 4
apicid		: 7
initial apicid	: 7
fpu		: yes
fpu_exception	: yes
cpuid level	: 22
wp		: yes
flags		: fpu vme de pse tsc msr pae mce cx8 apic sep mtrr pge mca cmov pat pse36 clflush dts acpi mmx fxsr sse sse2 ss ht tm pbe syscall nx pdpe1gb rdtscp lm constant_tsc art arch_perfmon pebs bts rep_good nopl xtopology nonstop_tsc aperfmperf tsc_known_freq pni pclmulqdq dtes64 monitor ds_cpl vmx est tm2 ssse3 sdbg fma cx16 xtpr pdcm pcid sse4_1 sse4_2 x2apic movbe popcnt tsc_deadline_timer aes xsave avx f16c rdrand lahf_lm abm 3dnowprefetch epb intel_pt tpr_shadow vnmi flexpriority ept vpid fsgsbase tsc_adjust bmi1 avx2 smep bmi2 erms invpcid mpx rdseed adx smap clflushopt xsaveopt xsavec xgetbv1 xsaves dtherm ida arat pln pts hwp hwp_notify hwp_act_window hwp_epp
bugs		:
bogomips	: 5616.00
clflush size	: 64
cache_alignment	: 64
address sizes	: 39 bits physical, 48 bits virtual
power management:



Memory: 4k page, physical 16278368k(3041056k free), swap 23520252k(21652896k free)

vm_info: Java HotSpot(TM) 64-Bit Server VM (25.151-b12) for linux-amd64 JRE (1.8.0_151-b12), built on Sep  5 2017 19:20:58 by "java_re" with gcc 4.3.0 20080428 (Red Hat 4.3.0-8)

time: Sat Nov 11 23:09:05 2017
elapsed time: 557 seconds (0d 0h 9m 17s)

