#
# A fatal error has been detected by the Java Runtime Environment:
#
#  SIGBUS (0x7) at pc=0x00007fa84338a522, pid=24794, tid=0x00007fa7a3afc700
#
# JRE version: Java(TM) SE Runtime Environment (8.0_151-b12) (build 1.8.0_151-b12)
# Java VM: Java HotSpot(TM) 64-Bit Server VM (25.151-b12 mixed mode linux-amd64 compressed oops)
# Problematic frame:
# C  [libzip.so+0x12522]  newEntry+0x62
#
# Failed to write core dump. Core dumps have been disabled. To enable core dumping, try "ulimit -c unlimited" before starting Java again
#
# If you would like to submit a bug report, please visit:
#   http://bugreport.java.com/bugreport/crash.jsp
# The crash happened outside the Java Virtual Machine in native code.
# See problematic frame for where to report the bug.
#

---------------  T H R E A D  ---------------

Current thread (0x00007fa7a8008000):  JavaThread "nioEventLoopGroup-3-4" [_thread_in_native, id=25333, stack(0x00007fa7a39fc000,0x00007fa7a3afd000)]

siginfo: si_signo: 7 (SIGBUS), si_code: 2 (BUS_ADRERR), si_addr: 0x00007fa8029b42bd

Registers:
RAX=0x00007fa758000bb0, RBX=0x00007fa844282880, RCX=0x00007fa758000020, RDX=0x00007fa758000bb0
RSP=0x00007fa7a3af9220, RBP=0x00007fa7a3af9270, RSI=0x0000000040010544, RDI=0x0000000000000010
R8 =0x00007fa7580000c8, R9 =0x00007fa7a3af92f0, R10=0x00007fa834528958, R11=0x000000076e4cace8
R12=0x00007fa8029b42a0, R13=0x00007fa758000bb0, R14=0x000000005582cf2a, R15=0x00007fa8442347f0
RIP=0x00007fa84338a522, EFLAGS=0x0000000000010206, CSGSFS=0x002b000000000033, ERR=0x0000000000000004
  TRAPNO=0x000000000000000e

Top of Stack: (sp=0x00007fa7a3af9220)
0x00007fa7a3af9220:   00007fa7a3af9960 00007fa700000000
0x00007fa7a3af9230:   00000007c00007a8 00007fa8490d7d0e
0x00007fa7a3af9240:   00007fa758000bb0 00007fa844282880
0x00007fa7a3af9250:   00007fa78c001ae0 00007fa8442347f0
0x00007fa7a3af9260:   000000005582cf2a 0000000000000037
0x00007fa7a3af9270:   00007fa7a3af92d0 00007fa84338ac7f
0x00007fa7a3af9280:   00007fa7a8008000 01007fa829ecda40
0x00007fa7a3af9290:   00007fa7a3af92f0 00007fa7a3af9328
0x00007fa7a3af92a0:   00007fa7a3af9326 00007fa7a3af92f0
0x00007fa7a3af92b0:   0000000000000037 00007fa7a80081f8
0x00007fa7a3af92c0:   00007fa7a3af9748 0000000000000001
0x00007fa7a3af92d0:   00007fa7a3af9730 00007fa84337bec0
0x00007fa7a3af92e0:   00007fa829ecb598 00007fa8442347f0
0x00007fa7a3af92f0:   797474656e2f6f69 6c656e6e6168632f
0x00007fa7a3af9300:   636172747362412f 6c656e6e61684374
0x00007fa7a3af9310:   6361727473624124 24656661736e5574
0x00007fa7a3af9320:   007373616c632e37 00007fa7a8008000
0x00007fa7a3af9330:   00000024a3af9390 00007fa7a8008610
0x00007fa7a3af9340:   00007fa7a3afa4e8 00007fa7a3afa4ec
0x00007fa7a3af9350:   00007fa7a3afa4e0 00007fa7a3afa4e4
0x00007fa7a3af9360:   00007fa7a3afa4d8 00007fa7a3afa4dc
0x00007fa7a3af9370:   00007fa7a3afa4d0 00007fa7a3afa4d4
0x00007fa7a3af9380:   00007fa7a3afa090 00007fa83484c210
0x00007fa7a3af9390:   00007fa7a3afa500 00007fa7a3afa500
0x00007fa7a3af93a0:   00007fa7a3afa4b8 00007fa7a3afa4bc
0x00007fa7a3af93b0:   00007fa7a3afa4b0 00007fa7a3afa4b4
0x00007fa7a3af93c0:   00007fa7a3afa4a8 00007fa7a3afa4ac
0x00007fa7a3af93d0:   00007fa7a3afa4a0 00007fa7a3afa4a4
0x00007fa7a3af93e0:   00007fa7a3afa498 00007fa7a3afa49c
0x00007fa7a3af93f0:   00007fa7a3afa490 00007fa7a3afa494
0x00007fa7a3af9400:   00007fa7a3afa488 00007fa7a3afa48c
0x00007fa7a3af9410:   00007fa7a3afa480 00007fa7a3afa484 

Instructions: (pc=0x00007fa84338a522)
0x00007fa84338a502:   00 48 c7 40 28 00 00 00 00 41 80 7f 30 00 0f 84
0x00007fa84338a512:   8a 02 00 00 4c 8b 63 08 4d 2b 67 28 4d 03 67 18
0x00007fa84338a522:   41 0f b6 5c 24 1d 41 0f b6 44 24 1c c1 e3 08 09
0x00007fa84338a532:   c3 41 0f b6 44 24 1e 88 45 bd 41 0f b6 54 24 20 

Register to memory mapping:

RAX=0x00007fa758000bb0 is an unknown value
RBX=0x00007fa844282880 is an unknown value
RCX=0x00007fa758000020 is an unknown value
RDX=0x00007fa758000bb0 is an unknown value
RSP=0x00007fa7a3af9220 is pointing into the stack for thread: 0x00007fa7a8008000
RBP=0x00007fa7a3af9270 is pointing into the stack for thread: 0x00007fa7a8008000
RSI=0x0000000040010544 is an unknown value
RDI=0x0000000000000010 is an unknown value
R8 =0x00007fa7580000c8 is an unknown value
R9 =0x00007fa7a3af92f0 is pointing into the stack for thread: 0x00007fa7a8008000
R10=0x00007fa834528958 is at entry_point+88 in (nmethod*)0x00007fa834528790
R11=0x000000076e4cace8 is an oop
