#
# A fatal error has been detected by the Java Runtime Environment:
#
#  SIGBUS (0x7) at pc=0x00007f63f7be4522, pid=4238, tid=0x00007f63cc5f3700
#
# JRE version: Java(TM) SE Runtime Environment (8.0_151-b12) (build 1.8.0_151-b12)
# Java VM: Java HotSpot(TM) 64-Bit Server VM (25.151-b12 mixed mode linux-amd64 compressed oops)
# Problematic frame:
# C  [libzip.so+0x12522]  newEntry+0x62
#
# Failed to write core dump. Core dumps have been disabled. To enable core dumping, try "ulimit -c unlimited" before starting Java again
#
# If you would like to submit a bug report, please visit:
#   http://bugreport.java.com/bugreport/crash.jsp
# The crash happened outside the Java Virtual Machine in native code.
# See problematic frame for where to report the bug.
#

---------------  T H R E A D  ---------------

Current thread (0x00007f635801e000):  JavaThread "nioEventLoopGroup-3-13" [_thread_in_native, id=4822, stack(0x00007f63cc4f3000,0x00007f63cc5f4000)]

siginfo: si_signo: 7 (SIGBUS), si_code: 2 (BUS_ADRERR), si_addr: 0x00007f63cf2bc38f

Registers:
RAX=0x00007f63140018b0, RBX=0x00007f63f8282a60, RCX=0x00007f6314000020, RDX=0x00007f63140018b0
RSP=0x00007f63cc5eff20, RBP=0x00007f63cc5eff70, RSI=0x0000000000000814, RDI=0x0000000000000060
R8 =0x00007f6314000088, R9 =0x00007f63cc5efff0, R10=0x00007f63e8d63558, R11=0x0000000000000037
R12=0x00007f63cf2bc372, R13=0x00007f63140018b0, R14=0x000000005582cf2a, R15=0x00007f63f82342d0
RIP=0x00007f63f7be4522, EFLAGS=0x0000000000010206, CSGSFS=0x002b000000000033, ERR=0x0000000000000004
  TRAPNO=0x000000000000000e

Top of Stack: (sp=0x00007f63cc5eff20)
0x00007f63cc5eff20:   0000000000000948 00007f6300000000
0x00007f63cc5eff30:   00000007c00007a8 00007f63fd9a4d0e
0x00007f63cc5eff40:   00007f63140018b0 00007f63f8282a60
0x00007f63cc5eff50:   00007f6360000ff0 00007f63f82342d0
0x00007f63cc5eff60:   000000005582cf2a 0000000000000037
0x00007f63cc5eff70:   00007f63cc5effd0 00007f63f7be4c7f
0x00007f63cc5eff80:   00007f635801e000 01007f635801ec00
0x00007f63cc5eff90:   00007f63cc5efff0 00007f63cc5f0028
0x00007f63cc5effa0:   00007f63cc5f0026 00007f63cc5efff0
0x00007f63cc5effb0:   0000000000000037 00007f635801e1f8
0x00007f63cc5effc0:   00007f63cc5f0448 0000000000000001
0x00007f63cc5effd0:   00007f63cc5f0430 00007f63f7bd5ec0
0x00007f63cc5effe0:   00007f63cec42f78 00007f63f82342d0
0x00007f63cc5efff0:   797474656e2f6f69 6c656e6e6168632f
0x00007f63cc5f0000:   636172747362412f 6c656e6e61684374
0x00007f63cc5f0010:   6361727473624124 24656661736e5574
0x00007f63cc5f0020:   007373616c632e37 00007f635801e000
0x00007f63cc5f0030:   00000007c017ac40 00000007c00c03b8
0x00007f63cc5f0040:   00007f63cc5f1700 00000001c00c03b8
0x00007f63cc5f0050:   00007f63cec42f78 00007f635801e000
0x00007f63cc5f0060:   00007f63ceacfdc0 00007f63ceacfda0
0x00007f63cc5f0070:   00007f6300000001 00007f63ceaccf50
0x00007f63cc5f0080:   00007f63cc5f0110 00007f63cc5f0160
0x00007f63cc5f0090:   00007f63cc5f01f0 0000000000000006
0x00007f63cc5f00a0:   00007f63cc5f01b0 00007f638cea2fc0
0x00007f63cc5f00b0:   00007f635801e000 00007f6398053e98
0x00007f63cc5f00c0:   000000008cea2f80 00007f63fe1336ce
0x00007f63cc5f00d0:   00007f63cc5f0680 00007f63cc5f0670
0x00007f63cc5f00e0:   00007f63fdbeed79 00007f63cc5f0810
0x00007f63cc5f00f0:   0000000000000000 00007f63fe10592d
0x00007f63cc5f0100:   00007f63cc5f0270 00007f63fd8bdd1d
0x00007f63cc5f0110:   00007f63cdfbe9f8 00007f63cc5f01e8 

Instructions: (pc=0x00007f63f7be4522)
0x00007f63f7be4502:   00 48 c7 40 28 00 00 00 00 41 80 7f 30 00 0f 84
0x00007f63f7be4512:   8a 02 00 00 4c 8b 63 08 4d 2b 67 28 4d 03 67 18
0x00007f63f7be4522:   41 0f b6 5c 24 1d 41 0f b6 44 24 1c c1 e3 08 09
0x00007f63f7be4532:   c3 41 0f b6 44 24 1e 88 45 bd 41 0f b6 54 24 20 

Register to memory mapping:

RAX=0x00007f63140018b0 is an unknown value
RBX=0x00007f63f8282a60 is an unknown value
RCX=0x00007f6314000020 is an unknown value
RDX=0x00007f63140018b0 is an unknown value
RSP=0x00007f63cc5eff20 is pointing into the stack for thread: 0x00007f635801e000
RBP=0x00007f63cc5eff70 is pointing into the stack for thread: 0x00007f635801e000
RSI=0x0000000000000814 is an unknown value
RDI=0x0000000000000060 is an unknown value
R8 =0x00007f6314000088 is an unknown value
R9 =0x00007f63cc5efff0 is pointing into the stack for thread: 0x00007f635801e000
R10=0x00007f63e8d63558 is at entry_point+88 in (nmethod*)0x00007f63e8d63390
R11=0x0000000000000037 is an unknown value
R12=0x00007f63cf2bc372 is an unknown value
R13=0x00007f63140018b0 is an unknown value
R14=0x000000005582cf2a is an unknown value
R15=0x00007f63f82342d0 is an unknown value


Stack: [0x00007f63cc4f3000,0x00007f63cc5f4000],  sp=0x00007f63cc5eff20,  free space=1011k
Native frames: (J=compiled Java code, j=interpreted, Vv=VM code, C=native code)
C  [libzip.so+0x12522]  newEntry+0x62
C  [libzip.so+0x12c7f]  ZIP_GetEntry2+0xff
C  [libzip.so+0x3ec0]  Java_java_util_zip_ZipFile_getEntry+0xf0
J 245  java.util.zip.ZipFile.getEntry(J[BZ)J (0 bytes) @ 0x00007f63e8d635ce [0x00007f63e8d63500+0xce]
J 321 C1 java.util.zip.ZipFile.getEntry(Ljava/lang/String;)Ljava/util/zip/ZipEntry; (101 bytes) @ 0x00007f63e8d8f48c [0x00007f63e8d8f220+0x26c]
J 320 C1 java.util.jar.JarFile.getEntry(Ljava/lang/String;)Ljava/util/zip/ZipEntry; (22 bytes) @ 0x00007f63e8d8fda4 [0x00007f63e8d8fd20+0x84]
J 569 C2 sun.misc.URLClassPath$JarLoader.getResource(Ljava/lang/String;Z)Lsun/misc/Resource; (85 bytes) @ 0x00007f63e8e2ed80 [0x00007f63e8e2eb40+0x240]
J 1027 C2 sun.misc.URLClassPath.getResource(Ljava/lang/String;Z)Lsun/misc/Resource; (83 bytes) @ 0x00007f63e8f4c114 [0x00007f63e8f4bfa0+0x174]
J 243 C1 java.net.URLClassLoader$1.run()Ljava/lang/Class; (63 bytes) @ 0x00007f63e8d621bc [0x00007f63e8d61fa0+0x21c]
J 242 C1 java.net.URLClassLoader$1.run()Ljava/lang/Object; (5 bytes) @ 0x00007f63e8d61c0c [0x00007f63e8d61b80+0x8c]
v  ~StubRoutines::call_stub
V  [libjvm.so+0x693e76]  JavaCalls::call_helper(JavaValue*, methodHandle*, JavaCallArguments*, Thread*)+0x1056
V  [libjvm.so+0x72d14c]  JVM_DoPrivileged+0x27c
J 164  java.security.AccessController.doPrivileged(Ljava/security/PrivilegedExceptionAction;Ljava/security/AccessControlContext;)Ljava/lang/Object; (0 bytes) @ 0x00007f63e8d38a95 [0x00007f63e8d389c0+0xd5]
J 181 C1 java.net.URLClassLoader.findClass(Ljava/lang/String;)Ljava/lang/Class; (47 bytes) @ 0x00007f63e8d433d4 [0x00007f63e8d43240+0x194]
J 676 C1 java.lang.ClassLoader.loadClass(Ljava/lang/String;Z)Ljava/lang/Class; (122 bytes) @ 0x00007f63e8e6cccc [0x00007f63e8e6c300+0x9cc]
J 221 C1 sun.misc.Launcher$AppClassLoader.loadClass(Ljava/lang/String;Z)Ljava/lang/Class; (85 bytes) @ 0x00007f63e8d533e4 [0x00007f63e8d52a40+0x9a4]
J 220 C1 java.lang.ClassLoader.loadClass(Ljava/lang/String;)Ljava/lang/Class; (7 bytes) @ 0x00007f63e8d52684 [0x00007f63e8d52580+0x104]
v  ~StubRoutines::call_stub
V  [libjvm.so+0x693e76]  JavaCalls::call_helper(JavaValue*, methodHandle*, JavaCallArguments*, Thread*)+0x1056
V  [libjvm.so+0x694381]  JavaCalls::call_virtual(JavaValue*, KlassHandle, Symbol*, Symbol*, JavaCallArguments*, Thread*)+0x321
V  [libjvm.so+0x6947d6]  JavaCalls::call_virtual(JavaValue*, Handle, KlassHandle, Symbol*, Symbol*, Handle, Thread*)+0x56
V  [libjvm.so+0xa40db0]  SystemDictionary::load_instance_class(Symbol*, Handle, Thread*)+0x3f0
V  [libjvm.so+0xa3fcfc]  SystemDictionary::resolve_instance_class_or_null(Symbol*, Handle, Handle, Thread*)+0x78c
V  [libjvm.so+0xa411d3]  SystemDictionary::resolve_or_fail(Symbol*, Handle, Handle, bool, Thread*)+0x33
V  [libjvm.so+0x4f6348]  ConstantPool::klass_at_impl(constantPoolHandle, int, Thread*)+0x158
V  [libjvm.so+0x6885d1]  InterpreterRuntime::_new(JavaThread*, ConstantPool*, int)+0x71
j  io.netty.channel.AbstractChannel$AbstractUnsafe.fireChannelInactiveAndDeregister(Z)V+15
j  io.netty.channel.AbstractChannel$AbstractUnsafe.close(Lio/netty/channel/ChannelPromise;)V+182
j  io.netty.channel.nio.AbstractNioByteChannel$NioByteUnsafe.closeOnRead(Lio/netty/channel/ChannelPipeline;)V+86
j  io.netty.channel.nio.AbstractNioByteChannel$NioByteUnsafe.read()V+263
J 2457% C2 io.netty.channel.nio.NioEventLoop.run()V (160 bytes) @ 0x00007f63e92db058 [0x00007f63e92da9c0+0x698]
j  io.netty.util.concurrent.SingleThreadEventExecutor$2.run()V+13
j  io.netty.util.concurrent.DefaultThreadFactory$DefaultRunnableDecorator.run()V+4
j  java.lang.Thread.run()V+11
v  ~StubRoutines::call_stub
V  [libjvm.so+0x693e76]  JavaCalls::call_helper(JavaValue*, methodHandle*, JavaCallArguments*, Thread*)+0x1056
V  [libjvm.so+0x694381]  JavaCalls::call_virtual(JavaValue*, KlassHandle, Symbol*, Symbol*, JavaCallArguments*, Thread*)+0x321
V  [libjvm.so+0x694827]  JavaCalls::call_virtual(JavaValue*, Handle, KlassHandle, Symbol*, Symbol*, Thread*)+0x47
V  [libjvm.so+0x72fbb0]  thread_entry(JavaThread*, Thread*)+0xa0
V  [libjvm.so+0xa79b53]  JavaThread::thread_main_inner()+0x103
V  [libjvm.so+0xa79c9c]  JavaThread::run()+0x11c
V  [libjvm.so+0x92a728]  java_start(Thread*)+0x108
C  [libpthread.so.0+0x76ba]  start_thread+0xca

Java frames: (J=compiled Java code, j=interpreted, Vv=VM code)
J 245  java.util.zip.ZipFile.getEntry(J[BZ)J (0 bytes) @ 0x00007f63e8d63558 [0x00007f63e8d63500+0x58]
J 321 C1 java.util.zip.ZipFile.getEntry(Ljava/lang/String;)Ljava/util/zip/ZipEntry; (101 bytes) @ 0x00007f63e8d8f48c [0x00007f63e8d8f220+0x26c]
J 320 C1 java.util.jar.JarFile.getEntry(Ljava/lang/String;)Ljava/util/zip/ZipEntry; (22 bytes) @ 0x00007f63e8d8fda4 [0x00007f63e8d8fd20+0x84]
J 569 C2 sun.misc.URLClassPath$JarLoader.getResource(Ljava/lang/String;Z)Lsun/misc/Resource; (85 bytes) @ 0x00007f63e8e2ed80 [0x00007f63e8e2eb40+0x240]
J 1027 C2 sun.misc.URLClassPath.getResource(Ljava/lang/String;Z)Lsun/misc/Resource; (83 bytes) @ 0x00007f63e8f4c114 [0x00007f63e8f4bfa0+0x174]
J 243 C1 java.net.URLClassLoader$1.run()Ljava/lang/Class; (63 bytes) @ 0x00007f63e8d621bc [0x00007f63e8d61fa0+0x21c]
J 242 C1 java.net.URLClassLoader$1.run()Ljava/lang/Object; (5 bytes) @ 0x00007f63e8d61c0c [0x00007f63e8d61b80+0x8c]
v  ~StubRoutines::call_stub
J 164  java.security.AccessController.doPrivileged(Ljava/security/PrivilegedExceptionAction;Ljava/security/AccessControlContext;)Ljava/lang/Object; (0 bytes) @ 0x00007f63e8d38a23 [0x00007f63e8d389c0+0x63]
J 181 C1 java.net.URLClassLoader.findClass(Ljava/lang/String;)Ljava/lang/Class; (47 bytes) @ 0x00007f63e8d433d4 [0x00007f63e8d43240+0x194]
J 676 C1 java.lang.ClassLoader.loadClass(Ljava/lang/String;Z)Ljava/lang/Class; (122 bytes) @ 0x00007f63e8e6cccc [0x00007f63e8e6c300+0x9cc]
J 221 C1 sun.misc.Launcher$AppClassLoader.loadClass(Ljava/lang/String;Z)Ljava/lang/Class; (85 bytes) @ 0x00007f63e8d533e4 [0x00007f63e8d52a40+0x9a4]
J 220 C1 java.lang.ClassLoader.loadClass(Ljava/lang/String;)Ljava/lang/Class; (7 bytes) @ 0x00007f63e8d52684 [0x00007f63e8d52580+0x104]
v  ~StubRoutines::call_stub
j  io.netty.channel.AbstractChannel$AbstractUnsafe.fireChannelInactiveAndDeregister(Z)V+15
j  io.netty.channel.AbstractChannel$AbstractUnsafe.close(Lio/netty/channel/ChannelPromise;)V+182
j  io.netty.channel.nio.AbstractNioByteChannel$NioByteUnsafe.closeOnRead(Lio/netty/channel/ChannelPipeline;)V+86
j  io.netty.channel.nio.AbstractNioByteChannel$NioByteUnsafe.read()V+263
J 2457% C2 io.netty.channel.nio.NioEventLoop.run()V (160 bytes) @ 0x00007f63e92db058 [0x00007f63e92da9c0+0x698]
j  io.netty.util.concurrent.SingleThreadEventExecutor$2.run()V+13
j  io.netty.util.concurrent.DefaultThreadFactory$DefaultRunnableDecorator.run()V+4
j  java.lang.Thread.run()V+11
v  ~StubRoutines::call_stub

---------------  P R O C E S S  ---------------

Java Threads: ( => current thread )
  0x00007f6358023000 JavaThread "nioEventLoopGroup-3-16" [_thread_in_native, id=4840, stack(0x00007f63cc1f0000,0x00007f63cc2f1000)]
  0x00007f6358021800 JavaThread "nioEventLoopGroup-3-15" [_thread_in_native, id=4837, stack(0x00007f63cc2f1000,0x00007f63cc3f2000)]
  0x00007f6358020000 JavaThread "nioEventLoopGroup-3-14" [_thread_in_native, id=4824, stack(0x00007f63cc3f2000,0x00007f63cc4f3000)]
=>0x00007f635801e000 JavaThread "nioEventLoopGroup-3-13" [_thread_in_native, id=4822, stack(0x00007f63cc4f3000,0x00007f63cc5f4000)]
  0x00007f635801c000 JavaThread "nioEventLoopGroup-3-12" [_thread_in_native, id=4820, stack(0x00007f63cc5f4000,0x00007f63cc6f5000)]
  0x00007f635801a800 JavaThread "nioEventLoopGroup-3-11" [_thread_in_native, id=4819, stack(0x00007f63cc6f5000,0x00007f63cc7f6000)]
  0x00007f6358019000 JavaThread "nioEventLoopGroup-3-10" [_thread_in_native, id=4818, stack(0x00007f63cc7f6000,0x00007f63cc8f7000)]
  0x00007f6358017000 JavaThread "nioEventLoopGroup-3-9" [_thread_in_native, id=4817, stack(0x00007f63cc8f7000,0x00007f63cc9f8000)]
  0x00007f6358015000 JavaThread "nioEventLoopGroup-3-8" [_thread_blocked, id=4816, stack(0x00007f63cc9f8000,0x00007f63ccaf9000)]
  0x00007f6358013800 JavaThread "nioEventLoopGroup-3-7" [_thread_blocked, id=4815, stack(0x00007f63ccaf9000,0x00007f63ccbfa000)]
  0x00007f6358011800 JavaThread "nioEventLoopGroup-3-6" [_thread_in_native, id=4814, stack(0x00007f63ccbfa000,0x00007f63cccfb000)]
  0x00007f6358010000 JavaThread "nioEventLoopGroup-3-5" [_thread_in_native, id=4813, stack(0x00007f63cccfb000,0x00007f63ccdfc000)]
  0x00007f633c001800 JavaThread "pool-3-thread-1" [_thread_blocked, id=4809, stack(0x00007f63ccffc000,0x00007f63cd0fd000)]
  0x00007f635800e800 JavaThread "nioEventLoopGroup-3-4" [_thread_in_native, id=4808, stack(0x00007f63cd0fd000,0x00007f63cd1fe000)]
  0x00007f635800c800 JavaThread "nioEventLoopGroup-3-3" [_thread_in_native, id=4807, stack(0x00007f63cd1fe000,0x00007f63cd2ff000)]
  0x00007f635800b800 JavaThread "nioEventLoopGroup-3-2" [_thread_in_native, id=4806, stack(0x00007f63cd2ff000,0x00007f63cd400000)]
  0x00007f6358009800 JavaThread "nioEventLoopGroup-3-1" [_thread_in_native, id=4805, stack(0x00007f63cd400000,0x00007f63cd501000)]
  0x00007f63f8c8c800 JavaThread "ActionDistributor: Thread-37" [_thread_in_native, id=4502, stack(0x00007f63cd501000,0x00007f63cd602000)]
  0x00007f63f8c8b000 JavaThread "ActionDistributor: Thread-35" [_thread_in_native, id=4497, stack(0x00007f63cd602000,0x00007f63cd703000)]
  0x00007f63f8c6f800 JavaThread "ActionDistributor: Thread-34" [_thread_in_native, id=4495, stack(0x00007f63cd703000,0x00007f63cd804000)]
  0x00007f63f8c66800 JavaThread "FileManager: Thread-33" [_thread_blocked, id=4493, stack(0x00007f63cd804000,0x00007f63cd905000)]
  0x00007f63f8c14800 JavaThread "Topology Updates" [_thread_blocked, id=4452, stack(0x00007f63cd905000,0x00007f63cda06000)]
  0x00007f63f8c0e800 JavaThread "nioEventLoopGroup-2-1" [_thread_in_native, id=4451, stack(0x00007f63cda06000,0x00007f63cdb07000)]
  0x00007f63f8a56000 JavaThread "Scheduled-4" [_thread_blocked, id=4450, stack(0x00007f63cdb07000,0x00007f63cdc08000)]
  0x00007f6380001000 JavaThread "Scheduled-3" [_thread_blocked, id=4449, stack(0x00007f63cdc08000,0x00007f63cdd09000)]
  0x00007f63f8a62000 JavaThread "Scheduled-2" [_thread_blocked, id=4448, stack(0x00007f63cdd09000,0x00007f63cde0a000)]
  0x00007f63f8a50800 JavaThread "Thread-1" [_thread_in_native, id=4447, stack(0x00007f63ce00a000,0x00007f63ce10b000)]
  0x00007f63f86fb000 JavaThread "SyncMessage-1" [_thread_blocked, id=4438, stack(0x00007f63ce10b000,0x00007f63ce20c000)]
  0x00007f63f86fa000 JavaThread "SyncMessage-0" [_thread_blocked, id=4437, stack(0x00007f63ce20c000,0x00007f63ce30d000)]
  0x00007f63f86e9800 JavaThread "HintWorker-1" [_thread_blocked, id=4436, stack(0x00007f63ce30d000,0x00007f63ce40e000)]
  0x00007f63f86e8000 JavaThread "HintWorker-0" [_thread_blocked, id=4435, stack(0x00007f63ce40e000,0x00007f63ce50f000)]
  0x00007f63f86e4000 JavaThread "Scheduled-1" [_thread_blocked, id=4434, stack(0x00007f63ce50f000,0x00007f63ce610000)]
  0x00007f63f86e3000 JavaThread "Scheduled-0" [_thread_blocked, id=4433, stack(0x00007f63ce610000,0x00007f63ce711000)]
  0x00007f63f8211000 JavaThread "Service Thread" daemon [_thread_blocked, id=4362, stack(0x00007f63dc152000,0x00007f63dc253000)]
  0x00007f63f820e000 JavaThread "C1 CompilerThread3" daemon [_thread_blocked, id=4361, stack(0x00007f63dc253000,0x00007f63dc354000)]
  0x00007f63f820c000 JavaThread "C2 CompilerThread2" daemon [_thread_blocked, id=4360, stack(0x00007f63dc354000,0x00007f63dc455000)]
  0x00007f63f820a800 JavaThread "C2 CompilerThread1" daemon [_thread_blocked, id=4354, stack(0x00007f63dc455000,0x00007f63dc556000)]
  0x00007f63f8208000 JavaThread "C2 CompilerThread0" daemon [_thread_in_native, id=4353, stack(0x00007f63dc556000,0x00007f63dc657000)]
  0x00007f63f8206800 JavaThread "Signal Dispatcher" daemon [_thread_blocked, id=4352, stack(0x00007f63dc657000,0x00007f63dc758000)]
  0x00007f63f81d3000 JavaThread "Finalizer" daemon [_thread_blocked, id=4351, stack(0x00007f63dc758000,0x00007f63dc859000)]
  0x00007f63f81ce800 JavaThread "Reference Handler" daemon [_thread_blocked, id=4350, stack(0x00007f63dc859000,0x00007f63dc95a000)]
  0x00007f63f8009800 JavaThread "main" [_thread_blocked, id=4245, stack(0x00007f63febb8000,0x00007f63fecb9000)]

Other Threads:
  0x00007f63f81c6800 VMThread [stack: 0x00007f63dc95a000,0x00007f63dca5b000] [id=4349]
  0x00007f63f8214000 WatcherThread [stack: 0x00007f63dc051000,0x00007f63dc152000] [id=4363]

VM state:not at safepoint (normal execution)

VM Mutex/Monitor currently owned by a thread: None

Heap:
 PSYoungGen      total 56832K, used 22827K [0x000000076d300000, 0x0000000773600000, 0x00000007c0000000)
  eden space 56320K, 40% used [0x000000076d300000,0x000000076e92adf0,0x0000000770a00000)
  from space 512K, 25% used [0x0000000770b00000,0x0000000770b20000,0x0000000770b80000)
  to   space 22528K, 0% used [0x0000000772000000,0x0000000772000000,0x0000000773600000)
 ParOldGen       total 105984K, used 24799K [0x00000006c7800000, 0x00000006cdf80000, 0x000000076d300000)
  object space 105984K, 23% used [0x00000006c7800000,0x00000006c9037f08,0x00000006cdf80000)
 Metaspace       used 21466K, capacity 21696K, committed 22016K, reserved 1069056K
  class space    used 2461K, capacity 2534K, committed 2560K, reserved 1048576K

Card table byte_map: [0x00007f63e804d000,0x00007f63e8812000] byte_map_base: 0x00007f63e4a11000

Marking Bits: (ParMarkBitMap*) 0x00007f63fe08af80
 Begin Bits: [0x00007f63df7d8000, 0x00007f63e35f8000)
 End Bits:   [0x00007f63e35f8000, 0x00007f63e7418000)

Polling page: 0x00007f63fecdb000

CodeCache: size=245760Kb used=9278Kb max_used=9289Kb free=236481Kb
 bounds [0x00007f63e8bd2000, 0x00007f63e9502000, 0x00007f63f7bd2000]
 total_blobs=3233 nmethods=2821 adapters=324
 compilation: enabled

Compilation events (10 events):
Event: 1712.347 Thread 0x00007f63f820a800 3387       4       java.lang.Class::annotationData (44 bytes)
Event: 1712.351 Thread 0x00007f63f820a800 nmethod 3387 0x00007f63e90ada50 code [0x00007f63e90adbc0, 0x00007f63e90adcb8]
Event: 1728.514 Thread 0x00007f63f820e000 3388       3       java.util.concurrent.ConcurrentHashMap$CollectionView::toArray (207 bytes)
Event: 1728.515 Thread 0x00007f63f820e000 nmethod 3388 0x00007f63e8f112d0 code [0x00007f63e8f11560, 0x00007f63e8f127d8]
Event: 1773.563 Thread 0x00007f63f820c000 3389   !   4       net.floodlightcontroller.core.internal.OFSwitch$PortManager::getEnabledPortNumbers (40 bytes)
Event: 1773.579 Thread 0x00007f63f820c000 nmethod 3389 0x00007f63e8efe190 code [0x00007f63e8efe320, 0x00007f63e8efe678]
Event: 1788.575 Thread 0x00007f63f820c000 3390       4       java.util.concurrent.ConcurrentHashMap$Traverser::advance (188 bytes)
Event: 1788.586 Thread 0x00007f63f820c000 nmethod 3390 0x00007f63e8f19b90 code [0x00007f63e8f19ce0, 0x00007f63e8f19ed8]
Event: 1803.605 Thread 0x00007f63f820e000 3391       3       com.google.common.collect.UnmodifiableIterator::<init> (5 bytes)
Event: 1803.605 Thread 0x00007f63f820e000 nmethod 3391 0x00007f63e8ecae10 code [0x00007f63e8ecaf80, 0x00007f63e8ecb130]

GC Heap History (10 events):
Event: 1021.188 GC heap before
{Heap before GC invocations=8 (full 1):
 PSYoungGen      total 87552K, used 61600K [0x000000076d300000, 0x0000000774800000, 0x00000007c0000000)
  eden space 61440K, 100% used [0x000000076d300000,0x0000000770f00000,0x0000000770f00000)
  from space 26112K, 0% used [0x0000000772e80000,0x0000000772ea8000,0x0000000774800000)
  to   space 29184K, 0% used [0x0000000770f00000,0x0000000770f00000,0x0000000772b80000)
 ParOldGen       total 105984K, used 24799K [0x00000006c7800000, 0x00000006cdf80000, 0x000000076d300000)
  object space 105984K, 23% used [0x00000006c7800000,0x00000006c9037f08,0x00000006cdf80000)
 Metaspace       used 21407K, capacity 21632K, committed 21760K, reserved 1069056K
  class space    used 2461K, capacity 2534K, committed 2560K, reserved 1048576K
Event: 1021.190 GC heap after
Heap after GC invocations=8 (full 1):
 PSYoungGen      total 60928K, used 192K [0x000000076d300000, 0x0000000774400000, 0x00000007c0000000)
  eden space 60416K, 0% used [0x000000076d300000,0x000000076d300000,0x0000000770e00000)
  from space 512K, 37% used [0x0000000770f00000,0x0000000770f30000,0x0000000770f80000)
  to   space 27648K, 0% used [0x0000000772900000,0x0000000772900000,0x0000000774400000)
 ParOldGen       total 105984K, used 24799K [0x00000006c7800000, 0x00000006cdf80000, 0x000000076d300000)
  object space 105984K, 23% used [0x00000006c7800000,0x00000006c9037f08,0x00000006cdf80000)
 Metaspace       used 21407K, capacity 21632K, committed 21760K, reserved 1069056K
  class space    used 2461K, capacity 2534K, committed 2560K, reserved 1048576K
}
Event: 1203.133 GC heap before
{Heap before GC invocations=9 (full 1):
 PSYoungGen      total 60928K, used 60608K [0x000000076d300000, 0x0000000774400000, 0x00000007c0000000)
  eden space 60416K, 100% used [0x000000076d300000,0x0000000770e00000,0x0000000770e00000)
  from space 512K, 37% used [0x0000000770f00000,0x0000000770f30000,0x0000000770f80000)
  to   space 27648K, 0% used [0x0000000772900000,0x0000000772900000,0x0000000774400000)
 ParOldGen       total 105984K, used 24799K [0x00000006c7800000, 0x00000006cdf80000, 0x000000076d300000)
  object space 105984K, 23% used [0x00000006c7800000,0x00000006c9037f08,0x00000006cdf80000)
 Metaspace       used 21414K, capacity 21632K, committed 21760K, reserved 1069056K
  class space    used 2461K, capacity 2534K, committed 2560K, reserved 1048576K
Event: 1203.139 GC heap after
Heap after GC invocations=9 (full 1):
 PSYoungGen      total 83968K, used 224K [0x000000076d300000, 0x0000000774100000, 0x00000007c0000000)
  eden space 59392K, 0% used [0x000000076d300000,0x000000076d300000,0x0000000770d00000)
  from space 24576K, 0% used [0x0000000772900000,0x0000000772938000,0x0000000774100000)
  to   space 26624K, 0% used [0x0000000770d00000,0x0000000770d00000,0x0000000772700000)
 ParOldGen       total 105984K, used 24799K [0x00000006c7800000, 0x00000006cdf80000, 0x000000076d300000)
  object space 105984K, 23% used [0x00000006c7800000,0x00000006c9037f08,0x00000006cdf80000)
 Metaspace       used 21414K, capacity 21632K, committed 21760K, reserved 1069056K
  class space    used 2461K, capacity 2534K, committed 2560K, reserved 1048576K
}
Event: 1383.730 GC heap before
{Heap before GC invocations=10 (full 1):
 PSYoungGen      total 83968K, used 59616K [0x000000076d300000, 0x0000000774100000, 0x00000007c0000000)
  eden space 59392K, 100% used [0x000000076d300000,0x0000000770d00000,0x0000000770d00000)
  from space 24576K, 0% used [0x0000000772900000,0x0000000772938000,0x0000000774100000)
  to   space 26624K, 0% used [0x0000000770d00000,0x0000000770d00000,0x0000000772700000)
 ParOldGen       total 105984K, used 24799K [0x00000006c7800000, 0x00000006cdf80000, 0x000000076d300000)
  object space 105984K, 23% used [0x00000006c7800000,0x00000006c9037f08,0x00000006cdf80000)
 Metaspace       used 21444K, capacity 21632K, committed 21760K, reserved 1069056K
  class space    used 2461K, capacity 2534K, committed 2560K, reserved 1048576K
Event: 1383.737 GC heap after
Heap after GC invocations=10 (full 1):
 PSYoungGen      total 58880K, used 224K [0x000000076d300000, 0x0000000773d00000, 0x00000007c0000000)
  eden space 58368K, 0% used [0x000000076d300000,0x000000076d300000,0x0000000770c00000)
  from space 512K, 43% used [0x0000000770d00000,0x0000000770d38000,0x0000000770d80000)
  to   space 25088K, 0% used [0x0000000772480000,0x0000000772480000,0x0000000773d00000)
 ParOldGen       total 105984K, used 24799K [0x00000006c7800000, 0x00000006cdf80000, 0x000000076d300000)
  object space 105984K, 23% used [0x00000006c7800000,0x00000006c9037f08,0x00000006cdf80000)
 Metaspace       used 21444K, capacity 21632K, committed 21760K, reserved 1069056K
  class space    used 2461K, capacity 2534K, committed 2560K, reserved 1048576K
}
Event: 1563.410 GC heap before
{Heap before GC invocations=11 (full 1):
 PSYoungGen      total 58880K, used 58592K [0x000000076d300000, 0x0000000773d00000, 0x00000007c0000000)
  eden space 58368K, 100% used [0x000000076d300000,0x0000000770c00000,0x0000000770c00000)
  from space 512K, 43% used [0x0000000770d00000,0x0000000770d38000,0x0000000770d80000)
  to   space 25088K, 0% used [0x0000000772480000,0x0000000772480000,0x0000000773d00000)
 ParOldGen       total 105984K, used 24799K [0x00000006c7800000, 0x00000006cdf80000, 0x000000076d300000)
  object space 105984K, 23% used [0x00000006c7800000,0x00000006c9037f08,0x00000006cdf80000)
 Metaspace       used 21448K, capacity 21632K, committed 21760K, reserved 1069056K
  class space    used 2461K, capacity 2534K, committed 2560K, reserved 1048576K
Event: 1563.417 GC heap after
Heap after GC invocations=11 (full 1):
 PSYoungGen      total 79360K, used 224K [0x000000076d300000, 0x0000000773a00000, 0x00000007c0000000)
  eden space 57344K, 0% used [0x000000076d300000,0x000000076d300000,0x0000000770b00000)
  from space 22016K, 1% used [0x0000000772480000,0x00000007724b8000,0x0000000773a00000)
  to   space 24064K, 0% used [0x0000000770b00000,0x0000000770b00000,0x0000000772280000)
 ParOldGen       total 105984K, used 24799K [0x00000006c7800000, 0x00000006cdf80000, 0x000000076d300000)
  object space 105984K, 23% used [0x00000006c7800000,0x00000006c9037f08,0x00000006cdf80000)
 Metaspace       used 21448K, capacity 21632K, committed 21760K, reserved 1069056K
  class space    used 2461K, capacity 2534K, committed 2560K, reserved 1048576K
}
Event: 1743.523 GC heap before
{Heap before GC invocations=12 (full 1):
 PSYoungGen      total 79360K, used 57568K [0x000000076d300000, 0x0000000773a00000, 0x00000007c0000000)
  eden space 57344K, 100% used [0x000000076d300000,0x0000000770b00000,0x0000000770b00000)
  from space 22016K, 1% used [0x0000000772480000,0x00000007724b8000,0x0000000773a00000)
  to   space 24064K, 0% used [0x0000000770b00000,0x0000000770b00000,0x0000000772280000)
 ParOldGen       total 105984K, used 24799K [0x00000006c7800000, 0x00000006cdf80000, 0x000000076d300000)
  object space 105984K, 23% used [0x00000006c7800000,0x00000006c9037f08,0x00000006cdf80000)
 Metaspace       used 21464K, capacity 21696K, committed 22016K, reserved 1069056K
  class space    used 2461K, capacity 2534K, committed 2560K, reserved 1048576K
Event: 1743.533 GC heap after
Heap after GC invocations=12 (full 1):
 PSYoungGen      total 56832K, used 128K [0x000000076d300000, 0x0000000773600000, 0x00000007c0000000)
  eden space 56320K, 0% used [0x000000076d300000,0x000000076d300000,0x0000000770a00000)
  from space 512K, 25% used [0x0000000770b00000,0x0000000770b20000,0x0000000770b80000)
  to   space 22528K, 0% used [0x0000000772000000,0x0000000772000000,0x0000000773600000)
 ParOldGen       total 105984K, used 24799K [0x00000006c7800000, 0x00000006cdf80000, 0x000000076d300000)
  object space 105984K, 23% used [0x00000006c7800000,0x00000006c9037f08,0x00000006cdf80000)
 Metaspace       used 21464K, capacity 21696K, committed 22016K, reserved 1069056K
  class space    used 2461K, capacity 2534K, committed 2560K, reserved 1048576K
}

Deoptimization events (10 events):
Event: 77.016 Thread 0x00007f635801c000 Uncommon trap: reason=unstable_if action=reinterpret pc=0x00007f63e91d1fc8 method=io.netty.util.internal.MpscLinkedQueue.peekNode()Lio/netty/util/internal/MpscLinkedQueueNode; @ 19
Event: 301.826 Thread 0x00007f63f8c66800 Uncommon trap: reason=unstable_if action=reinterpret pc=0x00007f63e8d01078 method=java.lang.Long.stringSize(J)I @ 11
Event: 301.826 Thread 0x00007f63f8c66800 Uncommon trap: reason=unstable_if action=reinterpret pc=0x00007f63e8f37764 method=java.lang.Long.getChars(JI[C)V @ 24
Event: 632.109 Thread 0x00007f6380001000 Uncommon trap: reason=null_check action=make_not_entrant pc=0x00007f63e945a8f4 method=com.fasterxml.jackson.databind.util.ClassUtil._addSuperTypes(Ljava/lang/Class;Ljava/lang/Class;Ljava/util/Collection;Z)V @ 83
Event: 1805.860 Thread 0x00007f635801e000 Uncommon trap: reason=unstable_if action=reinterpret pc=0x00007f63e9393470 method=sun.nio.ch.IOUtil.readIntoNativeBuffer(Ljava/io/FileDescriptor;Ljava/nio/ByteBuffer;JLsun/nio/ch/NativeDispatcher;)I @ 121
Event: 1805.860 Thread 0x00007f635801e000 Uncommon trap: reason=unstable_if action=reinterpret pc=0x00007f63e93a6d60 method=io.netty.buffer.AbstractByteBuf.writeBytes(Ljava/nio/channels/ScatteringByteChannel;I)I @ 22
Event: 1805.860 Thread 0x00007f6358015000 Uncommon trap: reason=unstable_if action=reinterpret pc=0x00007f63e9385ebc method=sun.nio.ch.IOUtil.readIntoNativeBuffer(Ljava/io/FileDescriptor;Ljava/nio/ByteBuffer;JLsun/nio/ch/NativeDispatcher;)I @ 121
Event: 1805.860 Thread 0x00007f6358015000 Uncommon trap: reason=unstable_if action=reinterpret pc=0x00007f63e90feb1c method=io.netty.buffer.AbstractByteBuf.writeBytes(Ljava/nio/channels/ScatteringByteChannel;I)I @ 22
Event: 1805.860 Thread 0x00007f635801e000 Uncommon trap: reason=unstable_if action=reinterpret pc=0x00007f63e8f48b2c method=io.netty.channel.socket.nio.NioSocketChannel.isActive()Z @ 9
Event: 1805.860 Thread 0x00007f6358015000 Uncommon trap: reason=unstable_if action=reinterpret pc=0x00007f63e8f48b2c method=io.netty.channel.socket.nio.NioSocketChannel.isActive()Z @ 9

Internal exceptions (10 events):
Event: 1.218 Thread 0x00007f63f8009800 Exception <a 'java/lang/ArrayIndexOutOfBoundsException'> (0x000000076d7d6320) thrown at [/HUDSON/workspace/8-2-build-linux-amd64/jdk8u151/9699/hotspot/src/share/vm/runtime/sharedRuntime.cpp, line 605]
Event: 1.219 Thread 0x00007f63f8009800 Exception <a 'java/lang/ClassNotFoundException': ch/qos/logback/core/pattern/PatternLayoutEncoderBaseCustomizer> (0x000000076d7e2010) thrown at [/HUDSON/workspace/8-2-build-linux-amd64/jdk8u151/9699/hotspot/src/share/vm/classfile/systemDictionary.cpp, lin
Event: 1.220 Thread 0x00007f63f8009800 Exception <a 'java/lang/ArrayIndexOutOfBoundsException'> (0x000000076d7e51c8) thrown at [/HUDSON/workspace/8-2-build-linux-amd64/jdk8u151/9699/hotspot/src/share/vm/runtime/sharedRuntime.cpp, line 605]
Event: 1.220 Thread 0x00007f63f8009800 Exception <a 'java/lang/ArrayIndexOutOfBoundsException'> (0x000000076d7e6828) thrown at [/HUDSON/workspace/8-2-build-linux-amd64/jdk8u151/9699/hotspot/src/share/vm/runtime/sharedRuntime.cpp, line 605]
Event: 1.221 Thread 0x00007f63f8009800 Exception <a 'java/lang/ClassNotFoundException': ch/qos/logback/classic/encoder/PatternLayoutEncoderCustomizer> (0x000000076d7f23a0) thrown at [/HUDSON/workspace/8-2-build-linux-amd64/jdk8u151/9699/hotspot/src/share/vm/classfile/systemDictionary.cpp, line
Event: 1.221 Thread 0x00007f63f8009800 Exception <a 'java/lang/ArrayIndexOutOfBoundsException'> (0x000000076d7f5228) thrown at [/HUDSON/workspace/8-2-build-linux-amd64/jdk8u151/9699/hotspot/src/share/vm/runtime/sharedRuntime.cpp, line 605]
Event: 1.320 Thread 0x00007f63f8009800 Exception <a 'java/lang/NoSuchFieldError': method resolution failed> (0x000000076db38188) thrown at [/HUDSON/workspace/8-2-build-linux-amd64/jdk8u151/9699/hotspot/src/share/vm/prims/methodHandles.cpp, line 1146]
Event: 1.322 Thread 0x00007f63f8009800 Exception <a 'java/lang/NoSuchFieldError': method resolution failed> (0x000000076db45878) thrown at [/HUDSON/workspace/8-2-build-linux-amd64/jdk8u151/9699/hotspot/src/share/vm/prims/methodHandles.cpp, line 1146]
Event: 1.554 Thread 0x00007f63f8009800 Exception <a 'java/lang/NoClassDefFoundError': javassist/ClassPath> (0x000000076ef4bf78) thrown at [/HUDSON/workspace/8-2-build-linux-amd64/jdk8u151/9699/hotspot/src/share/vm/classfile/systemDictionary.cpp, line 199]
Event: 1.672 Thread 0x00007f63f8009800 Implicit null exception at 0x00007f63e8e9b786 to 0x00007f63e8e9b9cd

Events (10 events):
Event: 1805.860 Thread 0x00007f6358015000 DEOPT PACKING pc=0x00007f63e90feb1c sp=0x00007f63ccaf75a0
Event: 1805.860 Thread 0x00007f6358015000 DEOPT UNPACKING pc=0x00007f63e8bd7229 sp=0x00007f63ccaf75a8 mode 2
Event: 1805.860 Thread 0x00007f635801e000 Uncommon trap: trap_request=0xffffff65 fr.pc=0x00007f63e8f48b2c
Event: 1805.860 Thread 0x00007f6358015000 Uncommon trap: trap_request=0xffffff65 fr.pc=0x00007f63e8f48b2c
Event: 1805.860 Thread 0x00007f6358015000 DEOPT PACKING pc=0x00007f63e8f48b2c sp=0x00007f63ccaf7520
Event: 1805.860 Thread 0x00007f635801e000 DEOPT PACKING pc=0x00007f63e8f48b2c sp=0x00007f63cc5f22a0
Event: 1805.860 Thread 0x00007f6358015000 DEOPT UNPACKING pc=0x00007f63e8bd7229 sp=0x00007f63ccaf74f0 mode 2
Event: 1805.860 Thread 0x00007f635801e000 DEOPT UNPACKING pc=0x00007f63e8bd7229 sp=0x00007f63cc5f2270 mode 2
Event: 1805.860 loading class io/netty/channel/AbstractChannel$AbstractUnsafe$7
Event: 1805.860 loading class io/netty/channel/AbstractChannel$AbstractUnsafe$7 done


Dynamic libraries:
00400000-00401000 r-xp 00000000 103:05 9832555                           /usr/lib/jvm/java-8-oracle/jre/bin/java
00600000-00601000 rw-p 00000000 103:05 9832555                           /usr/lib/jvm/java-8-oracle/jre/bin/java
0064b000-0066c000 rw-p 00000000 00:00 0                                  [heap]
6c7800000-6cdf80000 rw-p 00000000 00:00 0 
6cdf80000-76d300000 ---p 00000000 00:00 0 
76d300000-773600000 rw-p 00000000 00:00 0 
773600000-7c0000000 ---p 00000000 00:00 0 
7c0000000-7c0280000 rw-p 00000000 00:00 0 
7c0280000-800000000 ---p 00000000 00:00 0 
7f6300000000-7f6300021000 rw-p 00000000 00:00 0 
7f6300021000-7f6304000000 ---p 00000000 00:00 0 
7f6308000000-7f6308021000 rw-p 00000000 00:00 0 
7f6308021000-7f630c000000 ---p 00000000 00:00 0 
7f630c000000-7f630c021000 rw-p 00000000 00:00 0 
7f630c021000-7f6310000000 ---p 00000000 00:00 0 
7f6310000000-7f6310021000 rw-p 00000000 00:00 0 
7f6310021000-7f6314000000 ---p 00000000 00:00 0 
7f6314000000-7f63142a4000 rw-p 00000000 00:00 0 
7f63142a4000-7f6318000000 ---p 00000000 00:00 0 
7f6318000000-7f6318021000 rw-p 00000000 00:00 0 
7f6318021000-7f631c000000 ---p 00000000 00:00 0 
7f631c000000-7f631c021000 rw-p 00000000 00:00 0 
7f631c021000-7f6320000000 ---p 00000000 00:00 0 
7f6320000000-7f6320021000 rw-p 00000000 00:00 0 
7f6320021000-7f6324000000 ---p 00000000 00:00 0 
7f6324000000-7f6324021000 rw-p 00000000 00:00 0 
7f6324021000-7f6328000000 ---p 00000000 00:00 0 
7f6328000000-7f6328021000 rw-p 00000000 00:00 0 
7f6328021000-7f632c000000 ---p 00000000 00:00 0 
7f632c000000-7f632c021000 rw-p 00000000 00:00 0 
7f632c021000-7f6330000000 ---p 00000000 00:00 0 
7f6330000000-7f633028e000 rw-p 00000000 00:00 0 
7f633028e000-7f6334000000 ---p 00000000 00:00 0 
7f6334000000-7f6334021000 rw-p 00000000 00:00 0 
7f6334021000-7f6338000000 ---p 00000000 00:00 0 
7f6338000000-7f6338032000 rw-p 00000000 00:00 0 
7f6338032000-7f633c000000 ---p 00000000 00:00 0 
7f633c000000-7f633c080000 rw-p 00000000 00:00 0 
7f633c080000-7f6340000000 ---p 00000000 00:00 0 
7f6340000000-7f6340021000 rw-p 00000000 00:00 0 
7f6340021000-7f6344000000 ---p 00000000 00:00 0 
7f6344000000-7f6344021000 rw-p 00000000 00:00 0 
7f6344021000-7f6348000000 ---p 00000000 00:00 0 
7f6348000000-7f6348021000 rw-p 00000000 00:00 0 
7f6348021000-7f634c000000 ---p 00000000 00:00 0 
7f634c000000-7f634c021000 rw-p 00000000 00:00 0 
7f634c021000-7f6350000000 ---p 00000000 00:00 0 
7f6350000000-7f6350021000 rw-p 00000000 00:00 0 
7f6350021000-7f6354000000 ---p 00000000 00:00 0 
7f6354000000-7f6354021000 rw-p 00000000 00:00 0 
7f6354021000-7f6358000000 ---p 00000000 00:00 0 
7f6358000000-7f6358025000 rw-p 00000000 00:00 0 
7f6358025000-7f635c000000 ---p 00000000 00:00 0 
7f635c000000-7f635c021000 rw-p 00000000 00:00 0 
7f635c021000-7f6360000000 ---p 00000000 00:00 0 
7f6360000000-7f6360021000 rw-p 00000000 00:00 0 
7f6360021000-7f6364000000 ---p 00000000 00:00 0 
7f6364000000-7f6364021000 rw-p 00000000 00:00 0 
7f6364021000-7f6368000000 ---p 00000000 00:00 0 
7f6368000000-7f6368021000 rw-p 00000000 00:00 0 
7f6368021000-7f636c000000 ---p 00000000 00:00 0 
7f636c000000-7f636c021000 rw-p 00000000 00:00 0 
7f636c021000-7f6370000000 ---p 00000000 00:00 0 
7f6370000000-7f6370021000 rw-p 00000000 00:00 0 
7f6370021000-7f6374000000 ---p 00000000 00:00 0 
7f6374000000-7f6374021000 rw-p 00000000 00:00 0 
7f6374021000-7f6378000000 ---p 00000000 00:00 0 
7f6378000000-7f6378021000 rw-p 00000000 00:00 0 
7f6378021000-7f637c000000 ---p 00000000 00:00 0 
7f637c000000-7f637c021000 rw-p 00000000 00:00 0 
7f637c021000-7f6380000000 ---p 00000000 00:00 0 
7f6380000000-7f6380021000 rw-p 00000000 00:00 0 
7f6380021000-7f6384000000 ---p 00000000 00:00 0 
7f6384000000-7f6384021000 rw-p 00000000 00:00 0 
7f6384021000-7f6388000000 ---p 00000000 00:00 0 
7f6388000000-7f6388021000 rw-p 00000000 00:00 0 
7f6388021000-7f638c000000 ---p 00000000 00:00 0 
7f638cdff000-7f638ceff000 rw-p 00000000 00:00 0 
7f638ceff000-7f638cfff000 ---p 00000000 00:00 0 
7f638cfff000-7f6390000000 rw-p 00000000 00:00 0 
7f6390000000-7f6390021000 rw-p 00000000 00:00 0 
7f6390021000-7f6394000000 ---p 00000000 00:00 0 
7f6394000000-7f6394021000 rw-p 00000000 00:00 0 
7f6394021000-7f6398000000 ---p 00000000 00:00 0 
7f6398000000-7f639914e000 rw-p 00000000 00:00 0 
7f639914e000-7f639c000000 ---p 00000000 00:00 0 
7f639c000000-7f639c394000 rw-p 00000000 00:00 0 
7f639c394000-7f63a0000000 ---p 00000000 00:00 0 
7f63a0000000-7f63a069e000 rw-p 00000000 00:00 0 
7f63a069e000-7f63a4000000 ---p 00000000 00:00 0 
7f63a4000000-7f63a4985000 rw-p 00000000 00:00 0 
7f63a4985000-7f63a8000000 ---p 00000000 00:00 0 
7f63a8000000-7f63a8021000 rw-p 00000000 00:00 0 
7f63a8021000-7f63ac000000 ---p 00000000 00:00 0 
7f63ac000000-7f63ac021000 rw-p 00000000 00:00 0 
7f63ac021000-7f63b0000000 ---p 00000000 00:00 0 
7f63b0000000-7f63b0071000 rw-p 00000000 00:00 0 
7f63b0071000-7f63b4000000 ---p 00000000 00:00 0 
7f63b4000000-7f63b4021000 rw-p 00000000 00:00 0 
7f63b4021000-7f63b8000000 ---p 00000000 00:00 0 
7f63b8000000-7f63b8021000 rw-p 00000000 00:00 0 
7f63b8021000-7f63bc000000 ---p 00000000 00:00 0 
7f63bc000000-7f63bc021000 rw-p 00000000 00:00 0 
7f63bc021000-7f63c0000000 ---p 00000000 00:00 0 
7f63c0000000-7f63c0021000 rw-p 00000000 00:00 0 
7f63c0021000-7f63c4000000 ---p 00000000 00:00 0 
7f63c4000000-7f63c4021000 rw-p 00000000 00:00 0 
7f63c4021000-7f63c8000000 ---p 00000000 00:00 0 
7f63c8000000-7f63c8021000 rw-p 00000000 00:00 0 
7f63c8021000-7f63cc000000 ---p 00000000 00:00 0 
7f63cc1f0000-7f63cc1f3000 ---p 00000000 00:00 0 
7f63cc1f3000-7f63cc2f1000 rw-p 00000000 00:00 0 
7f63cc2f1000-7f63cc2f4000 ---p 00000000 00:00 0 
7f63cc2f4000-7f63cc3f2000 rw-p 00000000 00:00 0 
7f63cc3f2000-7f63cc3f5000 ---p 00000000 00:00 0 
7f63cc3f5000-7f63cc4f3000 rw-p 00000000 00:00 0 
7f63cc4f3000-7f63cc4f6000 ---p 00000000 00:00 0 
7f63cc4f6000-7f63cc5f4000 rw-p 00000000 00:00 0 
7f63cc5f4000-7f63cc5f7000 ---p 00000000 00:00 0 
7f63cc5f7000-7f63cc6f5000 rw-p 00000000 00:00 0 
7f63cc6f5000-7f63cc6f8000 ---p 00000000 00:00 0 
7f63cc6f8000-7f63cc7f6000 rw-p 00000000 00:00 0 
7f63cc7f6000-7f63cc7f9000 ---p 00000000 00:00 0 
7f63cc7f9000-7f63cc8f7000 rw-p 00000000 00:00 0 
7f63cc8f7000-7f63cc8fa000 ---p 00000000 00:00 0 
7f63cc8fa000-7f63cc9f8000 rw-p 00000000 00:00 0 
7f63cc9f8000-7f63cc9fb000 ---p 00000000 00:00 0 
7f63cc9fb000-7f63ccaf9000 rw-p 00000000 00:00 0 
7f63ccaf9000-7f63ccafc000 ---p 00000000 00:00 0 
7f63ccafc000-7f63ccbfa000 rw-p 00000000 00:00 0 
7f63ccbfa000-7f63ccbfd000 ---p 00000000 00:00 0 
7f63ccbfd000-7f63cccfb000 rw-p 00000000 00:00 0 
7f63cccfb000-7f63cccfe000 ---p 00000000 00:00 0 
7f63cccfe000-7f63ccffc000 rw-p 00000000 00:00 0 
7f63ccffc000-7f63ccfff000 ---p 00000000 00:00 0 
7f63ccfff000-7f63cd0fd000 rw-p 00000000 00:00 0 
7f63cd0fd000-7f63cd100000 ---p 00000000 00:00 0 
7f63cd100000-7f63cd1fe000 rw-p 00000000 00:00 0 
7f63cd1fe000-7f63cd201000 ---p 00000000 00:00 0 
7f63cd201000-7f63cd2ff000 rw-p 00000000 00:00 0 
7f63cd2ff000-7f63cd302000 ---p 00000000 00:00 0 
7f63cd302000-7f63cd400000 rw-p 00000000 00:00 0 
7f63cd400000-7f63cd403000 ---p 00000000 00:00 0 
7f63cd403000-7f63cd501000 rw-p 00000000 00:00 0 
7f63cd501000-7f63cd504000 ---p 00000000 00:00 0 
7f63cd504000-7f63cd602000 rw-p 00000000 00:00 0 
7f63cd602000-7f63cd605000 ---p 00000000 00:00 0 
7f63cd605000-7f63cd703000 rw-p 00000000 00:00 0 
7f63cd703000-7f63cd706000 ---p 00000000 00:00 0 
7f63cd706000-7f63cd804000 rw-p 00000000 00:00 0 
7f63cd804000-7f63cd807000 ---p 00000000 00:00 0 
7f63cd807000-7f63cd905000 rw-p 00000000 00:00 0 
7f63cd905000-7f63cd908000 ---p 00000000 00:00 0 
7f63cd908000-7f63cda06000 rw-p 00000000 00:00 0 
7f63cda06000-7f63cda09000 ---p 00000000 00:00 0 
7f63cda09000-7f63cdb07000 rw-p 00000000 00:00 0 
7f63cdb07000-7f63cdb0a000 ---p 00000000 00:00 0 
7f63cdb0a000-7f63cdc08000 rw-p 00000000 00:00 0 
7f63cdc08000-7f63cdc0b000 ---p 00000000 00:00 0 
7f63cdc0b000-7f63cdd09000 rw-p 00000000 00:00 0 
7f63cdd09000-7f63cdd0c000 ---p 00000000 00:00 0 
7f63cdd0c000-7f63ce00a000 rw-p 00000000 00:00 0 
7f63ce00a000-7f63ce00d000 ---p 00000000 00:00 0 
7f63ce00d000-7f63ce10b000 rw-p 00000000 00:00 0 
7f63ce10b000-7f63ce10e000 ---p 00000000 00:00 0 
7f63ce10e000-7f63ce20c000 rw-p 00000000 00:00 0 
7f63ce20c000-7f63ce20f000 ---p 00000000 00:00 0 
7f63ce20f000-7f63ce30d000 rw-p 00000000 00:00 0 
7f63ce30d000-7f63ce310000 ---p 00000000 00:00 0 
7f63ce310000-7f63ce40e000 rw-p 00000000 00:00 0 
7f63ce40e000-7f63ce411000 ---p 00000000 00:00 0 
7f63ce411000-7f63ce50f000 rw-p 00000000 00:00 0 
7f63ce50f000-7f63ce512000 ---p 00000000 00:00 0 
7f63ce512000-7f63ce610000 rw-p 00000000 00:00 0 
7f63ce610000-7f63ce613000 ---p 00000000 00:00 0 
7f63ce613000-7f63ce711000 rw-p 00000000 00:00 0 
7f63ce711000-7f63ce722000 r-xp 00000000 103:05 9832878                   /usr/lib/jvm/java-8-oracle/jre/lib/amd64/libnio.so
7f63ce722000-7f63ce921000 ---p 00011000 103:05 9832878                   /usr/lib/jvm/java-8-oracle/jre/lib/amd64/libnio.so
7f63ce921000-7f63ce922000 rw-p 00010000 103:05 9832878                   /usr/lib/jvm/java-8-oracle/jre/lib/amd64/libnio.so
7f63ce922000-7f63ceb22000 rw-p 00000000 00:00 0 
7f63ceb22000-7f63ced22000 rw-p 00000000 00:00 0 
7f63ced22000-7f63cef22000 rw-p 00000000 00:00 0 
7f63cef22000-7f63cef39000 r-xp 00000000 103:05 9832875                   /usr/lib/jvm/java-8-oracle/jre/lib/amd64/libnet.so
7f63cef39000-7f63cf138000 ---p 00017000 103:05 9832875                   /usr/lib/jvm/java-8-oracle/jre/lib/amd64/libnet.so
7f63cf138000-7f63cf139000 rw-p 00016000 103:05 9832875                   /usr/lib/jvm/java-8-oracle/jre/lib/amd64/libnet.so
7f63cf139000-7f63cf641000 r--s 0476c000 103:05 10886353                  /home/saimsalman/Desktop/scl/floodlight/target/floodlight.jar
7f63cf641000-7f63d0000000 r--p 00000000 103:05 2104312                   /usr/lib/locale/locale-archive
7f63d0000000-7f63d0021000 rw-p 00000000 00:00 0 
7f63d0021000-7f63d4000000 ---p 00000000 00:00 0 
7f63d4000000-7f63d4021000 rw-p 00000000 00:00 0 
7f63d4021000-7f63d8000000 ---p 00000000 00:00 0 
7f63d8000000-7f63d8021000 rw-p 00000000 00:00 0 
7f63d8021000-7f63dc000000 ---p 00000000 00:00 0 
7f63dc051000-7f63dc052000 ---p 00000000 00:00 0 
7f63dc052000-7f63dc152000 rw-p 00000000 00:00 0 
7f63dc152000-7f63dc155000 ---p 00000000 00:00 0 
7f63dc155000-7f63dc253000 rw-p 00000000 00:00 0 
7f63dc253000-7f63dc256000 ---p 00000000 00:00 0 
7f63dc256000-7f63dc354000 rw-p 00000000 00:00 0 
7f63dc354000-7f63dc357000 ---p 00000000 00:00 0 
7f63dc357000-7f63dc455000 rw-p 00000000 00:00 0 
7f63dc455000-7f63dc458000 ---p 00000000 00:00 0 
7f63dc458000-7f63dc556000 rw-p 00000000 00:00 0 
7f63dc556000-7f63dc559000 ---p 00000000 00:00 0 
7f63dc559000-7f63dc657000 rw-p 00000000 00:00 0 
7f63dc657000-7f63dc65a000 ---p 00000000 00:00 0 
7f63dc65a000-7f63dc758000 rw-p 00000000 00:00 0 
7f63dc758000-7f63dc75b000 ---p 00000000 00:00 0 
7f63dc75b000-7f63dc859000 rw-p 00000000 00:00 0 
7f63dc859000-7f63dc85c000 ---p 00000000 00:00 0 
7f63dc85c000-7f63dc95a000 rw-p 00000000 00:00 0 
7f63dc95a000-7f63dc95b000 ---p 00000000 00:00 0 
7f63dc95b000-7f63de5c5000 rw-p 00000000 00:00 0 
7f63de5c5000-7f63de79e000 r--s 03d5a000 103:05 9832661                   /usr/lib/jvm/java-8-oracle/jre/lib/rt.jar
7f63de79e000-7f63e7418000 rw-p 00000000 00:00 0 
7f63e7418000-7f63e7419000 ---p 00000000 00:00 0 
7f63e7419000-7f63e7519000 rw-p 00000000 00:00 0 
7f63e7519000-7f63e751a000 ---p 00000000 00:00 0 
7f63e751a000-7f63e761a000 rw-p 00000000 00:00 0 
7f63e761a000-7f63e761b000 ---p 00000000 00:00 0 
7f63e761b000-7f63e771b000 rw-p 00000000 00:00 0 
7f63e771b000-7f63e771c000 ---p 00000000 00:00 0 
7f63e771c000-7f63e781c000 rw-p 00000000 00:00 0 
7f63e781c000-7f63e781d000 ---p 00000000 00:00 0 
7f63e781d000-7f63e791d000 rw-p 00000000 00:00 0 
7f63e791d000-7f63e791e000 ---p 00000000 00:00 0 
7f63e791e000-7f63e7a1e000 rw-p 00000000 00:00 0 
7f63e7a1e000-7f63e7a1f000 ---p 00000000 00:00 0 
7f63e7a1f000-7f63e7b53000 rw-p 00000000 00:00 0 
7f63e7b53000-7f63e804d000 ---p 00000000 00:00 0 
7f63e804d000-7f63e8081000 rw-p 00000000 00:00 0 
7f63e8081000-7f63e857a000 ---p 00000000 00:00 0 
7f63e857a000-7f63e85ac000 rw-p 00000000 00:00 0 
7f63e85ac000-7f63e8811000 ---p 00000000 00:00 0 
7f63e8811000-7f63e8837000 rw-p 00000000 00:00 0 
7f63e8837000-7f63e8bd2000 ---p 00000000 00:00 0 
7f63e8bd2000-7f63e9502000 rwxp 00000000 00:00 0 
7f63e9502000-7f63f7bd2000 ---p 00000000 00:00 0 
7f63f7bd2000-7f63f7bed000 r-xp 00000000 103:05 9832871                   /usr/lib/jvm/java-8-oracle/jre/lib/amd64/libzip.so
7f63f7bed000-7f63f7ded000 ---p 0001b000 103:05 9832871                   /usr/lib/jvm/java-8-oracle/jre/lib/amd64/libzip.so
7f63f7ded000-7f63f7dee000 rw-p 0001b000 103:05 9832871                   /usr/lib/jvm/java-8-oracle/jre/lib/amd64/libzip.so
7f63f7dee000-7f63f7df9000 r-xp 00000000 103:05 11276867                  /lib/x86_64-linux-gnu/libnss_files-2.23.so
7f63f7df9000-7f63f7ff8000 ---p 0000b000 103:05 11276867                  /lib/x86_64-linux-gnu/libnss_files-2.23.so
7f63f7ff8000-7f63f7ff9000 r--p 0000a000 103:05 11276867                  /lib/x86_64-linux-gnu/libnss_files-2.23.so
7f63f7ff9000-7f63f7ffa000 rw-p 0000b000 103:05 11276867                  /lib/x86_64-linux-gnu/libnss_files-2.23.so
7f63f7ffa000-7f63f8000000 rw-p 00000000 00:00 0 
7f63f8000000-7f63f8e9d000 rw-p 00000000 00:00 0 
7f63f8e9d000-7f63fc000000 ---p 00000000 00:00 0 
7f63fc00d000-7f63fc010000 ---p 00000000 00:00 0 
7f63fc010000-7f63fc046000 rw-p 00000000 00:00 0 
7f63fc046000-7f63fc047000 ---p 00000000 00:00 0 
7f63fc047000-7f63fc147000 rw-p 00000000 00:00 0 
7f63fc147000-7f63fc152000 r-xp 00000000 103:05 11276877                  /lib/x86_64-linux-gnu/libnss_nis-2.23.so
7f63fc152000-7f63fc351000 ---p 0000b000 103:05 11276877                  /lib/x86_64-linux-gnu/libnss_nis-2.23.so
7f63fc351000-7f63fc352000 r--p 0000a000 103:05 11276877                  /lib/x86_64-linux-gnu/libnss_nis-2.23.so
7f63fc352000-7f63fc353000 rw-p 0000b000 103:05 11276877                  /lib/x86_64-linux-gnu/libnss_nis-2.23.so
7f63fc353000-7f63fc369000 r-xp 00000000 103:05 11276861                  /lib/x86_64-linux-gnu/libnsl-2.23.so
7f63fc369000-7f63fc568000 ---p 00016000 103:05 11276861                  /lib/x86_64-linux-gnu/libnsl-2.23.so
7f63fc568000-7f63fc569000 r--p 00015000 103:05 11276861                  /lib/x86_64-linux-gnu/libnsl-2.23.so
7f63fc569000-7f63fc56a000 rw-p 00016000 103:05 11276861                  /lib/x86_64-linux-gnu/libnsl-2.23.so
7f63fc56a000-7f63fc56c000 rw-p 00000000 00:00 0 
7f63fc56c000-7f63fc574000 r-xp 00000000 103:05 11276863                  /lib/x86_64-linux-gnu/libnss_compat-2.23.so
7f63fc574000-7f63fc773000 ---p 00008000 103:05 11276863                  /lib/x86_64-linux-gnu/libnss_compat-2.23.so
7f63fc773000-7f63fc774000 r--p 00007000 103:05 11276863                  /lib/x86_64-linux-gnu/libnss_compat-2.23.so
7f63fc774000-7f63fc775000 rw-p 00008000 103:05 11276863                  /lib/x86_64-linux-gnu/libnss_compat-2.23.so
7f63fc775000-7f63fc7a0000 r-xp 00000000 103:05 9832865                   /usr/lib/jvm/java-8-oracle/jre/lib/amd64/libjava.so
7f63fc7a0000-7f63fc99f000 ---p 0002b000 103:05 9832865                   /usr/lib/jvm/java-8-oracle/jre/lib/amd64/libjava.so
7f63fc99f000-7f63fc9a1000 rw-p 0002a000 103:05 9832865                   /usr/lib/jvm/java-8-oracle/jre/lib/amd64/libjava.so
7f63fc9a1000-7f63fc9ae000 r-xp 00000000 103:05 9832870                   /usr/lib/jvm/java-8-oracle/jre/lib/amd64/libverify.so
7f63fc9ae000-7f63fcbae000 ---p 0000d000 103:05 9832870                   /usr/lib/jvm/java-8-oracle/jre/lib/amd64/libverify.so
7f63fcbae000-7f63fcbb0000 rw-p 0000d000 103:05 9832870                   /usr/lib/jvm/java-8-oracle/jre/lib/amd64/libverify.so
7f63fcbb0000-7f63fcbb7000 r-xp 00000000 103:05 11276922                  /lib/x86_64-linux-gnu/librt-2.23.so
7f63fcbb7000-7f63fcdb6000 ---p 00007000 103:05 11276922                  /lib/x86_64-linux-gnu/librt-2.23.so
7f63fcdb6000-7f63fcdb7000 r--p 00006000 103:05 11276922                  /lib/x86_64-linux-gnu/librt-2.23.so
7f63fcdb7000-7f63fcdb8000 rw-p 00007000 103:05 11276922                  /lib/x86_64-linux-gnu/librt-2.23.so
7f63fcdb8000-7f63fcec0000 r-xp 00000000 103:05 11276838                  /lib/x86_64-linux-gnu/libm-2.23.so
7f63fcec0000-7f63fd0bf000 ---p 00108000 103:05 11276838                  /lib/x86_64-linux-gnu/libm-2.23.so
7f63fd0bf000-7f63fd0c0000 r--p 00107000 103:05 11276838                  /lib/x86_64-linux-gnu/libm-2.23.so
7f63fd0c0000-7f63fd0c1000 rw-p 00108000 103:05 11276838                  /lib/x86_64-linux-gnu/libm-2.23.so
7f63fd0c1000-7f63fdd94000 r-xp 00000000 103:05 9832848                   /usr/lib/jvm/java-8-oracle/jre/lib/amd64/server/libjvm.so
7f63fdd94000-7f63fdf93000 ---p 00cd3000 103:05 9832848                   /usr/lib/jvm/java-8-oracle/jre/lib/amd64/server/libjvm.so
7f63fdf93000-7f63fe06d000 rw-p 00cd2000 103:05 9832848                   /usr/lib/jvm/java-8-oracle/jre/lib/amd64/server/libjvm.so
7f63fe06d000-7f63fe0b8000 rw-p 00000000 00:00 0 
7f63fe0b8000-7f63fe278000 r-xp 00000000 103:05 11276768                  /lib/x86_64-linux-gnu/libc-2.23.so
7f63fe278000-7f63fe478000 ---p 001c0000 103:05 11276768                  /lib/x86_64-linux-gnu/libc-2.23.so
7f63fe478000-7f63fe47c000 r--p 001c0000 103:05 11276768                  /lib/x86_64-linux-gnu/libc-2.23.so
7f63fe47c000-7f63fe47e000 rw-p 001c4000 103:05 11276768                  /lib/x86_64-linux-gnu/libc-2.23.so
7f63fe47e000-7f63fe482000 rw-p 00000000 00:00 0 
7f63fe482000-7f63fe485000 r-xp 00000000 103:05 11276792                  /lib/x86_64-linux-gnu/libdl-2.23.so
7f63fe485000-7f63fe684000 ---p 00003000 103:05 11276792                  /lib/x86_64-linux-gnu/libdl-2.23.so
7f63fe684000-7f63fe685000 r--p 00002000 103:05 11276792                  /lib/x86_64-linux-gnu/libdl-2.23.so
7f63fe685000-7f63fe686000 rw-p 00003000 103:05 11276792                  /lib/x86_64-linux-gnu/libdl-2.23.so
7f63fe686000-7f63fe69c000 r-xp 00000000 103:05 9832843                   /usr/lib/jvm/java-8-oracle/jre/lib/amd64/jli/libjli.so
7f63fe69c000-7f63fe89b000 ---p 00016000 103:05 9832843                   /usr/lib/jvm/java-8-oracle/jre/lib/amd64/jli/libjli.so
7f63fe89b000-7f63fe89c000 rw-p 00015000 103:05 9832843                   /usr/lib/jvm/java-8-oracle/jre/lib/amd64/jli/libjli.so
7f63fe89c000-7f63fe8b4000 r-xp 00000000 103:05 11276914                  /lib/x86_64-linux-gnu/libpthread-2.23.so
7f63fe8b4000-7f63feab3000 ---p 00018000 103:05 11276914                  /lib/x86_64-linux-gnu/libpthread-2.23.so
7f63feab3000-7f63feab4000 r--p 00017000 103:05 11276914                  /lib/x86_64-linux-gnu/libpthread-2.23.so
7f63feab4000-7f63feab5000 rw-p 00018000 103:05 11276914                  /lib/x86_64-linux-gnu/libpthread-2.23.so
7f63feab5000-7f63feab9000 rw-p 00000000 00:00 0 
7f63feab9000-7f63feadf000 r-xp 00000000 103:05 11276740                  /lib/x86_64-linux-gnu/ld-2.23.so
7f63feb0f000-7f63febb8000 rw-p 00000000 00:00 0 
7f63febb8000-7f63febbb000 ---p 00000000 00:00 0 
7f63febbb000-7f63fecbd000 rw-p 00000000 00:00 0 
7f63feccc000-7f63fecd1000 r--s 0009a000 103:05 9832718                   /usr/lib/jvm/java-8-oracle/jre/lib/jsse.jar
7f63fecd1000-7f63fecd2000 r--p 00000000 00:00 0 
7f63fecd2000-7f63fecda000 rw-s 00000000 103:05 9969321                   /tmp/hsperfdata_root/4238
7f63fecda000-7f63fecdb000 rw-p 00000000 00:00 0 
7f63fecdb000-7f63fecdc000 r--p 00000000 00:00 0 
7f63fecdc000-7f63fecde000 rw-p 00000000 00:00 0 
7f63fecde000-7f63fecdf000 r--p 00025000 103:05 11276740                  /lib/x86_64-linux-gnu/ld-2.23.so
7f63fecdf000-7f63fece0000 rw-p 00026000 103:05 11276740                  /lib/x86_64-linux-gnu/ld-2.23.so
7f63fece0000-7f63fece1000 rw-p 00000000 00:00 0 
7ffec6cd2000-7ffec6cf3000 rw-p 00000000 00:00 0                          [stack]
7ffec6d7b000-7ffec6d7d000 r--p 00000000 00:00 0                          [vvar]
7ffec6d7d000-7ffec6d7f000 r-xp 00000000 00:00 0                          [vdso]
ffffffffff600000-ffffffffff601000 r-xp 00000000 00:00 0                  [vsyscall]

VM Arguments:
java_command: target/floodlight.jar
java_class_path (initial): target/floodlight.jar
Launcher Type: SUN_STANDARD

Environment Variables:
PATH=/usr/local/sbin:/usr/local/bin:/usr/sbin:/usr/bin:/sbin:/bin:/snap/bin
USERNAME=root
SHELL=/bin/bash
DISPLAY=:0

Signal Handlers:
SIGSEGV: [libjvm.so+0xacbe10], sa_mask[0]=11111111011111111101111111111110, sa_flags=SA_RESTART|SA_SIGINFO
SIGBUS: [libjvm.so+0xacbe10], sa_mask[0]=11111111011111111101111111111110, sa_flags=SA_RESTART|SA_SIGINFO
SIGFPE: [libjvm.so+0x924f90], sa_mask[0]=11111111011111111101111111111110, sa_flags=SA_RESTART|SA_SIGINFO
SIGPIPE: [libjvm.so+0x924f90], sa_mask[0]=11111111011111111101111111111110, sa_flags=SA_RESTART|SA_SIGINFO
SIGXFSZ: [libjvm.so+0x924f90], sa_mask[0]=11111111011111111101111111111110, sa_flags=SA_RESTART|SA_SIGINFO
SIGILL: [libjvm.so+0x924f90], sa_mask[0]=11111111011111111101111111111110, sa_flags=SA_RESTART|SA_SIGINFO
SIGUSR1: SIG_DFL, sa_mask[0]=00000000000000000000000000000000, sa_flags=none
SIGUSR2: [libjvm.so+0x9267d0], sa_mask[0]=00000000000000000000000000000000, sa_flags=SA_RESTART|SA_SIGINFO
SIGHUP: [libjvm.so+0x927bd0], sa_mask[0]=11111111011111111101111111111110, sa_flags=SA_RESTART|SA_SIGINFO
SIGINT: [libjvm.so+0x927bd0], sa_mask[0]=11111111011111111101111111111110, sa_flags=SA_RESTART|SA_SIGINFO
SIGTERM: [libjvm.so+0x927bd0], sa_mask[0]=11111111011111111101111111111110, sa_flags=SA_RESTART|SA_SIGINFO
SIGQUIT: [libjvm.so+0x927bd0], sa_mask[0]=11111111011111111101111111111110, sa_flags=SA_RESTART|SA_SIGINFO


---------------  S Y S T E M  ---------------

OS:DISTRIB_ID=Ubuntu
DISTRIB_RELEASE=16.04
DISTRIB_CODENAME=xenial
DISTRIB_DESCRIPTION="Ubuntu 16.04.3 LTS"

uname:Linux 4.10.0-38-generic #42~16.04.1-Ubuntu SMP Tue Oct 10 16:32:20 UTC 2017 x86_64
libc:glibc 2.23 NPTL 2.23 
rlimit: STACK 8192k, CORE 0k, NPROC 62200, NOFILE 1048576, AS infinity
load average:1.47 2.06 1.92

/proc/meminfo:
MemTotal:       16278368 kB
MemFree:         2411144 kB
MemAvailable:    3698640 kB
Buffers:           72416 kB
Cached:          1785784 kB
SwapCached:        62648 kB
Active:          4358232 kB
Inactive:        2011928 kB
Active(anon):    3805116 kB
Inactive(anon):  1064332 kB
Active(file):     553116 kB
Inactive(file):   947596 kB
Unevictable:     6935060 kB
Mlocked:         6935060 kB
SwapTotal:      23520252 kB
SwapFree:       21652124 kB
Dirty:              9752 kB
Writeback:             0 kB
AnonPages:      11220824 kB
Mapped:           381596 kB
Shmem:            350032 kB
Slab:             289228 kB
SReclaimable:      89076 kB
SUnreclaim:       200152 kB
KernelStack:       36696 kB
PageTables:       105776 kB
NFS_Unstable:          0 kB
Bounce:                0 kB
WritebackTmp:          0 kB
CommitLimit:    31659436 kB
Committed_AS:   19036008 kB
VmallocTotal:   34359738367 kB
VmallocUsed:           0 kB
VmallocChunk:          0 kB
HardwareCorrupted:     0 kB
AnonHugePages:   4978688 kB
ShmemHugePages:        0 kB
ShmemPmdMapped:        0 kB
CmaTotal:              0 kB
CmaFree:               0 kB
HugePages_Total:       0
HugePages_Free:        0
HugePages_Rsvd:        0
HugePages_Surp:        0
Hugepagesize:       2048 kB
DirectMap4k:      528828 kB
DirectMap2M:    16097280 kB
DirectMap1G:           0 kB


CPU:total 8 (initial active 8) (4 cores per cpu, 2 threads per core) family 6 model 158 stepping 9, cmov, cx8, fxsr, mmx, sse, sse2, sse3, ssse3, sse4.1, sse4.2, popcnt, avx, avx2, aes, clmul, erms, 3dnowpref, lzcnt, ht, tsc, tscinvbit, bmi1, bmi2, adx

/proc/cpuinfo:
processor	: 0
vendor_id	: GenuineIntel
cpu family	: 6
model		: 158
model name	: Intel(R) Core(TM) i7-7700HQ CPU @ 2.80GHz
stepping	: 9
microcode	: 0x5e
cpu MHz		: 3403.442
cache size	: 6144 KB
physical id	: 0
siblings	: 8
core id		: 0
cpu cores	: 4
apicid		: 0
initial apicid	: 0
fpu		: yes
fpu_exception	: yes
cpuid level	: 22
wp		: yes
flags		: fpu vme de pse tsc msr pae mce cx8 apic sep mtrr pge mca cmov pat pse36 clflush dts acpi mmx fxsr sse sse2 ss ht tm pbe syscall nx pdpe1gb rdtscp lm constant_tsc art arch_perfmon pebs bts rep_good nopl xtopology nonstop_tsc aperfmperf tsc_known_freq pni pclmulqdq dtes64 monitor ds_cpl vmx est tm2 ssse3 sdbg fma cx16 xtpr pdcm pcid sse4_1 sse4_2 x2apic movbe popcnt tsc_deadline_timer aes xsave avx f16c rdrand lahf_lm abm 3dnowprefetch epb intel_pt tpr_shadow vnmi flexpriority ept vpid fsgsbase tsc_adjust bmi1 avx2 smep bmi2 erms invpcid mpx rdseed adx smap clflushopt xsaveopt xsavec xgetbv1 xsaves dtherm ida arat pln pts hwp hwp_notify hwp_act_window hwp_epp
bugs		:
bogomips	: 5616.00
clflush size	: 64
cache_alignment	: 64
address sizes	: 39 bits physical, 48 bits virtual
power management:

processor	: 1
vendor_id	: GenuineIntel
cpu family	: 6
model		: 158
model name	: Intel(R) Core(TM) i7-7700HQ CPU @ 2.80GHz
stepping	: 9
microcode	: 0x5e
cpu MHz		: 3442.065
cache size	: 6144 KB
physical id	: 0
siblings	: 8
core id		: 1
cpu cores	: 4
apicid		: 2
initial apicid	: 2
fpu		: yes
fpu_exception	: yes
cpuid level	: 22
wp		: yes
flags		: fpu vme de pse tsc msr pae mce cx8 apic sep mtrr pge mca cmov pat pse36 clflush dts acpi mmx fxsr sse sse2 ss ht tm pbe syscall nx pdpe1gb rdtscp lm constant_tsc art arch_perfmon pebs bts rep_good nopl xtopology nonstop_tsc aperfmperf tsc_known_freq pni pclmulqdq dtes64 monitor ds_cpl vmx est tm2 ssse3 sdbg fma cx16 xtpr pdcm pcid sse4_1 sse4_2 x2apic movbe popcnt tsc_deadline_timer aes xsave avx f16c rdrand lahf_lm abm 3dnowprefetch epb intel_pt tpr_shadow vnmi flexpriority ept vpid fsgsbase tsc_adjust bmi1 avx2 smep bmi2 erms invpcid mpx rdseed adx smap clflushopt xsaveopt xsavec xgetbv1 xsaves dtherm ida arat pln pts hwp hwp_notify hwp_act_window hwp_epp
bugs		:
bogomips	: 5616.00
clflush size	: 64
cache_alignment	: 64
address sizes	: 39 bits physical, 48 bits virtual
power management:

processor	: 2
vendor_id	: GenuineIntel
cpu family	: 6
model		: 158
model name	: Intel(R) Core(TM) i7-7700HQ CPU @ 2.80GHz
stepping	: 9
microcode	: 0x5e
cpu MHz		: 3402.416
cache size	: 6144 KB
physical id	: 0
siblings	: 8
core id		: 2
cpu cores	: 4
apicid		: 4
initial apicid	: 4
fpu		: yes
fpu_exception	: yes
cpuid level	: 22
wp		: yes
flags		: fpu vme de pse tsc msr pae mce cx8 apic sep mtrr pge mca cmov pat pse36 clflush dts acpi mmx fxsr sse sse2 ss ht tm pbe syscall nx pdpe1gb rdtscp lm constant_tsc art arch_perfmon pebs bts rep_good nopl xtopology nonstop_tsc aperfmperf tsc_known_freq pni pclmulqdq dtes64 monitor ds_cpl vmx est tm2 ssse3 sdbg fma cx16 xtpr pdcm pcid sse4_1 sse4_2 x2apic movbe popcnt tsc_deadline_timer aes xsave avx f16c rdrand lahf_lm abm 3dnowprefetch epb intel_pt tpr_shadow vnmi flexpriority ept vpid fsgsbase tsc_adjust bmi1 avx2 smep bmi2 erms invpcid mpx rdseed adx smap clflushopt xsaveopt xsavec xgetbv1 xsaves dtherm ida arat pln pts hwp hwp_notify hwp_act_window hwp_epp
bugs		:
bogomips	: 5616.00
clflush size	: 64
cache_alignment	: 64
address sizes	: 39 bits physical, 48 bits virtual
power management:

processor	: 3
vendor_id	: GenuineIntel
cpu family	: 6
model		: 158
model name	: Intel(R) Core(TM) i7-7700HQ CPU @ 2.80GHz
stepping	: 9
microcode	: 0x5e
cpu MHz		: 3424.804
cache size	: 6144 KB
physical id	: 0
siblings	: 8
core id		: 3
cpu cores	: 4
apicid		: 6
initial apicid	: 6
fpu		: yes
fpu_exception	: yes
cpuid level	: 22
wp		: yes
flags		: fpu vme de pse tsc msr pae mce cx8 apic sep mtrr pge mca cmov pat pse36 clflush dts acpi mmx fxsr sse sse2 ss ht tm pbe syscall nx pdpe1gb rdtscp lm constant_tsc art arch_perfmon pebs bts rep_good nopl xtopology nonstop_tsc aperfmperf tsc_known_freq pni pclmulqdq dtes64 monitor ds_cpl vmx est tm2 ssse3 sdbg fma cx16 xtpr pdcm pcid sse4_1 sse4_2 x2apic movbe popcnt tsc_deadline_timer aes xsave avx f16c rdrand lahf_lm abm 3dnowprefetch epb intel_pt tpr_shadow vnmi flexpriority ept vpid fsgsbase tsc_adjust bmi1 avx2 smep bmi2 erms invpcid mpx rdseed adx smap clflushopt xsaveopt xsavec xgetbv1 xsaves dtherm ida arat pln pts hwp hwp_notify hwp_act_window hwp_epp
bugs		:
bogomips	: 5616.00
clflush size	: 64
cache_alignment	: 64
address sizes	: 39 bits physical, 48 bits virtual
power management:

processor	: 4
vendor_id	: GenuineIntel
cpu family	: 6
model		: 158
model name	: Intel(R) Core(TM) i7-7700HQ CPU @ 2.80GHz
stepping	: 9
microcode	: 0x5e
cpu MHz		: 3407.714
cache size	: 6144 KB
physical id	: 0
siblings	: 8
core id		: 0
cpu cores	: 4
apicid		: 1
initial apicid	: 1
fpu		: yes
fpu_exception	: yes
cpuid level	: 22
wp		: yes
flags		: fpu vme de pse tsc msr pae mce cx8 apic sep mtrr pge mca cmov pat pse36 clflush dts acpi mmx fxsr sse sse2 ss ht tm pbe syscall nx pdpe1gb rdtscp lm constant_tsc art arch_perfmon pebs bts rep_good nopl xtopology nonstop_tsc aperfmperf tsc_known_freq pni pclmulqdq dtes64 monitor ds_cpl vmx est tm2 ssse3 sdbg fma cx16 xtpr pdcm pcid sse4_1 sse4_2 x2apic movbe popcnt tsc_deadline_timer aes xsave avx f16c rdrand lahf_lm abm 3dnowprefetch epb intel_pt tpr_shadow vnmi flexpriority ept vpid fsgsbase tsc_adjust bmi1 avx2 smep bmi2 erms invpcid mpx rdseed adx smap clflushopt xsaveopt xsavec xgetbv1 xsaves dtherm ida arat pln pts hwp hwp_notify hwp_act_window hwp_epp
bugs		:
bogomips	: 5616.00
clflush size	: 64
cache_alignment	: 64
address sizes	: 39 bits physical, 48 bits virtual
power management:

processor	: 5
vendor_id	: GenuineIntel
cpu family	: 6
model		: 158
model name	: Intel(R) Core(TM) i7-7700HQ CPU @ 2.80GHz
stepping	: 9
microcode	: 0x5e
cpu MHz		: 3459.155
cache size	: 6144 KB
physical id	: 0
siblings	: 8
core id		: 1
cpu cores	: 4
apicid		: 3
initial apicid	: 3
fpu		: yes
fpu_exception	: yes
cpuid level	: 22
wp		: yes
flags		: fpu vme de pse tsc msr pae mce cx8 apic sep mtrr pge mca cmov pat pse36 clflush dts acpi mmx fxsr sse sse2 ss ht tm pbe syscall nx pdpe1gb rdtscp lm constant_tsc art arch_perfmon pebs bts rep_good nopl xtopology nonstop_tsc aperfmperf tsc_known_freq pni pclmulqdq dtes64 monitor ds_cpl vmx est tm2 ssse3 sdbg fma cx16 xtpr pdcm pcid sse4_1 sse4_2 x2apic movbe popcnt tsc_deadline_timer aes xsave avx f16c rdrand lahf_lm abm 3dnowprefetch epb intel_pt tpr_shadow vnmi flexpriority ept vpid fsgsbase tsc_adjust bmi1 avx2 smep bmi2 erms invpcid mpx rdseed adx smap clflushopt xsaveopt xsavec xgetbv1 xsaves dtherm ida arat pln pts hwp hwp_notify hwp_act_window hwp_epp
bugs		:
bogomips	: 5616.00
clflush size	: 64
cache_alignment	: 64
address sizes	: 39 bits physical, 48 bits virtual
power management:

processor	: 6
vendor_id	: GenuineIntel
cpu family	: 6
model		: 158
model name	: Intel(R) Core(TM) i7-7700HQ CPU @ 2.80GHz
stepping	: 9
microcode	: 0x5e
cpu MHz		: 3403.784
cache size	: 6144 KB
physical id	: 0
siblings	: 8
core id		: 2
cpu cores	: 4
apicid		: 5
initial apicid	: 5
fpu		: yes
fpu_exception	: yes
cpuid level	: 22
wp		: yes
flags		: fpu vme de pse tsc msr pae mce cx8 apic sep mtrr pge mca cmov pat pse36 clflush dts acpi mmx fxsr sse sse2 ss ht tm pbe syscall nx pdpe1gb rdtscp lm constant_tsc art arch_perfmon pebs bts rep_good nopl xtopology nonstop_tsc aperfmperf tsc_known_freq pni pclmulqdq dtes64 monitor ds_cpl vmx est tm2 ssse3 sdbg fma cx16 xtpr pdcm pcid sse4_1 sse4_2 x2apic movbe popcnt tsc_deadline_timer aes xsave avx f16c rdrand lahf_lm abm 3dnowprefetch epb intel_pt tpr_shadow vnmi flexpriority ept vpid fsgsbase tsc_adjust bmi1 avx2 smep bmi2 erms invpcid mpx rdseed adx smap clflushopt xsaveopt xsavec xgetbv1 xsaves dtherm ida arat pln pts hwp hwp_notify hwp_act_window hwp_epp
bugs		:
bogomips	: 5616.00
clflush size	: 64
cache_alignment	: 64
address sizes	: 39 bits physical, 48 bits virtual
power management:

processor	: 7
vendor_id	: GenuineIntel
cpu family	: 6
model		: 158
model name	: Intel(R) Core(TM) i7-7700HQ CPU @ 2.80GHz
stepping	: 9
microcode	: 0x5e
cpu MHz		: 3414.721
cache size	: 6144 KB
physical id	: 0
siblings	: 8
core id		: 3
cpu cores	: 4
apicid		: 7
initial apicid	: 7
fpu		: yes
fpu_exception	: yes
cpuid level	: 22
wp		: yes
flags		: fpu vme de pse tsc msr pae mce cx8 apic sep mtrr pge mca cmov pat pse36 clflush dts acpi mmx fxsr sse sse2 ss ht tm pbe syscall nx pdpe1gb rdtscp lm constant_tsc art arch_perfmon pebs bts rep_good nopl xtopology nonstop_tsc aperfmperf tsc_known_freq pni pclmulqdq dtes64 monitor ds_cpl vmx est tm2 ssse3 sdbg fma cx16 xtpr pdcm pcid sse4_1 sse4_2 x2apic movbe popcnt tsc_deadline_timer aes xsave avx f16c rdrand lahf_lm abm 3dnowprefetch epb intel_pt tpr_shadow vnmi flexpriority ept vpid fsgsbase tsc_adjust bmi1 avx2 smep bmi2 erms invpcid mpx rdseed adx smap clflushopt xsaveopt xsavec xgetbv1 xsaves dtherm ida arat pln pts hwp hwp_notify hwp_act_window hwp_epp
bugs		:
bogomips	: 5616.00
clflush size	: 64
cache_alignment	: 64
address sizes	: 39 bits physical, 48 bits virtual
power management:



Memory: 4k page, physical 16278368k(2436624k free), swap 23520252k(21652124k free)

vm_info: Java HotSpot(TM) 64-Bit Server VM (25.151-b12) for linux-amd64 JRE (1.8.0_151-b12), built on Sep  5 2017 19:20:58 by "java_re" with gcc 4.3.0 20080428 (Red Hat 4.3.0-8)

time: Sat Nov 11 22:45:07 2017
elapsed time: 1805 seconds (0d 0h 30m 5s)

