#
# A fatal error has been detected by the Java Runtime Environment:
#
#  SIGBUS (0x7) at pc=0x00007f5831fb3522, pid=24792, tid=0x00007f577e9e6700
#
# JRE version: Java(TM) SE Runtime Environment (8.0_151-b12) (build 1.8.0_151-b12)
# Java VM: Java HotSpot(TM) 64-Bit Server VM (25.151-b12 mixed mode linux-amd64 compressed oops)
# Problematic frame:
# C  [libzip.so+0x12522]  newEntry+0x62
#
# Failed to write core dump. Core dumps have been disabled. To enable core dumping, try "ulimit -c unlimited" before starting Java again
#
# If you would like to submit a bug report, please visit:
#   http://bugreport.java.com/bugreport/crash.jsp
# The crash happened outside the Java Virtual Machine in native code.
# See problematic frame for where to report the bug.
#

---------------  T H R E A D  ---------------

Current thread (0x00007f5788006800):  JavaThread "nioEventLoopGroup-3-3" [_thread_in_native, id=25314, stack(0x00007f577e8e6000,0x00007f577e9e7000)]

siginfo: si_signo: 7 (SIGBUS), si_code: 2 (BUS_ADRERR), si_addr: 0x00007f57fd49f2bd

Registers:
RAX=0x00007f574009bfc0, RBX=0x00007f582c2829f0, RCX=0x00007f5740000020, RDX=0x00007f574009bfc0
RSP=0x00007f577e9e3230, RBP=0x00007f577e9e3280, RSI=0x0000000000000054, RDI=0x0000000000000010
R8 =0x00007f57400000a8, R9 =0x00007f577e9e3300, R10=0x00007f581d1badd8, R11=0x000000076e920f88
R12=0x00007f57fd49f2a0, R13=0x00007f574009bfc0, R14=0x000000005582cf2a, R15=0x00007f582c2349b0
RIP=0x00007f5831fb3522, EFLAGS=0x0000000000010206, CSGSFS=0x002b000000000033, ERR=0x0000000000000004
  TRAPNO=0x000000000000000e

Top of Stack: (sp=0x00007f577e9e3230)
0x00007f577e9e3230:   00007f57dc042028 00007f5700000000
0x00007f577e9e3240:   00000007c00007a8 00007f5833c2cd0e
0x00007f577e9e3250:   00007f574009bfc0 00007f582c2829f0
0x00007f577e9e3260:   00007f5784004a10 00007f582c2349b0
0x00007f577e9e3270:   000000005582cf2a 0000000000000037
0x00007f577e9e3280:   00007f577e9e32e0 00007f5831fb3c7f
0x00007f577e9e3290:   00007f5788006800 01007f577e9e4530
0x00007f577e9e32a0:   00007f577e9e3300 00007f577e9e3338
0x00007f577e9e32b0:   00007f577e9e3336 00007f577e9e3300
0x00007f577e9e32c0:   0000000000000037 00007f57880069f8
0x00007f577e9e32d0:   00007f577e9e3758 0000000000000001
0x00007f577e9e32e0:   00007f577e9e3740 00007f5831fa4ec0
0x00007f577e9e32f0:   00007f577e9e3980 00007f582c2349b0
0x00007f577e9e3300:   797474656e2f6f69 6c656e6e6168632f
0x00007f577e9e3310:   636172747362412f 6c656e6e61684374
0x00007f577e9e3320:   6361727473624124 24656661736e5574
0x00007f577e9e3330:   007373616c632e37 00007f577e9e40b0
0x00007f577e9e3340:   00007f577e9e41dc 00007f5788006800
0x00007f577e9e3350:   000000247e9e33b0 00007f5788006ca0
0x00007f577e9e3360:   00007f577e9e4508 00007f577e9e450c
0x00007f577e9e3370:   00007f577e9e4500 00007f577e9e4504
0x00007f577e9e3380:   00007f577e9e44f8 00007f577e9e44fc
0x00007f577e9e3390:   00007f577e9e44f0 00007f577e9e44f4
0x00007f577e9e33a0:   00007f577e9e40b0 00007f581d508490
0x00007f577e9e33b0:   00007f577e9e4520 00007f577e9e4520
0x00007f577e9e33c0:   00007f577e9e44d8 00007f577e9e44dc
0x00007f577e9e33d0:   00007f577e9e44d0 00007f577e9e44d4
0x00007f577e9e33e0:   00007f577e9e44c8 00007f577e9e44cc
0x00007f577e9e33f0:   00007f577e9e44c0 00007f577e9e44c4
0x00007f577e9e3400:   00007f577e9e44b8 00007f577e9e44bc
0x00007f577e9e3410:   00007f577e9e44b0 00007f577e9e44b4
0x00007f577e9e3420:   00007f577e9e44a8 00007f577e9e44ac 

Instructions: (pc=0x00007f5831fb3522)
0x00007f5831fb3502:   00 48 c7 40 28 00 00 00 00 41 80 7f 30 00 0f 84
0x00007f5831fb3512:   8a 02 00 00 4c 8b 63 08 4d 2b 67 28 4d 03 67 18
0x00007f5831fb3522:   41 0f b6 5c 24 1d 41 0f b6 44 24 1c c1 e3 08 09
0x00007f5831fb3532:   c3 41 0f b6 44 24 1e 88 45 bd 41 0f b6 54 24 20 

Register to memory mapping:

RAX=0x00007f574009bfc0 is an unknown value
RBX=0x00007f582c2829f0 is an unknown value
RCX=0x00007f5740000020 is an unknown value
RDX=0x00007f574009bfc0 is an unknown value
RSP=0x00007f577e9e3230 is pointing into the stack for thread: 0x00007f5788006800
RBP=0x00007f577e9e3280 is pointing into the stack for thread: 0x00007f5788006800
RSI=0x0000000000000054 is an unknown value
RDI=0x0000000000000010 is an unknown value
R8 =0x00007f57400000a8 is an unknown value
R9 =0x00007f577e9e3300 is pointing into the stack for thread: 0x00007f5788006800
R10=0x00007f581d1badd8 is at entry_point+88 in (nmethod*)0x00007f581d1bac10
R11=0x000000076e920f88 is an oop
