#
# A fatal error has been detected by the Java Runtime Environment:
#
#  SIGBUS (0x7) at pc=0x00007fc5c9d89522, pid=4240, tid=0x00007fc50fdfd700
#
# JRE version: Java(TM) SE Runtime Environment (8.0_151-b12) (build 1.8.0_151-b12)
# Java VM: Java HotSpot(TM) 64-Bit Server VM (25.151-b12 mixed mode linux-amd64 compressed oops)
# Problematic frame:
# C  [libzip.so+0x12522]  newEntry+0x62
#
# Failed to write core dump. Core dumps have been disabled. To enable core dumping, try "ulimit -c unlimited" before starting Java again
#
# If you would like to submit a bug report, please visit:
#   http://bugreport.java.com/bugreport/crash.jsp
# The crash happened outside the Java Virtual Machine in native code.
# See problematic frame for where to report the bug.
#

---------------  T H R E A D  ---------------

Current thread (0x00007fc528012000):  JavaThread "nioEventLoopGroup-3-6" [_thread_in_native, id=4795, stack(0x00007fc50fcfd000,0x00007fc50fdfe000)]

siginfo: si_signo: 7 (SIGBUS), si_code: 2 (BUS_ADRERR), si_addr: 0x00007fc59529c38f

Registers:
RAX=0x00007fc5000033d0, RBX=0x00007fc5c4282ca0, RCX=0x00007fc500000020, RDX=0x00007fc5000033d0
RSP=0x00007fc50fdfa300, RBP=0x00007fc50fdfa350, RSI=0x000000000410042c, RDI=0x0000000000000050
R8 =0x00007fc500000098, R9 =0x00007fc50fdfa3d0, R10=0x00007fc5b518e258, R11=0x0000000000000037
R12=0x00007fc59529c372, R13=0x00007fc5000033d0, R14=0x000000005582cf2a, R15=0x00007fc5c4234a70
RIP=0x00007fc5c9d89522, EFLAGS=0x0000000000010206, CSGSFS=0x002b000000000033, ERR=0x0000000000000004
  TRAPNO=0x000000000000000e

Top of Stack: (sp=0x00007fc50fdfa300)
0x00007fc50fdfa300:   00007fc50fdfb790 0000000000000000
0x00007fc50fdfa310:   00000007c00007a8 00007fc5cba02d0e
0x00007fc50fdfa320:   00007fc5000033d0 00007fc5c4282ca0
0x00007fc50fdfa330:   00007fc510003540 00007fc5c4234a70
0x00007fc50fdfa340:   000000005582cf2a 0000000000000037
0x00007fc50fdfa350:   00007fc50fdfa3b0 00007fc5c9d89c7f
0x00007fc50fdfa360:   00007fc528012000 0100000794aea4e0
0x00007fc50fdfa370:   00007fc50fdfa3d0 00007fc50fdfa408
0x00007fc50fdfa380:   00007fc50fdfa406 00007fc50fdfa3d0
0x00007fc50fdfa390:   0000000000000037 00007fc5280121f8
0x00007fc50fdfa3a0:   00007fc50fdfa828 0000000000000001
0x00007fc50fdfa3b0:   00007fc50fdfa810 00007fc5c9d7aec0
0x00007fc50fdfa3c0:   00007fc50ee8b750 00007fc5c4234a70
0x00007fc50fdfa3d0:   797474656e2f6f69 6c656e6e6168632f
0x00007fc50fdfa3e0:   636172747362412f 6c656e6e61684374
0x00007fc50fdfa3f0:   6361727473624124 24656661736e5574
0x00007fc50fdfa400:   007373616c632e37 00007fc50ee59710
0x00007fc50fdfa410:   00007fc560a987b8 00007fc50ee59710
0x00007fc50fdfa420:   00000007c000dea8 00007fc50ee8b730
0x00007fc50fdfa430:   00007fc50f308ab8 00007fc50ee8b6b0
0x00007fc50fdfa440:   00007fc50f4f0550 00007fc50f4f0948
0x00007fc50fdfa450:   00007fc50f30bf58 00007fc528012a28
0x00007fc50fdfa460:   00007fc528012a20 000000060ee8b630
0x00007fc50fdfa470:   00000067ccbb74b0 00007fc50fdfac40
0x00007fc50fdfa480:   00007fc50ee596f0 00007fc5cb916599
0x00007fc50fdfa490:   0000000000000338 00007fc50f302cc8
0x00007fc50fdfa4a0:   000000000ee8b690 000000000f4f02a0
0x00007fc50fdfa4b0:   00000007c01d2e70 01007fc50ee5a910
0x00007fc50fdfa4c0:   00000007c01d2e70 00007fc5cbc84eda
0x00007fc50fdfa4d0:   00000007c01d6a98 00007fc5c4a89190
0x00007fc50fdfa4e0:   000000070ee8b610 00007fc50edfbe00
0x00007fc50fdfa4f0:   00007fc50fdfa580 00007fc50ee5a8f0 

Instructions: (pc=0x00007fc5c9d89522)
0x00007fc5c9d89502:   00 48 c7 40 28 00 00 00 00 41 80 7f 30 00 0f 84
0x00007fc5c9d89512:   8a 02 00 00 4c 8b 63 08 4d 2b 67 28 4d 03 67 18
0x00007fc5c9d89522:   41 0f b6 5c 24 1d 41 0f b6 44 24 1c c1 e3 08 09
0x00007fc5c9d89532:   c3 41 0f b6 44 24 1e 88 45 bd 41 0f b6 54 24 20 

Register to memory mapping:

RAX=0x00007fc5000033d0 is an unknown value
RBX=0x00007fc5c4282ca0 is an unknown value
RCX=0x00007fc500000020 is an unknown value
RDX=0x00007fc5000033d0 is an unknown value
RSP=0x00007fc50fdfa300 is pointing into the stack for thread: 0x00007fc528012000
RBP=0x00007fc50fdfa350 is pointing into the stack for thread: 0x00007fc528012000
RSI=0x000000000410042c is an unknown value
RDI=0x0000000000000050 is an unknown value
R8 =0x00007fc500000098 is an unknown value
R9 =0x00007fc50fdfa3d0 is pointing into the stack for thread: 0x00007fc528012000
R10=0x00007fc5b518e258 is at entry_point+88 in (nmethod*)0x00007fc5b518e090
R11=0x0000000000000037 is an unknown value
R12=0x00007fc59529c372 is an unknown value
R13=0x00007fc5000033d0 is an unknown value
R14=0x000000005582cf2a is an unknown value
R15=0x00007fc5c4234a70 is an unknown value


Stack: [0x00007fc50fcfd000,0x00007fc50fdfe000],  sp=0x00007fc50fdfa300,  free space=1012k
Native frames: (J=compiled Java code, j=interpreted, Vv=VM code, C=native code)
C  [libzip.so+0x12522]  newEntry+0x62
C  [libzip.so+0x12c7f]  ZIP_GetEntry2+0xff
C  [libzip.so+0x3ec0]  Java_java_util_zip_ZipFile_getEntry+0xf0
J 252  java.util.zip.ZipFile.getEntry(J[BZ)J (0 bytes) @ 0x00007fc5b518e2ce [0x00007fc5b518e200+0xce]
J 331 C1 java.util.zip.ZipFile.getEntry(Ljava/lang/String;)Ljava/util/zip/ZipEntry; (101 bytes) @ 0x00007fc5b51bb88c [0x00007fc5b51bb620+0x26c]
J 330 C1 java.util.jar.JarFile.getEntry(Ljava/lang/String;)Ljava/util/zip/ZipEntry; (22 bytes) @ 0x00007fc5b51bb024 [0x00007fc5b51bafa0+0x84]
J 553 C2 sun.misc.URLClassPath$JarLoader.getResource(Ljava/lang/String;Z)Lsun/misc/Resource; (85 bytes) @ 0x00007fc5b5250180 [0x00007fc5b524ff40+0x240]
J 1043 C2 sun.misc.URLClassPath.getResource(Ljava/lang/String;Z)Lsun/misc/Resource; (83 bytes) @ 0x00007fc5b5372214 [0x00007fc5b53720a0+0x174]
J 250 C1 java.net.URLClassLoader$1.run()Ljava/lang/Class; (63 bytes) @ 0x00007fc5b518daac [0x00007fc5b518d8a0+0x20c]
J 249 C1 java.net.URLClassLoader$1.run()Ljava/lang/Object; (5 bytes) @ 0x00007fc5b518c94c [0x00007fc5b518c8c0+0x8c]
v  ~StubRoutines::call_stub
V  [libjvm.so+0x693e76]  JavaCalls::call_helper(JavaValue*, methodHandle*, JavaCallArguments*, Thread*)+0x1056
V  [libjvm.so+0x72d14c]  JVM_DoPrivileged+0x27c
J 166  java.security.AccessController.doPrivileged(Ljava/security/PrivilegedExceptionAction;Ljava/security/AccessControlContext;)Ljava/lang/Object; (0 bytes) @ 0x00007fc5b5160f55 [0x00007fc5b5160e80+0xd5]
J 1832 C2 java.lang.ClassLoader.loadClass(Ljava/lang/String;Z)Ljava/lang/Class; (122 bytes) @ 0x00007fc5b557d700 [0x00007fc5b557d240+0x4c0]
J 225 C1 sun.misc.Launcher$AppClassLoader.loadClass(Ljava/lang/String;Z)Ljava/lang/Class; (85 bytes) @ 0x00007fc5b517eaa4 [0x00007fc5b517e100+0x9a4]
J 224 C1 java.lang.ClassLoader.loadClass(Ljava/lang/String;)Ljava/lang/Class; (7 bytes) @ 0x00007fc5b517d9c4 [0x00007fc5b517d8c0+0x104]
v  ~StubRoutines::call_stub
V  [libjvm.so+0x693e76]  JavaCalls::call_helper(JavaValue*, methodHandle*, JavaCallArguments*, Thread*)+0x1056
V  [libjvm.so+0x694381]  JavaCalls::call_virtual(JavaValue*, KlassHandle, Symbol*, Symbol*, JavaCallArguments*, Thread*)+0x321
V  [libjvm.so+0x6947d6]  JavaCalls::call_virtual(JavaValue*, Handle, KlassHandle, Symbol*, Symbol*, Handle, Thread*)+0x56
V  [libjvm.so+0xa40db0]  SystemDictionary::load_instance_class(Symbol*, Handle, Thread*)+0x3f0
V  [libjvm.so+0xa3fcfc]  SystemDictionary::resolve_instance_class_or_null(Symbol*, Handle, Handle, Thread*)+0x78c
V  [libjvm.so+0xa411d3]  SystemDictionary::resolve_or_fail(Symbol*, Handle, Handle, bool, Thread*)+0x33
V  [libjvm.so+0x4f6348]  ConstantPool::klass_at_impl(constantPoolHandle, int, Thread*)+0x158
V  [libjvm.so+0x6885d1]  InterpreterRuntime::_new(JavaThread*, ConstantPool*, int)+0x71
j  io.netty.channel.AbstractChannel$AbstractUnsafe.fireChannelInactiveAndDeregister(Z)V+15
j  io.netty.channel.AbstractChannel$AbstractUnsafe.close(Lio/netty/channel/ChannelPromise;)V+182
j  io.netty.channel.nio.AbstractNioByteChannel$NioByteUnsafe.closeOnRead(Lio/netty/channel/ChannelPipeline;)V+86
j  io.netty.channel.nio.AbstractNioByteChannel$NioByteUnsafe.read()V+263
J 3077% C2 io.netty.channel.nio.NioEventLoop.run()V (160 bytes) @ 0x00007fc5b5853014 [0x00007fc5b5852920+0x6f4]
j  io.netty.util.concurrent.SingleThreadEventExecutor$2.run()V+13
j  io.netty.util.concurrent.DefaultThreadFactory$DefaultRunnableDecorator.run()V+4
j  java.lang.Thread.run()V+11
v  ~StubRoutines::call_stub
V  [libjvm.so+0x693e76]  JavaCalls::call_helper(JavaValue*, methodHandle*, JavaCallArguments*, Thread*)+0x1056
V  [libjvm.so+0x694381]  JavaCalls::call_virtual(JavaValue*, KlassHandle, Symbol*, Symbol*, JavaCallArguments*, Thread*)+0x321
V  [libjvm.so+0x694827]  JavaCalls::call_virtual(JavaValue*, Handle, KlassHandle, Symbol*, Symbol*, Thread*)+0x47
V  [libjvm.so+0x72fbb0]  thread_entry(JavaThread*, Thread*)+0xa0
V  [libjvm.so+0xa79b53]  JavaThread::thread_main_inner()+0x103
V  [libjvm.so+0xa79c9c]  JavaThread::run()+0x11c
V  [libjvm.so+0x92a728]  java_start(Thread*)+0x108
C  [libpthread.so.0+0x76ba]  start_thread+0xca

Java frames: (J=compiled Java code, j=interpreted, Vv=VM code)
J 252  java.util.zip.ZipFile.getEntry(J[BZ)J (0 bytes) @ 0x00007fc5b518e258 [0x00007fc5b518e200+0x58]
J 331 C1 java.util.zip.ZipFile.getEntry(Ljava/lang/String;)Ljava/util/zip/ZipEntry; (101 bytes) @ 0x00007fc5b51bb88c [0x00007fc5b51bb620+0x26c]
J 330 C1 java.util.jar.JarFile.getEntry(Ljava/lang/String;)Ljava/util/zip/ZipEntry; (22 bytes) @ 0x00007fc5b51bb024 [0x00007fc5b51bafa0+0x84]
J 553 C2 sun.misc.URLClassPath$JarLoader.getResource(Ljava/lang/String;Z)Lsun/misc/Resource; (85 bytes) @ 0x00007fc5b5250180 [0x00007fc5b524ff40+0x240]
J 1043 C2 sun.misc.URLClassPath.getResource(Ljava/lang/String;Z)Lsun/misc/Resource; (83 bytes) @ 0x00007fc5b5372214 [0x00007fc5b53720a0+0x174]
J 250 C1 java.net.URLClassLoader$1.run()Ljava/lang/Class; (63 bytes) @ 0x00007fc5b518daac [0x00007fc5b518d8a0+0x20c]
J 249 C1 java.net.URLClassLoader$1.run()Ljava/lang/Object; (5 bytes) @ 0x00007fc5b518c94c [0x00007fc5b518c8c0+0x8c]
v  ~StubRoutines::call_stub
J 166  java.security.AccessController.doPrivileged(Ljava/security/PrivilegedExceptionAction;Ljava/security/AccessControlContext;)Ljava/lang/Object; (0 bytes) @ 0x00007fc5b5160ee3 [0x00007fc5b5160e80+0x63]
J 1832 C2 java.lang.ClassLoader.loadClass(Ljava/lang/String;Z)Ljava/lang/Class; (122 bytes) @ 0x00007fc5b557d700 [0x00007fc5b557d240+0x4c0]
J 225 C1 sun.misc.Launcher$AppClassLoader.loadClass(Ljava/lang/String;Z)Ljava/lang/Class; (85 bytes) @ 0x00007fc5b517eaa4 [0x00007fc5b517e100+0x9a4]
J 224 C1 java.lang.ClassLoader.loadClass(Ljava/lang/String;)Ljava/lang/Class; (7 bytes) @ 0x00007fc5b517d9c4 [0x00007fc5b517d8c0+0x104]
v  ~StubRoutines::call_stub
j  io.netty.channel.AbstractChannel$AbstractUnsafe.fireChannelInactiveAndDeregister(Z)V+15
j  io.netty.channel.AbstractChannel$AbstractUnsafe.close(Lio/netty/channel/ChannelPromise;)V+182
j  io.netty.channel.nio.AbstractNioByteChannel$NioByteUnsafe.closeOnRead(Lio/netty/channel/ChannelPipeline;)V+86
j  io.netty.channel.nio.AbstractNioByteChannel$NioByteUnsafe.read()V+263
J 3077% C2 io.netty.channel.nio.NioEventLoop.run()V (160 bytes) @ 0x00007fc5b5853014 [0x00007fc5b5852920+0x6f4]
j  io.netty.util.concurrent.SingleThreadEventExecutor$2.run()V+13
j  io.netty.util.concurrent.DefaultThreadFactory$DefaultRunnableDecorator.run()V+4
j  java.lang.Thread.run()V+11
v  ~StubRoutines::call_stub

---------------  P R O C E S S  ---------------

Java Threads: ( => current thread )
  0x00007fc528024000 JavaThread "nioEventLoopGroup-3-16" [_thread_in_native, id=4839, stack(0x00007fc50eff2000,0x00007fc50f0f3000)]
  0x00007fc528022800 JavaThread "nioEventLoopGroup-3-15" [_thread_in_native, id=4838, stack(0x00007fc50f0f3000,0x00007fc50f1f4000)]
  0x00007fc528021800 JavaThread "nioEventLoopGroup-3-14" [_thread_in_native, id=4821, stack(0x00007fc50f1f4000,0x00007fc50f2f5000)]
  0x00007fc500002000 JavaThread "pool-3-thread-1" [_thread_blocked, id=4803, stack(0x00007fc50f4f5000,0x00007fc50f5f6000)]
  0x00007fc52801f800 JavaThread "nioEventLoopGroup-3-13" [_thread_in_native, id=4802, stack(0x00007fc50f5f6000,0x00007fc50f6f7000)]
  0x00007fc52801d800 JavaThread "nioEventLoopGroup-3-12" [_thread_in_native, id=4801, stack(0x00007fc50f6f7000,0x00007fc50f7f8000)]
  0x00007fc52801b800 JavaThread "nioEventLoopGroup-3-11" [_thread_blocked, id=4800, stack(0x00007fc50f7f8000,0x00007fc50f8f9000)]
  0x00007fc528019800 JavaThread "nioEventLoopGroup-3-10" [_thread_in_native, id=4799, stack(0x00007fc50f8f9000,0x00007fc50f9fa000)]
  0x00007fc528017800 JavaThread "nioEventLoopGroup-3-9" [_thread_in_native, id=4798, stack(0x00007fc50f9fa000,0x00007fc50fafb000)]
  0x00007fc528016000 JavaThread "nioEventLoopGroup-3-8" [_thread_blocked, id=4797, stack(0x00007fc50fafb000,0x00007fc50fbfc000)]
  0x00007fc528014000 JavaThread "nioEventLoopGroup-3-7" [_thread_blocked, id=4796, stack(0x00007fc50fbfc000,0x00007fc50fcfd000)]
=>0x00007fc528012000 JavaThread "nioEventLoopGroup-3-6" [_thread_in_native, id=4795, stack(0x00007fc50fcfd000,0x00007fc50fdfe000)]
  0x00007fc528010000 JavaThread "nioEventLoopGroup-3-5" [_thread_in_native, id=4794, stack(0x00007fc50fdfe000,0x00007fc50feff000)]
  0x00007fc52800e800 JavaThread "nioEventLoopGroup-3-4" [_thread_in_native, id=4793, stack(0x00007fc50feff000,0x00007fc510000000)]
  0x00007fc52800c800 JavaThread "nioEventLoopGroup-3-3" [_thread_in_native, id=4792, stack(0x00007fc5600f2000,0x00007fc5601f3000)]
  0x00007fc52800b800 JavaThread "nioEventLoopGroup-3-2" [_thread_in_native, id=4791, stack(0x00007fc5601f3000,0x00007fc5602f4000)]
  0x00007fc528009800 JavaThread "nioEventLoopGroup-3-1" [_thread_in_native, id=4790, stack(0x00007fc5602f4000,0x00007fc5603f5000)]
  0x00007fc5c4ccd800 JavaThread "ActionDistributor: Thread-37" [_thread_in_native, id=4509, stack(0x00007fc5603f5000,0x00007fc5604f6000)]
  0x00007fc5c4ccd000 JavaThread "ActionDistributor: Thread-35" [_thread_in_native, id=4506, stack(0x00007fc5604f6000,0x00007fc5605f7000)]
  0x00007fc5c4cca800 JavaThread "ActionDistributor: Thread-34" [_thread_in_native, id=4505, stack(0x00007fc5605f7000,0x00007fc5606f8000)]
  0x00007fc5c4ca8800 JavaThread "FileManager: Thread-33" [_thread_blocked, id=4504, stack(0x00007fc5606f8000,0x00007fc5607f9000)]
  0x00007fc5c4c54800 JavaThread "Topology Updates" [_thread_blocked, id=4458, stack(0x00007fc5607f9000,0x00007fc5608fa000)]
  0x00007fc5c4c4e800 JavaThread "nioEventLoopGroup-2-1" [_thread_in_native, id=4457, stack(0x00007fc560afa000,0x00007fc560bfb000)]
  0x00007fc550001000 JavaThread "Scheduled-4" [_thread_blocked, id=4456, stack(0x00007fc560bfb000,0x00007fc560cfc000)]
  0x00007fc5c4aa1800 JavaThread "Scheduled-3" [_thread_blocked, id=4455, stack(0x00007fc560cfc000,0x00007fc560dfd000)]
  0x00007fc5c4aa0000 JavaThread "Scheduled-2" [_thread_blocked, id=4454, stack(0x00007fc560dfd000,0x00007fc560efe000)]
  0x00007fc5c4a9a800 JavaThread "Thread-1" [_thread_in_native, id=4453, stack(0x00007fc560efe000,0x00007fc560fff000)]
  0x00007fc5c4744800 JavaThread "SyncMessage-1" [_thread_blocked, id=4445, stack(0x00007fc5940eb000,0x00007fc5941ec000)]
  0x00007fc5c4743000 JavaThread "SyncMessage-0" [_thread_blocked, id=4444, stack(0x00007fc5941ec000,0x00007fc5942ed000)]
  0x00007fc5c473b800 JavaThread "HintWorker-1" [_thread_blocked, id=4443, stack(0x00007fc5942ed000,0x00007fc5943ee000)]
  0x00007fc5c4739800 JavaThread "HintWorker-0" [_thread_blocked, id=4442, stack(0x00007fc5943ee000,0x00007fc5944ef000)]
  0x00007fc5c4736000 JavaThread "Scheduled-1" [_thread_blocked, id=4441, stack(0x00007fc5944ef000,0x00007fc5945f0000)]
  0x00007fc5c4734800 JavaThread "Scheduled-0" [_thread_blocked, id=4440, stack(0x00007fc5945f0000,0x00007fc5946f1000)]
  0x00007fc5c4211000 JavaThread "Service Thread" daemon [_thread_blocked, id=4419, stack(0x00007fc595722000,0x00007fc595823000)]
  0x00007fc5c420e000 JavaThread "C1 CompilerThread3" daemon [_thread_blocked, id=4411, stack(0x00007fc595823000,0x00007fc595924000)]
  0x00007fc5c420c000 JavaThread "C2 CompilerThread2" daemon [_thread_blocked, id=4410, stack(0x00007fc595924000,0x00007fc595a25000)]
  0x00007fc5c420a800 JavaThread "C2 CompilerThread1" daemon [_thread_in_native, id=4409, stack(0x00007fc595a25000,0x00007fc595b26000)]
  0x00007fc5c4208000 JavaThread "C2 CompilerThread0" daemon [_thread_blocked, id=4403, stack(0x00007fc595b26000,0x00007fc595c27000)]
  0x00007fc5c4206800 JavaThread "Signal Dispatcher" daemon [_thread_blocked, id=4397, stack(0x00007fc595c27000,0x00007fc595d28000)]
  0x00007fc5c41d3000 JavaThread "Finalizer" daemon [_thread_blocked, id=4384, stack(0x00007fc5966e7000,0x00007fc5967e8000)]
  0x00007fc5c41ce800 JavaThread "Reference Handler" daemon [_thread_blocked, id=4382, stack(0x00007fc5967e8000,0x00007fc5968e9000)]
  0x00007fc5c4009800 JavaThread "main" [_thread_blocked, id=4246, stack(0x00007fc5ccc16000,0x00007fc5ccd17000)]

Other Threads:
  0x00007fc5c41c6800 VMThread [stack: 0x00007fc5968e9000,0x00007fc5969ea000] [id=4379]
  0x00007fc5c4214000 WatcherThread [stack: 0x00007fc595621000,0x00007fc595722000] [id=4420]

VM state:not at safepoint (normal execution)

VM Mutex/Monitor currently owned by a thread: None

Heap:
 PSYoungGen      total 77312K, used 2094K [0x000000076d300000, 0x0000000773800000, 0x00000007c0000000)
  eden space 55296K, 3% used [0x000000076d300000,0x000000076d4f3b40,0x0000000770900000)
  from space 22016K, 0% used [0x0000000772280000,0x0000000772298000,0x0000000773800000)
  to   space 24064K, 0% used [0x0000000770900000,0x0000000770900000,0x0000000772080000)
 ParOldGen       total 104960K, used 22345K [0x00000006c7800000, 0x00000006cde80000, 0x000000076d300000)
  object space 104960K, 21% used [0x00000006c7800000,0x00000006c8dd2438,0x00000006cde80000)
 Metaspace       used 21415K, capacity 21568K, committed 21760K, reserved 1069056K
  class space    used 2461K, capacity 2534K, committed 2560K, reserved 1048576K

Card table byte_map: [0x00007fc5c91f2000,0x00007fc5c99b7000] byte_map_base: 0x00007fc5c5bb6000

Marking Bits: (ParMarkBitMap*) 0x00007fc5cc0e8f80
 Begin Bits: [0x00007fc5ad3c0000, 0x00007fc5b11e0000)
 End Bits:   [0x00007fc5b11e0000, 0x00007fc5b5000000)

Polling page: 0x00007fc5ccd39000

CodeCache: size=245760Kb used=9034Kb max_used=9049Kb free=236725Kb
 bounds [0x00007fc5b5000000, 0x00007fc5b58f0000, 0x00007fc5c4000000]
 total_blobs=3173 nmethods=2762 adapters=324
 compilation: enabled

Compilation events (10 events):
Event: 1712.243 Thread 0x00007fc5c420e000 nmethod 3269 0x00007fc5b58d7a10 code [0x00007fc5b58d7cc0, 0x00007fc5b58d8de8]
Event: 1712.243 Thread 0x00007fc5c4208000 nmethod 3268 0x00007fc5b58da1d0 code [0x00007fc5b58da340, 0x00007fc5b58da438]
Event: 1713.524 Thread 0x00007fc5c420e000 3270       3       com.google.common.collect.UnmodifiableIterator::<init> (5 bytes)
Event: 1713.525 Thread 0x00007fc5c420e000 nmethod 3270 0x00007fc5b5625150 code [0x00007fc5b56252c0, 0x00007fc5b5625470]
Event: 1728.530 Thread 0x00007fc5c420e000 3271       3       java.util.concurrent.ConcurrentHashMap$CollectionView::toArray (207 bytes)
Event: 1728.531 Thread 0x00007fc5c420e000 nmethod 3271 0x00007fc5b58e4310 code [0x00007fc5b58e45a0, 0x00007fc5b58e5818]
Event: 1773.565 Thread 0x00007fc5c4208000 3272       4       com.google.common.collect.AbstractIndexedListIterator::next (31 bytes)
Event: 1773.574 Thread 0x00007fc5c4208000 nmethod 3272 0x00007fc5b58d7350 code [0x00007fc5b58d74e0, 0x00007fc5b58d76d8]
Event: 1788.581 Thread 0x00007fc5c420c000 3273       4       java.util.concurrent.ConcurrentHashMap$Traverser::advance (188 bytes)
Event: 1788.590 Thread 0x00007fc5c420c000 nmethod 3273 0x00007fc5b58d60d0 code [0x00007fc5b58d6220, 0x00007fc5b58d6418]

GC Heap History (10 events):
Event: 1098.039 GC heap before
{Heap before GC invocations=9 (full 1):
 PSYoungGen      total 60928K, used 60640K [0x000000076d300000, 0x0000000774800000, 0x00000007c0000000)
  eden space 60416K, 100% used [0x000000076d300000,0x0000000770e00000,0x0000000770e00000)
  from space 512K, 43% used [0x0000000770f00000,0x0000000770f38000,0x0000000770f80000)
  to   space 29696K, 0% used [0x0000000772b00000,0x0000000772b00000,0x0000000774800000)
 ParOldGen       total 104960K, used 22153K [0x00000006c7800000, 0x00000006cde80000, 0x000000076d300000)
  object space 104960K, 21% used [0x00000006c7800000,0x00000006c8da2438,0x00000006cde80000)
 Metaspace       used 21357K, capacity 21568K, committed 21760K, reserved 1069056K
  class space    used 2461K, capacity 2534K, committed 2560K, reserved 1048576K
Event: 1098.046 GC heap after
Heap after GC invocations=9 (full 1):
 PSYoungGen      total 86016K, used 96K [0x000000076d300000, 0x0000000774500000, 0x00000007c0000000)
  eden space 59392K, 0% used [0x000000076d300000,0x000000076d300000,0x0000000770d00000)
  from space 26624K, 0% used [0x0000000772b00000,0x0000000772b18000,0x0000000774500000)
  to   space 28672K, 0% used [0x0000000770d00000,0x0000000770d00000,0x0000000772900000)
 ParOldGen       total 104960K, used 22217K [0x00000006c7800000, 0x00000006cde80000, 0x000000076d300000)
  object space 104960K, 21% used [0x00000006c7800000,0x00000006c8db2438,0x00000006cde80000)
 Metaspace       used 21357K, capacity 21568K, committed 21760K, reserved 1069056K
  class space    used 2461K, capacity 2534K, committed 2560K, reserved 1048576K
}
Event: 1278.646 GC heap before
{Heap before GC invocations=10 (full 1):
 PSYoungGen      total 86016K, used 59488K [0x000000076d300000, 0x0000000774500000, 0x00000007c0000000)
  eden space 59392K, 100% used [0x000000076d300000,0x0000000770d00000,0x0000000770d00000)
  from space 26624K, 0% used [0x0000000772b00000,0x0000000772b18000,0x0000000774500000)
  to   space 28672K, 0% used [0x0000000770d00000,0x0000000770d00000,0x0000000772900000)
 ParOldGen       total 104960K, used 22217K [0x00000006c7800000, 0x00000006cde80000, 0x000000076d300000)
  object space 104960K, 21% used [0x00000006c7800000,0x00000006c8db2438,0x00000006cde80000)
 Metaspace       used 21393K, capacity 21568K, committed 21760K, reserved 1069056K
  class space    used 2461K, capacity 2534K, committed 2560K, reserved 1048576K
Event: 1278.654 GC heap after
Heap after GC invocations=10 (full 1):
 PSYoungGen      total 58880K, used 128K [0x000000076d300000, 0x0000000774100000, 0x00000007c0000000)
  eden space 58368K, 0% used [0x000000076d300000,0x000000076d300000,0x0000000770c00000)
  from space 512K, 25% used [0x0000000770d00000,0x0000000770d20000,0x0000000770d80000)
  to   space 27136K, 0% used [0x0000000772680000,0x0000000772680000,0x0000000774100000)
 ParOldGen       total 104960K, used 22257K [0x00000006c7800000, 0x00000006cde80000, 0x000000076d300000)
  object space 104960K, 21% used [0x00000006c7800000,0x00000006c8dbc438,0x00000006cde80000)
 Metaspace       used 21393K, capacity 21568K, committed 21760K, reserved 1069056K
  class space    used 2461K, capacity 2534K, committed 2560K, reserved 1048576K
}
Event: 1458.360 GC heap before
{Heap before GC invocations=11 (full 1):
 PSYoungGen      total 58880K, used 58496K [0x000000076d300000, 0x0000000774100000, 0x00000007c0000000)
  eden space 58368K, 100% used [0x000000076d300000,0x0000000770c00000,0x0000000770c00000)
  from space 512K, 25% used [0x0000000770d00000,0x0000000770d20000,0x0000000770d80000)
  to   space 27136K, 0% used [0x0000000772680000,0x0000000772680000,0x0000000774100000)
 ParOldGen       total 104960K, used 22257K [0x00000006c7800000, 0x00000006cde80000, 0x000000076d300000)
  object space 104960K, 21% used [0x00000006c7800000,0x00000006c8dbc438,0x00000006cde80000)
 Metaspace       used 21394K, capacity 21568K, committed 21760K, reserved 1069056K
  class space    used 2461K, capacity 2534K, committed 2560K, reserved 1048576K
Event: 1458.363 GC heap after
Heap after GC invocations=11 (full 1):
 PSYoungGen      total 81408K, used 128K [0x000000076d300000, 0x0000000773e00000, 0x00000007c0000000)
  eden space 57344K, 0% used [0x000000076d300000,0x000000076d300000,0x0000000770b00000)
  from space 24064K, 0% used [0x0000000772680000,0x00000007726a0000,0x0000000773e00000)
  to   space 26112K, 0% used [0x0000000770b00000,0x0000000770b00000,0x0000000772480000)
 ParOldGen       total 104960K, used 22281K [0x00000006c7800000, 0x00000006cde80000, 0x000000076d300000)
  object space 104960K, 21% used [0x00000006c7800000,0x00000006c8dc2438,0x00000006cde80000)
 Metaspace       used 21394K, capacity 21568K, committed 21760K, reserved 1069056K
  class space    used 2461K, capacity 2534K, committed 2560K, reserved 1048576K
}
Event: 1632.678 GC heap before
{Heap before GC invocations=12 (full 1):
 PSYoungGen      total 81408K, used 57472K [0x000000076d300000, 0x0000000773e00000, 0x00000007c0000000)
  eden space 57344K, 100% used [0x000000076d300000,0x0000000770b00000,0x0000000770b00000)
  from space 24064K, 0% used [0x0000000772680000,0x00000007726a0000,0x0000000773e00000)
  to   space 26112K, 0% used [0x0000000770b00000,0x0000000770b00000,0x0000000772480000)
 ParOldGen       total 104960K, used 22281K [0x00000006c7800000, 0x00000006cde80000, 0x000000076d300000)
  object space 104960K, 21% used [0x00000006c7800000,0x00000006c8dc2438,0x00000006cde80000)
 Metaspace       used 21400K, capacity 21568K, committed 21760K, reserved 1069056K
  class space    used 2461K, capacity 2534K, committed 2560K, reserved 1048576K
Event: 1632.684 GC heap after
Heap after GC invocations=12 (full 1):
 PSYoungGen      total 56832K, used 192K [0x000000076d300000, 0x0000000773b00000, 0x00000007c0000000)
  eden space 56320K, 0% used [0x000000076d300000,0x000000076d300000,0x0000000770a00000)
  from space 512K, 37% used [0x0000000770b00000,0x0000000770b30000,0x0000000770b80000)
  to   space 25088K, 0% used [0x0000000772280000,0x0000000772280000,0x0000000773b00000)
 ParOldGen       total 104960K, used 22329K [0x00000006c7800000, 0x00000006cde80000, 0x000000076d300000)
  object space 104960K, 21% used [0x00000006c7800000,0x00000006c8dce438,0x00000006cde80000)
 Metaspace       used 21400K, capacity 21568K, committed 21760K, reserved 1069056K
  class space    used 2461K, capacity 2534K, committed 2560K, reserved 1048576K
}
Event: 1803.611 GC heap before
{Heap before GC invocations=13 (full 1):
 PSYoungGen      total 56832K, used 56512K [0x000000076d300000, 0x0000000773b00000, 0x00000007c0000000)
  eden space 56320K, 100% used [0x000000076d300000,0x0000000770a00000,0x0000000770a00000)
  from space 512K, 37% used [0x0000000770b00000,0x0000000770b30000,0x0000000770b80000)
  to   space 25088K, 0% used [0x0000000772280000,0x0000000772280000,0x0000000773b00000)
 ParOldGen       total 104960K, used 22329K [0x00000006c7800000, 0x00000006cde80000, 0x000000076d300000)
  object space 104960K, 21% used [0x00000006c7800000,0x00000006c8dce438,0x00000006cde80000)
 Metaspace       used 21414K, capacity 21568K, committed 21760K, reserved 1069056K
  class space    used 2461K, capacity 2534K, committed 2560K, reserved 1048576K
Event: 1803.618 GC heap after
Heap after GC invocations=13 (full 1):
 PSYoungGen      total 77312K, used 96K [0x000000076d300000, 0x0000000773800000, 0x00000007c0000000)
  eden space 55296K, 0% used [0x000000076d300000,0x000000076d300000,0x0000000770900000)
  from space 22016K, 0% used [0x0000000772280000,0x0000000772298000,0x0000000773800000)
  to   space 24064K, 0% used [0x0000000770900000,0x0000000770900000,0x0000000772080000)
 ParOldGen       total 104960K, used 22345K [0x00000006c7800000, 0x00000006cde80000, 0x000000076d300000)
  object space 104960K, 21% used [0x00000006c7800000,0x00000006c8dd2438,0x00000006cde80000)
 Metaspace       used 21414K, capacity 21568K, committed 21760K, reserved 1069056K
  class space    used 2461K, capacity 2534K, committed 2560K, reserved 1048576K
}

Deoptimization events (10 events):
Event: 396.136 Thread 0x00007fc528009800 Uncommon trap: reason=unstable_if action=reinterpret pc=0x00007fc5b53f52c0 method=io.netty.handler.timeout.IdleStateHandler$WriterIdleTimeoutTask.run()V @ 43
Event: 452.424 Thread 0x00007fc52800e800 Uncommon trap: reason=unstable_if action=reinterpret pc=0x00007fc5b56d792c method=io.netty.channel.nio.NioEventLoop.select(Z)V @ 157
Event: 652.013 Thread 0x00007fc5c4736000 Uncommon trap: reason=null_check action=make_not_entrant pc=0x00007fc5b55be338 method=com.fasterxml.jackson.databind.util.ClassUtil._addSuperTypes(Ljava/lang/Class;Ljava/lang/Class;Ljava/util/Collection;Z)V @ 83
Event: 1143.004 Thread 0x00007fc550001000 Uncommon trap: reason=unstable_if action=reinterpret pc=0x00007fc5b57da488 method=ch.qos.logback.classic.turbo.ReconfigureOnChangeFilter.changeDetected()Z @ 10
Event: 1338.263 Thread 0x00007fc528012000 Uncommon trap: reason=unstable_if action=reinterpret pc=0x00007fc5b56d792c method=io.netty.channel.nio.NioEventLoop.select(Z)V @ 157
Event: 1586.433 Thread 0x00007fc5c4aa1800 Uncommon trap: reason=unstable_if action=reinterpret pc=0x00007fc5b57d5c58 method=java.util.concurrent.locks.AbstractQueuedSynchronizer.transferForSignal(Ljava/util/concurrent/locks/AbstractQueuedSynchronizer$Node;)Z @ 7
Event: 1805.858 Thread 0x00007fc528012000 Uncommon trap: reason=unstable_if action=reinterpret pc=0x00007fc5b577dd94 method=sun.nio.ch.IOUtil.readIntoNativeBuffer(Ljava/io/FileDescriptor;Ljava/nio/ByteBuffer;JLsun/nio/ch/NativeDispatcher;)I @ 121
Event: 1805.858 Thread 0x00007fc528012000 Uncommon trap: reason=unstable_if action=reinterpret pc=0x00007fc5b576f460 method=io.netty.buffer.AbstractByteBuf.writeBytes(Ljava/nio/channels/ScatteringByteChannel;I)I @ 22
Event: 1805.858 Thread 0x00007fc528012000 Uncommon trap: reason=unstable_if action=reinterpret pc=0x00007fc5b57792ec method=io.netty.channel.nio.AbstractNioByteChannel$NioByteUnsafe.read()V @ 129
Event: 1805.858 Thread 0x00007fc528012000 Uncommon trap: reason=unstable_if action=reinterpret pc=0x00007fc5b563ffac method=io.netty.channel.socket.nio.NioSocketChannel.isActive()Z @ 9

Internal exceptions (10 events):
Event: 1.271 Thread 0x00007fc5c4009800 Exception <a 'java/lang/ArrayIndexOutOfBoundsException'> (0x000000076d7d6930) thrown at [/HUDSON/workspace/8-2-build-linux-amd64/jdk8u151/9699/hotspot/src/share/vm/runtime/sharedRuntime.cpp, line 605]
Event: 1.272 Thread 0x00007fc5c4009800 Exception <a 'java/lang/ClassNotFoundException': ch/qos/logback/core/pattern/PatternLayoutEncoderBaseCustomizer> (0x000000076d7e2010) thrown at [/HUDSON/workspace/8-2-build-linux-amd64/jdk8u151/9699/hotspot/src/share/vm/classfile/systemDictionary.cpp, lin
Event: 1.272 Thread 0x00007fc5c4009800 Exception <a 'java/lang/ArrayIndexOutOfBoundsException'> (0x000000076d7e4b88) thrown at [/HUDSON/workspace/8-2-build-linux-amd64/jdk8u151/9699/hotspot/src/share/vm/runtime/sharedRuntime.cpp, line 605]
Event: 1.272 Thread 0x00007fc5c4009800 Exception <a 'java/lang/ArrayIndexOutOfBoundsException'> (0x000000076d7e5df8) thrown at [/HUDSON/workspace/8-2-build-linux-amd64/jdk8u151/9699/hotspot/src/share/vm/runtime/sharedRuntime.cpp, line 605]
Event: 1.273 Thread 0x00007fc5c4009800 Exception <a 'java/lang/ClassNotFoundException': ch/qos/logback/classic/encoder/PatternLayoutEncoderCustomizer> (0x000000076d7f23a0) thrown at [/HUDSON/workspace/8-2-build-linux-amd64/jdk8u151/9699/hotspot/src/share/vm/classfile/systemDictionary.cpp, line
Event: 1.273 Thread 0x00007fc5c4009800 Exception <a 'java/lang/ArrayIndexOutOfBoundsException'> (0x000000076d7f5228) thrown at [/HUDSON/workspace/8-2-build-linux-amd64/jdk8u151/9699/hotspot/src/share/vm/runtime/sharedRuntime.cpp, line 605]
Event: 1.370 Thread 0x00007fc5c4009800 Exception <a 'java/lang/NoSuchFieldError': method resolution failed> (0x000000076db380f8) thrown at [/HUDSON/workspace/8-2-build-linux-amd64/jdk8u151/9699/hotspot/src/share/vm/prims/methodHandles.cpp, line 1146]
Event: 1.371 Thread 0x00007fc5c4009800 Exception <a 'java/lang/NoSuchFieldError': method resolution failed> (0x000000076db457e8) thrown at [/HUDSON/workspace/8-2-build-linux-amd64/jdk8u151/9699/hotspot/src/share/vm/prims/methodHandles.cpp, line 1146]
Event: 1.598 Thread 0x00007fc5c4009800 Exception <a 'java/lang/NoClassDefFoundError': javassist/ClassPath> (0x000000076ef4bf78) thrown at [/HUDSON/workspace/8-2-build-linux-amd64/jdk8u151/9699/hotspot/src/share/vm/classfile/systemDictionary.cpp, line 199]
Event: 1.712 Thread 0x00007fc5c4009800 Implicit null exception at 0x00007fc5b52bf0c6 to 0x00007fc5b52bf30d

Events (10 events):
Event: 1805.858 Thread 0x00007fc528012000 DEOPT PACKING pc=0x00007fc5b576f460 sp=0x00007fc50fdfc6e0
Event: 1805.858 Thread 0x00007fc528012000 DEOPT UNPACKING pc=0x00007fc5b5005229 sp=0x00007fc50fdfc688 mode 2
Event: 1805.858 Thread 0x00007fc528012000 Uncommon trap: trap_request=0xffffff65 fr.pc=0x00007fc5b57792ec
Event: 1805.858 Thread 0x00007fc528012000 DEOPT PACKING pc=0x00007fc5b57792ec sp=0x00007fc50fdfc770
Event: 1805.858 Thread 0x00007fc528012000 DEOPT UNPACKING pc=0x00007fc5b5005229 sp=0x00007fc50fdfc728 mode 2
Event: 1805.858 Thread 0x00007fc528012000 Uncommon trap: trap_request=0xffffff65 fr.pc=0x00007fc5b563ffac
Event: 1805.858 Thread 0x00007fc528012000 DEOPT PACKING pc=0x00007fc5b563ffac sp=0x00007fc50fdfc5a0
Event: 1805.858 Thread 0x00007fc528012000 DEOPT UNPACKING pc=0x00007fc5b5005229 sp=0x00007fc50fdfc570 mode 2
Event: 1805.858 loading class io/netty/channel/AbstractChannel$AbstractUnsafe$7
Event: 1805.858 loading class io/netty/channel/AbstractChannel$AbstractUnsafe$7 done


Dynamic libraries:
00400000-00401000 r-xp 00000000 103:05 9832555                           /usr/lib/jvm/java-8-oracle/jre/bin/java
00600000-00601000 rw-p 00000000 103:05 9832555                           /usr/lib/jvm/java-8-oracle/jre/bin/java
00a83000-00aa4000 rw-p 00000000 00:00 0                                  [heap]
6c7800000-6cde80000 rw-p 00000000 00:00 0 
6cde80000-76d300000 ---p 00000000 00:00 0 
76d300000-773800000 rw-p 00000000 00:00 0 
773800000-7c0000000 ---p 00000000 00:00 0 
7c0000000-7c0280000 rw-p 00000000 00:00 0 
7c0280000-800000000 ---p 00000000 00:00 0 
7fc4cc000000-7fc4cc021000 rw-p 00000000 00:00 0 
7fc4cc021000-7fc4d0000000 ---p 00000000 00:00 0 
7fc4d4000000-7fc4d4021000 rw-p 00000000 00:00 0 
7fc4d4021000-7fc4d8000000 ---p 00000000 00:00 0 
7fc4d8000000-7fc4d8021000 rw-p 00000000 00:00 0 
7fc4d8021000-7fc4dc000000 ---p 00000000 00:00 0 
7fc4dc000000-7fc4dc021000 rw-p 00000000 00:00 0 
7fc4dc021000-7fc4e0000000 ---p 00000000 00:00 0 
7fc4e0000000-7fc4e028e000 rw-p 00000000 00:00 0 
7fc4e028e000-7fc4e4000000 ---p 00000000 00:00 0 
7fc4e4000000-7fc4e4021000 rw-p 00000000 00:00 0 
7fc4e4021000-7fc4e8000000 ---p 00000000 00:00 0 
7fc4e8000000-7fc4e8021000 rw-p 00000000 00:00 0 
7fc4e8021000-7fc4ec000000 ---p 00000000 00:00 0 
7fc4ec000000-7fc4ec021000 rw-p 00000000 00:00 0 
7fc4ec021000-7fc4f0000000 ---p 00000000 00:00 0 
7fc4f0000000-7fc4f0021000 rw-p 00000000 00:00 0 
7fc4f0021000-7fc4f4000000 ---p 00000000 00:00 0 
7fc4f4000000-7fc4f4021000 rw-p 00000000 00:00 0 
7fc4f4021000-7fc4f8000000 ---p 00000000 00:00 0 
7fc4f8000000-7fc4f8021000 rw-p 00000000 00:00 0 
7fc4f8021000-7fc4fc000000 ---p 00000000 00:00 0 
7fc4fc000000-7fc4fc06a000 rw-p 00000000 00:00 0 
7fc4fc06a000-7fc500000000 ---p 00000000 00:00 0 
7fc500000000-7fc5002a7000 rw-p 00000000 00:00 0 
7fc5002a7000-7fc504000000 ---p 00000000 00:00 0 
7fc504000000-7fc504021000 rw-p 00000000 00:00 0 
7fc504021000-7fc508000000 ---p 00000000 00:00 0 
7fc508000000-7fc508021000 rw-p 00000000 00:00 0 
7fc508021000-7fc50c000000 ---p 00000000 00:00 0 
7fc50edf2000-7fc50eeb2000 rw-p 00000000 00:00 0 
7fc50eeb2000-7fc50eff2000 ---p 00000000 00:00 0 
7fc50eff2000-7fc50eff5000 ---p 00000000 00:00 0 
7fc50eff5000-7fc50f0f3000 rw-p 00000000 00:00 0 
7fc50f0f3000-7fc50f0f6000 ---p 00000000 00:00 0 
7fc50f0f6000-7fc50f1f4000 rw-p 00000000 00:00 0 
7fc50f1f4000-7fc50f1f7000 ---p 00000000 00:00 0 
7fc50f1f7000-7fc50f4f5000 rw-p 00000000 00:00 0 
7fc50f4f5000-7fc50f4f8000 ---p 00000000 00:00 0 
7fc50f4f8000-7fc50f5f6000 rw-p 00000000 00:00 0 
7fc50f5f6000-7fc50f5f9000 ---p 00000000 00:00 0 
7fc50f5f9000-7fc50f6f7000 rw-p 00000000 00:00 0 
7fc50f6f7000-7fc50f6fa000 ---p 00000000 00:00 0 
7fc50f6fa000-7fc50f7f8000 rw-p 00000000 00:00 0 
7fc50f7f8000-7fc50f7fb000 ---p 00000000 00:00 0 
7fc50f7fb000-7fc50f8f9000 rw-p 00000000 00:00 0 
7fc50f8f9000-7fc50f8fc000 ---p 00000000 00:00 0 
7fc50f8fc000-7fc50f9fa000 rw-p 00000000 00:00 0 
7fc50f9fa000-7fc50f9fd000 ---p 00000000 00:00 0 
7fc50f9fd000-7fc50fafb000 rw-p 00000000 00:00 0 
7fc50fafb000-7fc50fafe000 ---p 00000000 00:00 0 
7fc50fafe000-7fc50fbfc000 rw-p 00000000 00:00 0 
7fc50fbfc000-7fc50fbff000 ---p 00000000 00:00 0 
7fc50fbff000-7fc50fcfd000 rw-p 00000000 00:00 0 
7fc50fcfd000-7fc50fd00000 ---p 00000000 00:00 0 
7fc50fd00000-7fc50fdfe000 rw-p 00000000 00:00 0 
7fc50fdfe000-7fc50fe01000 ---p 00000000 00:00 0 
7fc50fe01000-7fc50feff000 rw-p 00000000 00:00 0 
7fc50feff000-7fc50ff02000 ---p 00000000 00:00 0 
7fc50ff02000-7fc510000000 rw-p 00000000 00:00 0 
7fc510000000-7fc510021000 rw-p 00000000 00:00 0 
7fc510021000-7fc514000000 ---p 00000000 00:00 0 
7fc514000000-7fc514021000 rw-p 00000000 00:00 0 
7fc514021000-7fc518000000 ---p 00000000 00:00 0 
7fc518000000-7fc518021000 rw-p 00000000 00:00 0 
7fc518021000-7fc51c000000 ---p 00000000 00:00 0 
7fc51c000000-7fc51c021000 rw-p 00000000 00:00 0 
7fc51c021000-7fc520000000 ---p 00000000 00:00 0 
7fc520000000-7fc520021000 rw-p 00000000 00:00 0 
7fc520021000-7fc524000000 ---p 00000000 00:00 0 
7fc524000000-7fc524021000 rw-p 00000000 00:00 0 
7fc524021000-7fc528000000 ---p 00000000 00:00 0 
7fc528000000-7fc528026000 rw-p 00000000 00:00 0 
7fc528026000-7fc52c000000 ---p 00000000 00:00 0 
7fc52c000000-7fc52c021000 rw-p 00000000 00:00 0 
7fc52c021000-7fc530000000 ---p 00000000 00:00 0 
7fc530000000-7fc530021000 rw-p 00000000 00:00 0 
7fc530021000-7fc534000000 ---p 00000000 00:00 0 
7fc534000000-7fc534021000 rw-p 00000000 00:00 0 
7fc534021000-7fc538000000 ---p 00000000 00:00 0 
7fc538000000-7fc538021000 rw-p 00000000 00:00 0 
7fc538021000-7fc53c000000 ---p 00000000 00:00 0 
7fc53c000000-7fc53c021000 rw-p 00000000 00:00 0 
7fc53c021000-7fc540000000 ---p 00000000 00:00 0 
7fc540000000-7fc540021000 rw-p 00000000 00:00 0 
7fc540021000-7fc544000000 ---p 00000000 00:00 0 
7fc544000000-7fc544021000 rw-p 00000000 00:00 0 
7fc544021000-7fc548000000 ---p 00000000 00:00 0 
7fc548000000-7fc548021000 rw-p 00000000 00:00 0 
7fc548021000-7fc54c000000 ---p 00000000 00:00 0 
7fc54c000000-7fc54c021000 rw-p 00000000 00:00 0 
7fc54c021000-7fc550000000 ---p 00000000 00:00 0 
7fc550000000-7fc550081000 rw-p 00000000 00:00 0 
7fc550081000-7fc554000000 ---p 00000000 00:00 0 
7fc554000000-7fc554021000 rw-p 00000000 00:00 0 
7fc554021000-7fc558000000 ---p 00000000 00:00 0 
7fc558000000-7fc558021000 rw-p 00000000 00:00 0 
7fc558021000-7fc55c000000 ---p 00000000 00:00 0 
7fc55c000000-7fc55c021000 rw-p 00000000 00:00 0 
7fc55c021000-7fc560000000 ---p 00000000 00:00 0 
7fc5600f2000-7fc5600f5000 ---p 00000000 00:00 0 
7fc5600f5000-7fc5601f3000 rw-p 00000000 00:00 0 
7fc5601f3000-7fc5601f6000 ---p 00000000 00:00 0 
7fc5601f6000-7fc5602f4000 rw-p 00000000 00:00 0 
7fc5602f4000-7fc5602f7000 ---p 00000000 00:00 0 
7fc5602f7000-7fc5603f5000 rw-p 00000000 00:00 0 
7fc5603f5000-7fc5603f8000 ---p 00000000 00:00 0 
7fc5603f8000-7fc5604f6000 rw-p 00000000 00:00 0 
7fc5604f6000-7fc5604f9000 ---p 00000000 00:00 0 
7fc5604f9000-7fc5605f7000 rw-p 00000000 00:00 0 
7fc5605f7000-7fc5605fa000 ---p 00000000 00:00 0 
7fc5605fa000-7fc5606f8000 rw-p 00000000 00:00 0 
7fc5606f8000-7fc5606fb000 ---p 00000000 00:00 0 
7fc5606fb000-7fc5607f9000 rw-p 00000000 00:00 0 
7fc5607f9000-7fc5607fc000 ---p 00000000 00:00 0 
7fc5607fc000-7fc560afa000 rw-p 00000000 00:00 0 
7fc560afa000-7fc560afd000 ---p 00000000 00:00 0 
7fc560afd000-7fc560bfb000 rw-p 00000000 00:00 0 
7fc560bfb000-7fc560bfe000 ---p 00000000 00:00 0 
7fc560bfe000-7fc560cfc000 rw-p 00000000 00:00 0 
7fc560cfc000-7fc560cff000 ---p 00000000 00:00 0 
7fc560cff000-7fc560dfd000 rw-p 00000000 00:00 0 
7fc560dfd000-7fc560e00000 ---p 00000000 00:00 0 
7fc560e00000-7fc560efe000 rw-p 00000000 00:00 0 
7fc560efe000-7fc560f01000 ---p 00000000 00:00 0 
7fc560f01000-7fc564000000 rw-p 00000000 00:00 0 
7fc564000000-7fc5643db000 rw-p 00000000 00:00 0 
7fc5643db000-7fc568000000 ---p 00000000 00:00 0 
7fc568000000-7fc568021000 rw-p 00000000 00:00 0 
7fc568021000-7fc56c000000 ---p 00000000 00:00 0 
7fc56c000000-7fc56d21f000 rw-p 00000000 00:00 0 
7fc56d21f000-7fc570000000 ---p 00000000 00:00 0 
7fc570000000-7fc5708ce000 rw-p 00000000 00:00 0 
7fc5708ce000-7fc574000000 ---p 00000000 00:00 0 
7fc574000000-7fc574021000 rw-p 00000000 00:00 0 
7fc574021000-7fc578000000 ---p 00000000 00:00 0 
7fc578000000-7fc578b80000 rw-p 00000000 00:00 0 
7fc578b80000-7fc57c000000 ---p 00000000 00:00 0 
7fc57c000000-7fc57c021000 rw-p 00000000 00:00 0 
7fc57c021000-7fc580000000 ---p 00000000 00:00 0 
7fc580000000-7fc580021000 rw-p 00000000 00:00 0 
7fc580021000-7fc584000000 ---p 00000000 00:00 0 
7fc584000000-7fc584021000 rw-p 00000000 00:00 0 
7fc584021000-7fc588000000 ---p 00000000 00:00 0 
7fc588000000-7fc5881d9000 rw-p 00000000 00:00 0 
7fc5881d9000-7fc58c000000 ---p 00000000 00:00 0 
7fc58c000000-7fc58c021000 rw-p 00000000 00:00 0 
7fc58c021000-7fc590000000 ---p 00000000 00:00 0 
7fc590000000-7fc590021000 rw-p 00000000 00:00 0 
7fc590021000-7fc594000000 ---p 00000000 00:00 0 
7fc5940eb000-7fc5940ee000 ---p 00000000 00:00 0 
7fc5940ee000-7fc5941ec000 rw-p 00000000 00:00 0 
7fc5941ec000-7fc5941ef000 ---p 00000000 00:00 0 
7fc5941ef000-7fc5942ed000 rw-p 00000000 00:00 0 
7fc5942ed000-7fc5942f0000 ---p 00000000 00:00 0 
7fc5942f0000-7fc5943ee000 rw-p 00000000 00:00 0 
7fc5943ee000-7fc5943f1000 ---p 00000000 00:00 0 
7fc5943f1000-7fc5944ef000 rw-p 00000000 00:00 0 
7fc5944ef000-7fc5944f2000 ---p 00000000 00:00 0 
7fc5944f2000-7fc5945f0000 rw-p 00000000 00:00 0 
7fc5945f0000-7fc5945f3000 ---p 00000000 00:00 0 
7fc5945f3000-7fc5946f1000 rw-p 00000000 00:00 0 
7fc5946f1000-7fc594702000 r-xp 00000000 103:05 9832878                   /usr/lib/jvm/java-8-oracle/jre/lib/amd64/libnio.so
7fc594702000-7fc594901000 ---p 00011000 103:05 9832878                   /usr/lib/jvm/java-8-oracle/jre/lib/amd64/libnio.so
7fc594901000-7fc594902000 rw-p 00010000 103:05 9832878                   /usr/lib/jvm/java-8-oracle/jre/lib/amd64/libnio.so
7fc594902000-7fc594b02000 rw-p 00000000 00:00 0 
7fc594b02000-7fc594d02000 rw-p 00000000 00:00 0 
7fc594d02000-7fc594f02000 rw-p 00000000 00:00 0 
7fc594f02000-7fc594f19000 r-xp 00000000 103:05 9832875                   /usr/lib/jvm/java-8-oracle/jre/lib/amd64/libnet.so
7fc594f19000-7fc595118000 ---p 00017000 103:05 9832875                   /usr/lib/jvm/java-8-oracle/jre/lib/amd64/libnet.so
7fc595118000-7fc595119000 rw-p 00016000 103:05 9832875                   /usr/lib/jvm/java-8-oracle/jre/lib/amd64/libnet.so
7fc595119000-7fc595621000 r--s 0476c000 103:05 10886353                  /home/saimsalman/Desktop/scl/floodlight/target/floodlight.jar
7fc595621000-7fc595622000 ---p 00000000 00:00 0 
7fc595622000-7fc595722000 rw-p 00000000 00:00 0 
7fc595722000-7fc595725000 ---p 00000000 00:00 0 
7fc595725000-7fc595823000 rw-p 00000000 00:00 0 
7fc595823000-7fc595826000 ---p 00000000 00:00 0 
7fc595826000-7fc595924000 rw-p 00000000 00:00 0 
7fc595924000-7fc595927000 ---p 00000000 00:00 0 
7fc595927000-7fc595a25000 rw-p 00000000 00:00 0 
7fc595a25000-7fc595a28000 ---p 00000000 00:00 0 
7fc595a28000-7fc595b26000 rw-p 00000000 00:00 0 
7fc595b26000-7fc595b29000 ---p 00000000 00:00 0 
7fc595b29000-7fc595c27000 rw-p 00000000 00:00 0 
7fc595c27000-7fc595c2a000 ---p 00000000 00:00 0 
7fc595c2a000-7fc595d28000 rw-p 00000000 00:00 0 
7fc595d28000-7fc5966e7000 r--p 00000000 103:05 2104312                   /usr/lib/locale/locale-archive
7fc5966e7000-7fc5966ea000 ---p 00000000 00:00 0 
7fc5966ea000-7fc5967e8000 rw-p 00000000 00:00 0 
7fc5967e8000-7fc5967eb000 ---p 00000000 00:00 0 
7fc5967eb000-7fc5968e9000 rw-p 00000000 00:00 0 
7fc5968e9000-7fc5968ea000 ---p 00000000 00:00 0 
7fc5968ea000-7fc598000000 rw-p 00000000 00:00 0 
7fc598000000-7fc598021000 rw-p 00000000 00:00 0 
7fc598021000-7fc59c000000 ---p 00000000 00:00 0 
7fc59c000000-7fc59c021000 rw-p 00000000 00:00 0 
7fc59c021000-7fc5a0000000 ---p 00000000 00:00 0 
7fc5a0000000-7fc5a0021000 rw-p 00000000 00:00 0 
7fc5a0021000-7fc5a4000000 ---p 00000000 00:00 0 
7fc5a4000000-7fc5a4021000 rw-p 00000000 00:00 0 
7fc5a4021000-7fc5a8000000 ---p 00000000 00:00 0 
7fc5a8000000-7fc5a8021000 rw-p 00000000 00:00 0 
7fc5a8021000-7fc5ac000000 ---p 00000000 00:00 0 
7fc5ac0c0000-7fc5ac0c3000 ---p 00000000 00:00 0 
7fc5ac0c3000-7fc5b5000000 rw-p 00000000 00:00 0 
7fc5b5000000-7fc5b58f0000 rwxp 00000000 00:00 0 
7fc5b58f0000-7fc5c4000000 ---p 00000000 00:00 0 
7fc5c4000000-7fc5c4edd000 rw-p 00000000 00:00 0 
7fc5c4edd000-7fc5c8000000 ---p 00000000 00:00 0 
7fc5c801c000-7fc5c826d000 rw-p 00000000 00:00 0 
7fc5c826d000-7fc5c8446000 r--s 03d5a000 103:05 9832661                   /usr/lib/jvm/java-8-oracle/jre/lib/rt.jar
7fc5c8446000-7fc5c84bc000 rw-p 00000000 00:00 0 
7fc5c84bc000-7fc5c84bd000 ---p 00000000 00:00 0 
7fc5c84bd000-7fc5c85bd000 rw-p 00000000 00:00 0 
7fc5c85bd000-7fc5c85be000 ---p 00000000 00:00 0 
7fc5c85be000-7fc5c86be000 rw-p 00000000 00:00 0 
7fc5c86be000-7fc5c86bf000 ---p 00000000 00:00 0 
7fc5c86bf000-7fc5c87bf000 rw-p 00000000 00:00 0 
7fc5c87bf000-7fc5c87c0000 ---p 00000000 00:00 0 
7fc5c87c0000-7fc5c88c0000 rw-p 00000000 00:00 0 
7fc5c88c0000-7fc5c88c1000 ---p 00000000 00:00 0 
7fc5c88c1000-7fc5c89c1000 rw-p 00000000 00:00 0 
7fc5c89c1000-7fc5c89c2000 ---p 00000000 00:00 0 
7fc5c89c2000-7fc5c8ac2000 rw-p 00000000 00:00 0 
7fc5c8ac2000-7fc5c8ac3000 ---p 00000000 00:00 0 
7fc5c8ac3000-7fc5c8bc3000 rw-p 00000000 00:00 0 
7fc5c8bc3000-7fc5c8bc4000 ---p 00000000 00:00 0 
7fc5c8bc4000-7fc5c8cf8000 rw-p 00000000 00:00 0 
7fc5c8cf8000-7fc5c91f2000 ---p 00000000 00:00 0 
7fc5c91f2000-7fc5c9226000 rw-p 00000000 00:00 0 
7fc5c9226000-7fc5c971f000 ---p 00000000 00:00 0 
7fc5c971f000-7fc5c9752000 rw-p 00000000 00:00 0 
7fc5c9752000-7fc5c99b6000 ---p 00000000 00:00 0 
7fc5c99b6000-7fc5c99db000 rw-p 00000000 00:00 0 
7fc5c99db000-7fc5c9d77000 ---p 00000000 00:00 0 
7fc5c9d77000-7fc5c9d92000 r-xp 00000000 103:05 9832871                   /usr/lib/jvm/java-8-oracle/jre/lib/amd64/libzip.so
7fc5c9d92000-7fc5c9f92000 ---p 0001b000 103:05 9832871                   /usr/lib/jvm/java-8-oracle/jre/lib/amd64/libzip.so
7fc5c9f92000-7fc5c9f93000 rw-p 0001b000 103:05 9832871                   /usr/lib/jvm/java-8-oracle/jre/lib/amd64/libzip.so
7fc5c9f93000-7fc5c9f9e000 r-xp 00000000 103:05 11276867                  /lib/x86_64-linux-gnu/libnss_files-2.23.so
7fc5c9f9e000-7fc5ca19d000 ---p 0000b000 103:05 11276867                  /lib/x86_64-linux-gnu/libnss_files-2.23.so
7fc5ca19d000-7fc5ca19e000 r--p 0000a000 103:05 11276867                  /lib/x86_64-linux-gnu/libnss_files-2.23.so
7fc5ca19e000-7fc5ca19f000 rw-p 0000b000 103:05 11276867                  /lib/x86_64-linux-gnu/libnss_files-2.23.so
7fc5ca19f000-7fc5ca1a5000 rw-p 00000000 00:00 0 
7fc5ca1a5000-7fc5ca1b0000 r-xp 00000000 103:05 11276877                  /lib/x86_64-linux-gnu/libnss_nis-2.23.so
7fc5ca1b0000-7fc5ca3af000 ---p 0000b000 103:05 11276877                  /lib/x86_64-linux-gnu/libnss_nis-2.23.so
7fc5ca3af000-7fc5ca3b0000 r--p 0000a000 103:05 11276877                  /lib/x86_64-linux-gnu/libnss_nis-2.23.so
7fc5ca3b0000-7fc5ca3b1000 rw-p 0000b000 103:05 11276877                  /lib/x86_64-linux-gnu/libnss_nis-2.23.so
7fc5ca3b1000-7fc5ca3c7000 r-xp 00000000 103:05 11276861                  /lib/x86_64-linux-gnu/libnsl-2.23.so
7fc5ca3c7000-7fc5ca5c6000 ---p 00016000 103:05 11276861                  /lib/x86_64-linux-gnu/libnsl-2.23.so
7fc5ca5c6000-7fc5ca5c7000 r--p 00015000 103:05 11276861                  /lib/x86_64-linux-gnu/libnsl-2.23.so
7fc5ca5c7000-7fc5ca5c8000 rw-p 00016000 103:05 11276861                  /lib/x86_64-linux-gnu/libnsl-2.23.so
7fc5ca5c8000-7fc5ca5ca000 rw-p 00000000 00:00 0 
7fc5ca5ca000-7fc5ca5d2000 r-xp 00000000 103:05 11276863                  /lib/x86_64-linux-gnu/libnss_compat-2.23.so
7fc5ca5d2000-7fc5ca7d1000 ---p 00008000 103:05 11276863                  /lib/x86_64-linux-gnu/libnss_compat-2.23.so
7fc5ca7d1000-7fc5ca7d2000 r--p 00007000 103:05 11276863                  /lib/x86_64-linux-gnu/libnss_compat-2.23.so
7fc5ca7d2000-7fc5ca7d3000 rw-p 00008000 103:05 11276863                  /lib/x86_64-linux-gnu/libnss_compat-2.23.so
7fc5ca7d3000-7fc5ca7fe000 r-xp 00000000 103:05 9832865                   /usr/lib/jvm/java-8-oracle/jre/lib/amd64/libjava.so
7fc5ca7fe000-7fc5ca9fd000 ---p 0002b000 103:05 9832865                   /usr/lib/jvm/java-8-oracle/jre/lib/amd64/libjava.so
7fc5ca9fd000-7fc5ca9ff000 rw-p 0002a000 103:05 9832865                   /usr/lib/jvm/java-8-oracle/jre/lib/amd64/libjava.so
7fc5ca9ff000-7fc5caa0c000 r-xp 00000000 103:05 9832870                   /usr/lib/jvm/java-8-oracle/jre/lib/amd64/libverify.so
7fc5caa0c000-7fc5cac0c000 ---p 0000d000 103:05 9832870                   /usr/lib/jvm/java-8-oracle/jre/lib/amd64/libverify.so
7fc5cac0c000-7fc5cac0e000 rw-p 0000d000 103:05 9832870                   /usr/lib/jvm/java-8-oracle/jre/lib/amd64/libverify.so
7fc5cac0e000-7fc5cac15000 r-xp 00000000 103:05 11276922                  /lib/x86_64-linux-gnu/librt-2.23.so
7fc5cac15000-7fc5cae14000 ---p 00007000 103:05 11276922                  /lib/x86_64-linux-gnu/librt-2.23.so
7fc5cae14000-7fc5cae15000 r--p 00006000 103:05 11276922                  /lib/x86_64-linux-gnu/librt-2.23.so
7fc5cae15000-7fc5cae16000 rw-p 00007000 103:05 11276922                  /lib/x86_64-linux-gnu/librt-2.23.so
7fc5cae16000-7fc5caf1e000 r-xp 00000000 103:05 11276838                  /lib/x86_64-linux-gnu/libm-2.23.so
7fc5caf1e000-7fc5cb11d000 ---p 00108000 103:05 11276838                  /lib/x86_64-linux-gnu/libm-2.23.so
7fc5cb11d000-7fc5cb11e000 r--p 00107000 103:05 11276838                  /lib/x86_64-linux-gnu/libm-2.23.so
7fc5cb11e000-7fc5cb11f000 rw-p 00108000 103:05 11276838                  /lib/x86_64-linux-gnu/libm-2.23.so
7fc5cb11f000-7fc5cbdf2000 r-xp 00000000 103:05 9832848                   /usr/lib/jvm/java-8-oracle/jre/lib/amd64/server/libjvm.so
7fc5cbdf2000-7fc5cbff1000 ---p 00cd3000 103:05 9832848                   /usr/lib/jvm/java-8-oracle/jre/lib/amd64/server/libjvm.so
7fc5cbff1000-7fc5cc0cb000 rw-p 00cd2000 103:05 9832848                   /usr/lib/jvm/java-8-oracle/jre/lib/amd64/server/libjvm.so
7fc5cc0cb000-7fc5cc116000 rw-p 00000000 00:00 0 
7fc5cc116000-7fc5cc2d6000 r-xp 00000000 103:05 11276768                  /lib/x86_64-linux-gnu/libc-2.23.so
7fc5cc2d6000-7fc5cc4d6000 ---p 001c0000 103:05 11276768                  /lib/x86_64-linux-gnu/libc-2.23.so
7fc5cc4d6000-7fc5cc4da000 r--p 001c0000 103:05 11276768                  /lib/x86_64-linux-gnu/libc-2.23.so
7fc5cc4da000-7fc5cc4dc000 rw-p 001c4000 103:05 11276768                  /lib/x86_64-linux-gnu/libc-2.23.so
7fc5cc4dc000-7fc5cc4e0000 rw-p 00000000 00:00 0 
7fc5cc4e0000-7fc5cc4e3000 r-xp 00000000 103:05 11276792                  /lib/x86_64-linux-gnu/libdl-2.23.so
7fc5cc4e3000-7fc5cc6e2000 ---p 00003000 103:05 11276792                  /lib/x86_64-linux-gnu/libdl-2.23.so
7fc5cc6e2000-7fc5cc6e3000 r--p 00002000 103:05 11276792                  /lib/x86_64-linux-gnu/libdl-2.23.so
7fc5cc6e3000-7fc5cc6e4000 rw-p 00003000 103:05 11276792                  /lib/x86_64-linux-gnu/libdl-2.23.so
7fc5cc6e4000-7fc5cc6fa000 r-xp 00000000 103:05 9832843                   /usr/lib/jvm/java-8-oracle/jre/lib/amd64/jli/libjli.so
7fc5cc6fa000-7fc5cc8f9000 ---p 00016000 103:05 9832843                   /usr/lib/jvm/java-8-oracle/jre/lib/amd64/jli/libjli.so
7fc5cc8f9000-7fc5cc8fa000 rw-p 00015000 103:05 9832843                   /usr/lib/jvm/java-8-oracle/jre/lib/amd64/jli/libjli.so
7fc5cc8fa000-7fc5cc912000 r-xp 00000000 103:05 11276914                  /lib/x86_64-linux-gnu/libpthread-2.23.so
7fc5cc912000-7fc5ccb11000 ---p 00018000 103:05 11276914                  /lib/x86_64-linux-gnu/libpthread-2.23.so
7fc5ccb11000-7fc5ccb12000 r--p 00017000 103:05 11276914                  /lib/x86_64-linux-gnu/libpthread-2.23.so
7fc5ccb12000-7fc5ccb13000 rw-p 00018000 103:05 11276914                  /lib/x86_64-linux-gnu/libpthread-2.23.so
7fc5ccb13000-7fc5ccb17000 rw-p 00000000 00:00 0 
7fc5ccb17000-7fc5ccb3d000 r-xp 00000000 103:05 11276740                  /lib/x86_64-linux-gnu/ld-2.23.so
7fc5ccb6d000-7fc5ccc16000 rw-p 00000000 00:00 0 
7fc5ccc16000-7fc5ccc19000 ---p 00000000 00:00 0 
7fc5ccc19000-7fc5ccd1b000 rw-p 00000000 00:00 0 
7fc5ccd2a000-7fc5ccd2f000 r--s 0009a000 103:05 9832718                   /usr/lib/jvm/java-8-oracle/jre/lib/jsse.jar
7fc5ccd2f000-7fc5ccd30000 r--p 00000000 00:00 0 
7fc5ccd30000-7fc5ccd38000 rw-s 00000000 103:05 9969322                   /tmp/hsperfdata_root/4240
7fc5ccd38000-7fc5ccd39000 rw-p 00000000 00:00 0 
7fc5ccd39000-7fc5ccd3a000 r--p 00000000 00:00 0 
7fc5ccd3a000-7fc5ccd3c000 rw-p 00000000 00:00 0 
7fc5ccd3c000-7fc5ccd3d000 r--p 00025000 103:05 11276740                  /lib/x86_64-linux-gnu/ld-2.23.so
7fc5ccd3d000-7fc5ccd3e000 rw-p 00026000 103:05 11276740                  /lib/x86_64-linux-gnu/ld-2.23.so
7fc5ccd3e000-7fc5ccd3f000 rw-p 00000000 00:00 0 
7fff4a605000-7fff4a626000 rw-p 00000000 00:00 0                          [stack]
7fff4a723000-7fff4a725000 r--p 00000000 00:00 0                          [vvar]
7fff4a725000-7fff4a727000 r-xp 00000000 00:00 0                          [vdso]
ffffffffff600000-ffffffffff601000 r-xp 00000000 00:00 0                  [vsyscall]

VM Arguments:
java_command: target/floodlight.jar
java_class_path (initial): target/floodlight.jar
Launcher Type: SUN_STANDARD

Environment Variables:
PATH=/usr/local/sbin:/usr/local/bin:/usr/sbin:/usr/bin:/sbin:/bin:/snap/bin
USERNAME=root
SHELL=/bin/bash
DISPLAY=:0

Signal Handlers:
SIGSEGV: [libjvm.so+0xacbe10], sa_mask[0]=11111111011111111101111111111110, sa_flags=SA_RESTART|SA_SIGINFO
SIGBUS: [libjvm.so+0xacbe10], sa_mask[0]=11111111011111111101111111111110, sa_flags=SA_RESTART|SA_SIGINFO
SIGFPE: [libjvm.so+0x924f90], sa_mask[0]=11111111011111111101111111111110, sa_flags=SA_RESTART|SA_SIGINFO
SIGPIPE: [libjvm.so+0x924f90], sa_mask[0]=11111111011111111101111111111110, sa_flags=SA_RESTART|SA_SIGINFO
SIGXFSZ: [libjvm.so+0x924f90], sa_mask[0]=11111111011111111101111111111110, sa_flags=SA_RESTART|SA_SIGINFO
SIGILL: [libjvm.so+0x924f90], sa_mask[0]=11111111011111111101111111111110, sa_flags=SA_RESTART|SA_SIGINFO
SIGUSR1: SIG_DFL, sa_mask[0]=00000000000000000000000000000000, sa_flags=none
SIGUSR2: [libjvm.so+0x9267d0], sa_mask[0]=00000000000000000000000000000000, sa_flags=SA_RESTART|SA_SIGINFO
SIGHUP: [libjvm.so+0x927bd0], sa_mask[0]=11111111011111111101111111111110, sa_flags=SA_RESTART|SA_SIGINFO
SIGINT: [libjvm.so+0x927bd0], sa_mask[0]=11111111011111111101111111111110, sa_flags=SA_RESTART|SA_SIGINFO
SIGTERM: [libjvm.so+0x927bd0], sa_mask[0]=11111111011111111101111111111110, sa_flags=SA_RESTART|SA_SIGINFO
SIGQUIT: [libjvm.so+0x927bd0], sa_mask[0]=11111111011111111101111111111110, sa_flags=SA_RESTART|SA_SIGINFO


---------------  S Y S T E M  ---------------

OS:DISTRIB_ID=Ubuntu
DISTRIB_RELEASE=16.04
DISTRIB_CODENAME=xenial
DISTRIB_DESCRIPTION="Ubuntu 16.04.3 LTS"

uname:Linux 4.10.0-38-generic #42~16.04.1-Ubuntu SMP Tue Oct 10 16:32:20 UTC 2017 x86_64
libc:glibc 2.23 NPTL 2.23 
rlimit: STACK 8192k, CORE 0k, NPROC 62200, NOFILE 1048576, AS infinity
load average:1.47 2.06 1.92

/proc/meminfo:
MemTotal:       16278368 kB
MemFree:         2481604 kB
MemAvailable:    3769100 kB
Buffers:           72420 kB
Cached:          1785780 kB
SwapCached:        62648 kB
Active:          4288812 kB
Inactive:        2011928 kB
Active(anon):    3735696 kB
Inactive(anon):  1064332 kB
Active(file):     553116 kB
Inactive(file):   947596 kB
Unevictable:     6935060 kB
Mlocked:         6935060 kB
SwapTotal:      23520252 kB
SwapFree:       21652124 kB
Dirty:              9752 kB
Writeback:             0 kB
AnonPages:      11137276 kB
Mapped:           381596 kB
Shmem:            350032 kB
Slab:             289228 kB
SReclaimable:      89076 kB
SUnreclaim:       200152 kB
KernelStack:       36492 kB
PageTables:       105000 kB
NFS_Unstable:          0 kB
Bounce:                0 kB
WritebackTmp:          0 kB
CommitLimit:    31659436 kB
Committed_AS:   18914052 kB
VmallocTotal:   34359738367 kB
VmallocUsed:           0 kB
VmallocChunk:          0 kB
HardwareCorrupted:     0 kB
AnonHugePages:   4978688 kB
ShmemHugePages:        0 kB
ShmemPmdMapped:        0 kB
CmaTotal:              0 kB
CmaFree:               0 kB
HugePages_Total:       0
HugePages_Free:        0
HugePages_Rsvd:        0
HugePages_Surp:        0
Hugepagesize:       2048 kB
DirectMap4k:      528828 kB
DirectMap2M:    16097280 kB
DirectMap1G:           0 kB


CPU:total 8 (initial active 8) (4 cores per cpu, 2 threads per core) family 6 model 158 stepping 9, cmov, cx8, fxsr, mmx, sse, sse2, sse3, ssse3, sse4.1, sse4.2, popcnt, avx, avx2, aes, clmul, erms, 3dnowpref, lzcnt, ht, tsc, tscinvbit, bmi1, bmi2, adx

/proc/cpuinfo:
processor	: 0
vendor_id	: GenuineIntel
cpu family	: 6
model		: 158
model name	: Intel(R) Core(TM) i7-7700HQ CPU @ 2.80GHz
stepping	: 9
microcode	: 0x5e
cpu MHz		: 3403.442
cache size	: 6144 KB
physical id	: 0
siblings	: 8
core id		: 0
cpu cores	: 4
apicid		: 0
initial apicid	: 0
fpu		: yes
fpu_exception	: yes
cpuid level	: 22
wp		: yes
flags		: fpu vme de pse tsc msr pae mce cx8 apic sep mtrr pge mca cmov pat pse36 clflush dts acpi mmx fxsr sse sse2 ss ht tm pbe syscall nx pdpe1gb rdtscp lm constant_tsc art arch_perfmon pebs bts rep_good nopl xtopology nonstop_tsc aperfmperf tsc_known_freq pni pclmulqdq dtes64 monitor ds_cpl vmx est tm2 ssse3 sdbg fma cx16 xtpr pdcm pcid sse4_1 sse4_2 x2apic movbe popcnt tsc_deadline_timer aes xsave avx f16c rdrand lahf_lm abm 3dnowprefetch epb intel_pt tpr_shadow vnmi flexpriority ept vpid fsgsbase tsc_adjust bmi1 avx2 smep bmi2 erms invpcid mpx rdseed adx smap clflushopt xsaveopt xsavec xgetbv1 xsaves dtherm ida arat pln pts hwp hwp_notify hwp_act_window hwp_epp
bugs		:
bogomips	: 5616.00
clflush size	: 64
cache_alignment	: 64
address sizes	: 39 bits physical, 48 bits virtual
power management:

processor	: 1
vendor_id	: GenuineIntel
cpu family	: 6
model		: 158
model name	: Intel(R) Core(TM) i7-7700HQ CPU @ 2.80GHz
stepping	: 9
microcode	: 0x5e
cpu MHz		: 3442.065
cache size	: 6144 KB
physical id	: 0
siblings	: 8
core id		: 1
cpu cores	: 4
apicid		: 2
initial apicid	: 2
fpu		: yes
fpu_exception	: yes
cpuid level	: 22
wp		: yes
flags		: fpu vme de pse tsc msr pae mce cx8 apic sep mtrr pge mca cmov pat pse36 clflush dts acpi mmx fxsr sse sse2 ss ht tm pbe syscall nx pdpe1gb rdtscp lm constant_tsc art arch_perfmon pebs bts rep_good nopl xtopology nonstop_tsc aperfmperf tsc_known_freq pni pclmulqdq dtes64 monitor ds_cpl vmx est tm2 ssse3 sdbg fma cx16 xtpr pdcm pcid sse4_1 sse4_2 x2apic movbe popcnt tsc_deadline_timer aes xsave avx f16c rdrand lahf_lm abm 3dnowprefetch epb intel_pt tpr_shadow vnmi flexpriority ept vpid fsgsbase tsc_adjust bmi1 avx2 smep bmi2 erms invpcid mpx rdseed adx smap clflushopt xsaveopt xsavec xgetbv1 xsaves dtherm ida arat pln pts hwp hwp_notify hwp_act_window hwp_epp
bugs		:
bogomips	: 5616.00
clflush size	: 64
cache_alignment	: 64
address sizes	: 39 bits physical, 48 bits virtual
power management:

processor	: 2
vendor_id	: GenuineIntel
cpu family	: 6
model		: 158
model name	: Intel(R) Core(TM) i7-7700HQ CPU @ 2.80GHz
stepping	: 9
microcode	: 0x5e
cpu MHz		: 3402.416
cache size	: 6144 KB
physical id	: 0
siblings	: 8
core id		: 2
cpu cores	: 4
apicid		: 4
initial apicid	: 4
fpu		: yes
fpu_exception	: yes
cpuid level	: 22
wp		: yes
flags		: fpu vme de pse tsc msr pae mce cx8 apic sep mtrr pge mca cmov pat pse36 clflush dts acpi mmx fxsr sse sse2 ss ht tm pbe syscall nx pdpe1gb rdtscp lm constant_tsc art arch_perfmon pebs bts rep_good nopl xtopology nonstop_tsc aperfmperf tsc_known_freq pni pclmulqdq dtes64 monitor ds_cpl vmx est tm2 ssse3 sdbg fma cx16 xtpr pdcm pcid sse4_1 sse4_2 x2apic movbe popcnt tsc_deadline_timer aes xsave avx f16c rdrand lahf_lm abm 3dnowprefetch epb intel_pt tpr_shadow vnmi flexpriority ept vpid fsgsbase tsc_adjust bmi1 avx2 smep bmi2 erms invpcid mpx rdseed adx smap clflushopt xsaveopt xsavec xgetbv1 xsaves dtherm ida arat pln pts hwp hwp_notify hwp_act_window hwp_epp
bugs		:
bogomips	: 5616.00
clflush size	: 64
cache_alignment	: 64
address sizes	: 39 bits physical, 48 bits virtual
power management:

processor	: 3
vendor_id	: GenuineIntel
cpu family	: 6
model		: 158
model name	: Intel(R) Core(TM) i7-7700HQ CPU @ 2.80GHz
stepping	: 9
microcode	: 0x5e
cpu MHz		: 3424.804
cache size	: 6144 KB
physical id	: 0
siblings	: 8
core id		: 3
cpu cores	: 4
apicid		: 6
initial apicid	: 6
fpu		: yes
fpu_exception	: yes
cpuid level	: 22
wp		: yes
flags		: fpu vme de pse tsc msr pae mce cx8 apic sep mtrr pge mca cmov pat pse36 clflush dts acpi mmx fxsr sse sse2 ss ht tm pbe syscall nx pdpe1gb rdtscp lm constant_tsc art arch_perfmon pebs bts rep_good nopl xtopology nonstop_tsc aperfmperf tsc_known_freq pni pclmulqdq dtes64 monitor ds_cpl vmx est tm2 ssse3 sdbg fma cx16 xtpr pdcm pcid sse4_1 sse4_2 x2apic movbe popcnt tsc_deadline_timer aes xsave avx f16c rdrand lahf_lm abm 3dnowprefetch epb intel_pt tpr_shadow vnmi flexpriority ept vpid fsgsbase tsc_adjust bmi1 avx2 smep bmi2 erms invpcid mpx rdseed adx smap clflushopt xsaveopt xsavec xgetbv1 xsaves dtherm ida arat pln pts hwp hwp_notify hwp_act_window hwp_epp
bugs		:
bogomips	: 5616.00
clflush size	: 64
cache_alignment	: 64
address sizes	: 39 bits physical, 48 bits virtual
power management:

processor	: 4
vendor_id	: GenuineIntel
cpu family	: 6
model		: 158
model name	: Intel(R) Core(TM) i7-7700HQ CPU @ 2.80GHz
stepping	: 9
microcode	: 0x5e
cpu MHz		: 3407.714
cache size	: 6144 KB
physical id	: 0
siblings	: 8
core id		: 0
cpu cores	: 4
apicid		: 1
initial apicid	: 1
fpu		: yes
fpu_exception	: yes
cpuid level	: 22
wp		: yes
flags		: fpu vme de pse tsc msr pae mce cx8 apic sep mtrr pge mca cmov pat pse36 clflush dts acpi mmx fxsr sse sse2 ss ht tm pbe syscall nx pdpe1gb rdtscp lm constant_tsc art arch_perfmon pebs bts rep_good nopl xtopology nonstop_tsc aperfmperf tsc_known_freq pni pclmulqdq dtes64 monitor ds_cpl vmx est tm2 ssse3 sdbg fma cx16 xtpr pdcm pcid sse4_1 sse4_2 x2apic movbe popcnt tsc_deadline_timer aes xsave avx f16c rdrand lahf_lm abm 3dnowprefetch epb intel_pt tpr_shadow vnmi flexpriority ept vpid fsgsbase tsc_adjust bmi1 avx2 smep bmi2 erms invpcid mpx rdseed adx smap clflushopt xsaveopt xsavec xgetbv1 xsaves dtherm ida arat pln pts hwp hwp_notify hwp_act_window hwp_epp
bugs		:
bogomips	: 5616.00
clflush size	: 64
cache_alignment	: 64
address sizes	: 39 bits physical, 48 bits virtual
power management:

processor	: 5
vendor_id	: GenuineIntel
cpu family	: 6
model		: 158
model name	: Intel(R) Core(TM) i7-7700HQ CPU @ 2.80GHz
stepping	: 9
microcode	: 0x5e
cpu MHz		: 3459.155
cache size	: 6144 KB
physical id	: 0
siblings	: 8
core id		: 1
cpu cores	: 4
apicid		: 3
initial apicid	: 3
fpu		: yes
fpu_exception	: yes
cpuid level	: 22
wp		: yes
flags		: fpu vme de pse tsc msr pae mce cx8 apic sep mtrr pge mca cmov pat pse36 clflush dts acpi mmx fxsr sse sse2 ss ht tm pbe syscall nx pdpe1gb rdtscp lm constant_tsc art arch_perfmon pebs bts rep_good nopl xtopology nonstop_tsc aperfmperf tsc_known_freq pni pclmulqdq dtes64 monitor ds_cpl vmx est tm2 ssse3 sdbg fma cx16 xtpr pdcm pcid sse4_1 sse4_2 x2apic movbe popcnt tsc_deadline_timer aes xsave avx f16c rdrand lahf_lm abm 3dnowprefetch epb intel_pt tpr_shadow vnmi flexpriority ept vpid fsgsbase tsc_adjust bmi1 avx2 smep bmi2 erms invpcid mpx rdseed adx smap clflushopt xsaveopt xsavec xgetbv1 xsaves dtherm ida arat pln pts hwp hwp_notify hwp_act_window hwp_epp
bugs		:
bogomips	: 5616.00
clflush size	: 64
cache_alignment	: 64
address sizes	: 39 bits physical, 48 bits virtual
power management:

processor	: 6
vendor_id	: GenuineIntel
cpu family	: 6
model		: 158
model name	: Intel(R) Core(TM) i7-7700HQ CPU @ 2.80GHz
stepping	: 9
microcode	: 0x5e
cpu MHz		: 3403.784
cache size	: 6144 KB
physical id	: 0
siblings	: 8
core id		: 2
cpu cores	: 4
apicid		: 5
initial apicid	: 5
fpu		: yes
fpu_exception	: yes
cpuid level	: 22
wp		: yes
flags		: fpu vme de pse tsc msr pae mce cx8 apic sep mtrr pge mca cmov pat pse36 clflush dts acpi mmx fxsr sse sse2 ss ht tm pbe syscall nx pdpe1gb rdtscp lm constant_tsc art arch_perfmon pebs bts rep_good nopl xtopology nonstop_tsc aperfmperf tsc_known_freq pni pclmulqdq dtes64 monitor ds_cpl vmx est tm2 ssse3 sdbg fma cx16 xtpr pdcm pcid sse4_1 sse4_2 x2apic movbe popcnt tsc_deadline_timer aes xsave avx f16c rdrand lahf_lm abm 3dnowprefetch epb intel_pt tpr_shadow vnmi flexpriority ept vpid fsgsbase tsc_adjust bmi1 avx2 smep bmi2 erms invpcid mpx rdseed adx smap clflushopt xsaveopt xsavec xgetbv1 xsaves dtherm ida arat pln pts hwp hwp_notify hwp_act_window hwp_epp
bugs		:
bogomips	: 5616.00
clflush size	: 64
cache_alignment	: 64
address sizes	: 39 bits physical, 48 bits virtual
power management:

processor	: 7
vendor_id	: GenuineIntel
cpu family	: 6
model		: 158
model name	: Intel(R) Core(TM) i7-7700HQ CPU @ 2.80GHz
stepping	: 9
microcode	: 0x5e
cpu MHz		: 3414.721
cache size	: 6144 KB
physical id	: 0
siblings	: 8
core id		: 3
cpu cores	: 4
apicid		: 7
initial apicid	: 7
fpu		: yes
fpu_exception	: yes
cpuid level	: 22
wp		: yes
flags		: fpu vme de pse tsc msr pae mce cx8 apic sep mtrr pge mca cmov pat pse36 clflush dts acpi mmx fxsr sse sse2 ss ht tm pbe syscall nx pdpe1gb rdtscp lm constant_tsc art arch_perfmon pebs bts rep_good nopl xtopology nonstop_tsc aperfmperf tsc_known_freq pni pclmulqdq dtes64 monitor ds_cpl vmx est tm2 ssse3 sdbg fma cx16 xtpr pdcm pcid sse4_1 sse4_2 x2apic movbe popcnt tsc_deadline_timer aes xsave avx f16c rdrand lahf_lm abm 3dnowprefetch epb intel_pt tpr_shadow vnmi flexpriority ept vpid fsgsbase tsc_adjust bmi1 avx2 smep bmi2 erms invpcid mpx rdseed adx smap clflushopt xsaveopt xsavec xgetbv1 xsaves dtherm ida arat pln pts hwp hwp_notify hwp_act_window hwp_epp
bugs		:
bogomips	: 5616.00
clflush size	: 64
cache_alignment	: 64
address sizes	: 39 bits physical, 48 bits virtual
power management:



Memory: 4k page, physical 16278368k(2505524k free), swap 23520252k(21652124k free)

vm_info: Java HotSpot(TM) 64-Bit Server VM (25.151-b12) for linux-amd64 JRE (1.8.0_151-b12), built on Sep  5 2017 19:20:58 by "java_re" with gcc 4.3.0 20080428 (Red Hat 4.3.0-8)

time: Sat Nov 11 22:45:07 2017
elapsed time: 1805 seconds (0d 0h 30m 5s)

