#
# A fatal error has been detected by the Java Runtime Environment:
#
#  SIGBUS (0x7) at pc=0x00007fc745f6f522, pid=24695, tid=0x00007fc68bbfb700
#
# JRE version: Java(TM) SE Runtime Environment (8.0_151-b12) (build 1.8.0_151-b12)
# Java VM: Java HotSpot(TM) 64-Bit Server VM (25.151-b12 mixed mode linux-amd64 compressed oops)
# Problematic frame:
# C  [libzip.so+0x12522]  newEntry+0x62
#
# Failed to write core dump. Core dumps have been disabled. To enable core dumping, try "ulimit -c unlimited" before starting Java again
#
# If you would like to submit a bug report, please visit:
#   http://bugreport.java.com/bugreport/crash.jsp
# The crash happened outside the Java Virtual Machine in native code.
# See problematic frame for where to report the bug.
#

---------------  T H R E A D  ---------------

Current thread (0x00007fc6a4013800):  JavaThread "nioEventLoopGroup-3-7" [_thread_in_native, id=25086, stack(0x00007fc68bafb000,0x00007fc68bbfc000)]

siginfo: si_signo: 7 (SIGBUS), si_code: 2 (BUS_ADRERR), si_addr: 0x00007fc70949e3b5

Registers:
RAX=0x00007fc674010d50, RBX=0x00007fc740282880, RCX=0x00007fc674000020, RDX=0x00007fc674010d50
RSP=0x00007fc68bbf80a0, RBP=0x00007fc68bbf80f0, RSI=0x0000000000000090, RDI=0x00007fc68bbf8020
R8 =0x0000000000000000, R9 =0x00007fc68bbf8170, R10=0x00007fc7311b7858, R11=0x0000000000000037
R12=0x00007fc70949e398, R13=0x00007fc674010d50, R14=0x000000005582cf2a, R15=0x00007fc7402347f0
RIP=0x00007fc745f6f522, EFLAGS=0x0000000000010202, CSGSFS=0x002b000000000033, ERR=0x0000000000000004
  TRAPNO=0x000000000000000e

Top of Stack: (sp=0x00007fc68bbf80a0)
0x00007fc68bbf80a0:   0000000000000948 00007fc600000000
0x00007fc68bbf80b0:   00000007c00007a8 00007fc747be8d0e
0x00007fc68bbf80c0:   00007fc674010d50 00007fc740282880
0x00007fc68bbf80d0:   00007fc67c0033c0 00007fc7402347f0
0x00007fc68bbf80e0:   000000005582cf2a 0000000000000037
0x00007fc68bbf80f0:   00007fc68bbf8150 00007fc745f6fc7f
0x00007fc68bbf8100:   00007fc6a4013800 01007fc68bbf8420
0x00007fc68bbf8110:   00007fc68bbf8170 00007fc68bbf81a8
0x00007fc68bbf8120:   00007fc68bbf81a6 00007fc68bbf8170
0x00007fc68bbf8130:   0000000000000037 00007fc6a40139f8
0x00007fc68bbf8140:   00007fc68bbf85c8 0000000000000001
0x00007fc68bbf8150:   00007fc68bbf85b0 00007fc745f60ec0
0x00007fc68bbf8160:   00007fc708b9b950 00007fc7402347f0
0x00007fc68bbf8170:   797474656e2f6f69 6c656e6e6168632f
0x00007fc68bbf8180:   636172747362412f 6c656e6e61684374
0x00007fc68bbf8190:   6361727473624124 24656661736e5574
0x00007fc68bbf81a0:   007373616c632e37 00007fc7dc200800
0x00007fc68bbf81b0:   00007fc68bbfa250 00007fc68bbfa254
0x00007fc68bbf81c0:   00007fc6a4013e58 00000007c01ab9b0
0x00007fc68bbf81d0:   00007fc68bbf84a0 00007fc68bbf99a0
0x00007fc68bbf81e0:   00007fc608ccf210 0000000708ccf1f0
0x00007fc68bbf81f0:   00007fc68bbfa260 00007fc608ccc3a0
0x00007fc68bbf8200:   00007fc6dc206eb0 00007fc6a4013800
0x00007fc68bbf8210:   00007fc68bbf8280 00007fc6dc1ff668
0x00007fc68bbf8220:   00007fc68bbf8230 00007fc68b01bcc8
0x00007fc68bbf8230:   00007fc68bbfa270 00007fc68bbfa274
0x00007fc68bbf8240:   00007fc78b01bca8 00007fc7483776ce
0x00007fc68bbf8250:   00007fc68bbf8800 00007fc68bbf87f0
0x00007fc68bbf8260:   00007fc747e32d79 00007fc68bbf8990
0x00007fc68bbf8270:   0000000000000000 00007fc74834992d
0x00007fc68bbf8280:   00007fc6a4013e48 00000007dc200800
0x00007fc68bbf8290:   00007fc7dcfb09b0 00007fc68bbf8368 

Instructions: (pc=0x00007fc745f6f522)
0x00007fc745f6f502:   00 48 c7 40 28 00 00 00 00 41 80 7f 30 00 0f 84
0x00007fc745f6f512:   8a 02 00 00 4c 8b 63 08 4d 2b 67 28 4d 03 67 18
0x00007fc745f6f522:   41 0f b6 5c 24 1d 41 0f b6 44 24 1c c1 e3 08 09
0x00007fc745f6f532:   c3 41 0f b6 44 24 1e 88 45 bd 41 0f b6 54 24 20 

Register to memory mapping:

RAX=0x00007fc674010d50 is an unknown value
RBX=0x00007fc740282880 is an unknown value
RCX=0x00007fc674000020 is an unknown value
RDX=0x00007fc674010d50 is an unknown value
RSP=0x00007fc68bbf80a0 is pointing into the stack for thread: 0x00007fc6a4013800
RBP=0x00007fc68bbf80f0 is pointing into the stack for thread: 0x00007fc6a4013800
RSI=0x0000000000000090 is an unknown value
RDI=0x00007fc68bbf8020 is pointing into the stack for thread: 0x00007fc6a4013800
R8 =0x0000000000000000 is an unknown value
R9 =0x00007fc68bbf8170 is pointing into the stack for thread: 0x00007fc6a4013800
R10=0x00007fc7311b7858 is at entry_point+88 in (nmethod*)0x00007fc7311b7690
R11=0x0000000000000037 is an unknown value
R12=0x00007fc70949e398 is an unknown value
R13=0x00007fc674010d50 is an unknown value
R14=0x000000005582cf2a is an unknown value
R15=0x00007fc7402347f0 is an unknown value


Stack: [0x00007fc68bafb000,0x00007fc68bbfc000],  sp=0x00007fc68bbf80a0,  free space=1012k
Native frames: (J=compiled Java code, j=interpreted, Vv=VM code, C=native code)
C  [libzip.so+0x12522]  newEntry+0x62
C  [libzip.so+0x12c7f]  ZIP_GetEntry2+0xff
C  [libzip.so+0x3ec0]  Java_java_util_zip_ZipFile_getEntry+0xf0
J 318  java.util.zip.ZipFile.getEntry(J[BZ)J (0 bytes) @ 0x00007fc7311b78ce [0x00007fc7311b7800+0xce]
J 323 C1 java.util.zip.ZipFile.getEntry(Ljava/lang/String;)Ljava/util/zip/ZipEntry; (101 bytes) @ 0x00007fc7311b96cc [0x00007fc7311b9460+0x26c]
J 322 C1 java.util.jar.JarFile.getEntry(Ljava/lang/String;)Ljava/util/zip/ZipEntry; (22 bytes) @ 0x00007fc7311b8e64 [0x00007fc7311b8de0+0x84]
J 566 C2 sun.misc.URLClassPath$JarLoader.getResource(Ljava/lang/String;Z)Lsun/misc/Resource; (85 bytes) @ 0x00007fc731257680 [0x00007fc731257440+0x240]
J 991 C2 sun.misc.URLClassPath.getResource(Ljava/lang/String;Z)Lsun/misc/Resource; (83 bytes) @ 0x00007fc73135ac94 [0x00007fc73135ab20+0x174]
J 236 C1 java.net.URLClassLoader$1.run()Ljava/lang/Class; (63 bytes) @ 0x00007fc731184efc [0x00007fc731184ce0+0x21c]
J 235 C1 java.net.URLClassLoader$1.run()Ljava/lang/Object; (5 bytes) @ 0x00007fc73118494c [0x00007fc7311848c0+0x8c]
v  ~StubRoutines::call_stub
V  [libjvm.so+0x693e76]  JavaCalls::call_helper(JavaValue*, methodHandle*, JavaCallArguments*, Thread*)+0x1056
V  [libjvm.so+0x72d14c]  JVM_DoPrivileged+0x27c
J 230  java.security.AccessController.doPrivileged(Ljava/security/PrivilegedExceptionAction;Ljava/security/AccessControlContext;)Ljava/lang/Object; (0 bytes) @ 0x00007fc731181e55 [0x00007fc731181d80+0xd5]
J 233 C1 java.net.URLClassLoader.findClass(Ljava/lang/String;)Ljava/lang/Class; (47 bytes) @ 0x00007fc731183cd4 [0x00007fc731183b40+0x194]
J 670 C1 java.lang.ClassLoader.loadClass(Ljava/lang/String;Z)Ljava/lang/Class; (122 bytes) @ 0x00007fc7312986cc [0x00007fc731297d00+0x9cc]
J 292 C1 sun.misc.Launcher$AppClassLoader.loadClass(Ljava/lang/String;Z)Ljava/lang/Class; (85 bytes) @ 0x00007fc7311ab824 [0x00007fc7311aae80+0x9a4]
J 203 C1 java.lang.ClassLoader.loadClass(Ljava/lang/String;)Ljava/lang/Class; (7 bytes) @ 0x00007fc731175004 [0x00007fc731174f00+0x104]
v  ~StubRoutines::call_stub
V  [libjvm.so+0x693e76]  JavaCalls::call_helper(JavaValue*, methodHandle*, JavaCallArguments*, Thread*)+0x1056
V  [libjvm.so+0x694381]  JavaCalls::call_virtual(JavaValue*, KlassHandle, Symbol*, Symbol*, JavaCallArguments*, Thread*)+0x321
V  [libjvm.so+0x6947d6]  JavaCalls::call_virtual(JavaValue*, Handle, KlassHandle, Symbol*, Symbol*, Handle, Thread*)+0x56
V  [libjvm.so+0xa40db0]  SystemDictionary::load_instance_class(Symbol*, Handle, Thread*)+0x3f0
V  [libjvm.so+0xa3fcfc]  SystemDictionary::resolve_instance_class_or_null(Symbol*, Handle, Handle, Thread*)+0x78c
V  [libjvm.so+0xa411d3]  SystemDictionary::resolve_or_fail(Symbol*, Handle, Handle, bool, Thread*)+0x33
V  [libjvm.so+0x4f6348]  ConstantPool::klass_at_impl(constantPoolHandle, int, Thread*)+0x158
V  [libjvm.so+0x6885d1]  InterpreterRuntime::_new(JavaThread*, ConstantPool*, int)+0x71
j  io.netty.channel.AbstractChannel$AbstractUnsafe.fireChannelInactiveAndDeregister(Z)V+15
j  io.netty.channel.AbstractChannel$AbstractUnsafe.close(Lio/netty/channel/ChannelPromise;)V+182
j  io.netty.channel.nio.AbstractNioByteChannel$NioByteUnsafe.closeOnRead(Lio/netty/channel/ChannelPipeline;)V+86
j  io.netty.channel.nio.AbstractNioByteChannel$NioByteUnsafe.read()V+263
J 2435% C2 io.netty.channel.nio.NioEventLoop.run()V (160 bytes) @ 0x00007fc7316f50b4 [0x00007fc7316f4d40+0x374]
j  io.netty.util.concurrent.SingleThreadEventExecutor$2.run()V+13
j  io.netty.util.concurrent.DefaultThreadFactory$DefaultRunnableDecorator.run()V+4
j  java.lang.Thread.run()V+11
v  ~StubRoutines::call_stub
V  [libjvm.so+0x693e76]  JavaCalls::call_helper(JavaValue*, methodHandle*, JavaCallArguments*, Thread*)+0x1056
V  [libjvm.so+0x694381]  JavaCalls::call_virtual(JavaValue*, KlassHandle, Symbol*, Symbol*, JavaCallArguments*, Thread*)+0x321
V  [libjvm.so+0x694827]  JavaCalls::call_virtual(JavaValue*, Handle, KlassHandle, Symbol*, Symbol*, Thread*)+0x47
V  [libjvm.so+0x72fbb0]  thread_entry(JavaThread*, Thread*)+0xa0
V  [libjvm.so+0xa79b53]  JavaThread::thread_main_inner()+0x103
V  [libjvm.so+0xa79c9c]  JavaThread::run()+0x11c
V  [libjvm.so+0x92a728]  java_start(Thread*)+0x108
C  [libpthread.so.0+0x76ba]  start_thread+0xca

Java frames: (J=compiled Java code, j=interpreted, Vv=VM code)
J 318  java.util.zip.ZipFile.getEntry(J[BZ)J (0 bytes) @ 0x00007fc7311b7858 [0x00007fc7311b7800+0x58]
J 323 C1 java.util.zip.ZipFile.getEntry(Ljava/lang/String;)Ljava/util/zip/ZipEntry; (101 bytes) @ 0x00007fc7311b96cc [0x00007fc7311b9460+0x26c]
J 322 C1 java.util.jar.JarFile.getEntry(Ljava/lang/String;)Ljava/util/zip/ZipEntry; (22 bytes) @ 0x00007fc7311b8e64 [0x00007fc7311b8de0+0x84]
J 566 C2 sun.misc.URLClassPath$JarLoader.getResource(Ljava/lang/String;Z)Lsun/misc/Resource; (85 bytes) @ 0x00007fc731257680 [0x00007fc731257440+0x240]
J 991 C2 sun.misc.URLClassPath.getResource(Ljava/lang/String;Z)Lsun/misc/Resource; (83 bytes) @ 0x00007fc73135ac94 [0x00007fc73135ab20+0x174]
J 236 C1 java.net.URLClassLoader$1.run()Ljava/lang/Class; (63 bytes) @ 0x00007fc731184efc [0x00007fc731184ce0+0x21c]
J 235 C1 java.net.URLClassLoader$1.run()Ljava/lang/Object; (5 bytes) @ 0x00007fc73118494c [0x00007fc7311848c0+0x8c]
v  ~StubRoutines::call_stub
J 230  java.security.AccessController.doPrivileged(Ljava/security/PrivilegedExceptionAction;Ljava/security/AccessControlContext;)Ljava/lang/Object; (0 bytes) @ 0x00007fc731181de3 [0x00007fc731181d80+0x63]
J 233 C1 java.net.URLClassLoader.findClass(Ljava/lang/String;)Ljava/lang/Class; (47 bytes) @ 0x00007fc731183cd4 [0x00007fc731183b40+0x194]
J 670 C1 java.lang.ClassLoader.loadClass(Ljava/lang/String;Z)Ljava/lang/Class; (122 bytes) @ 0x00007fc7312986cc [0x00007fc731297d00+0x9cc]
J 292 C1 sun.misc.Launcher$AppClassLoader.loadClass(Ljava/lang/String;Z)Ljava/lang/Class; (85 bytes) @ 0x00007fc7311ab824 [0x00007fc7311aae80+0x9a4]
J 203 C1 java.lang.ClassLoader.loadClass(Ljava/lang/String;)Ljava/lang/Class; (7 bytes) @ 0x00007fc731175004 [0x00007fc731174f00+0x104]
v  ~StubRoutines::call_stub
j  io.netty.channel.AbstractChannel$AbstractUnsafe.fireChannelInactiveAndDeregister(Z)V+15
j  io.netty.channel.AbstractChannel$AbstractUnsafe.close(Lio/netty/channel/ChannelPromise;)V+182
j  io.netty.channel.nio.AbstractNioByteChannel$NioByteUnsafe.closeOnRead(Lio/netty/channel/ChannelPipeline;)V+86
j  io.netty.channel.nio.AbstractNioByteChannel$NioByteUnsafe.read()V+263
J 2435% C2 io.netty.channel.nio.NioEventLoop.run()V (160 bytes) @ 0x00007fc7316f50b4 [0x00007fc7316f4d40+0x374]
j  io.netty.util.concurrent.SingleThreadEventExecutor$2.run()V+13
j  io.netty.util.concurrent.DefaultThreadFactory$DefaultRunnableDecorator.run()V+4
j  java.lang.Thread.run()V+11
v  ~StubRoutines::call_stub

---------------  P R O C E S S  ---------------

Java Threads: ( => current thread )
  0x00007fc6a4023000 JavaThread "nioEventLoopGroup-3-16" [_thread_blocked, id=25146, stack(0x00007fc68b1f2000,0x00007fc68b2f3000)]
  0x00007fc6a4021000 JavaThread "nioEventLoopGroup-3-15" [_thread_blocked, id=25144, stack(0x00007fc68b2f3000,0x00007fc68b3f4000)]
  0x00007fc6a401f800 JavaThread "nioEventLoopGroup-3-14" [_thread_blocked, id=25142, stack(0x00007fc68b3f4000,0x00007fc68b4f5000)]
  0x00007fc6a401d800 JavaThread "nioEventLoopGroup-3-13" [_thread_blocked, id=25139, stack(0x00007fc68b4f5000,0x00007fc68b5f6000)]
  0x00007fc6a401c000 JavaThread "nioEventLoopGroup-3-12" [_thread_blocked, id=25138, stack(0x00007fc68b5f6000,0x00007fc68b6f7000)]
  0x00007fc6a401a000 JavaThread "nioEventLoopGroup-3-11" [_thread_blocked, id=25136, stack(0x00007fc68b6f7000,0x00007fc68b7f8000)]
  0x00007fc6a4018800 JavaThread "nioEventLoopGroup-3-10" [_thread_blocked, id=25133, stack(0x00007fc68b7f8000,0x00007fc68b8f9000)]
  0x00007fc6a4017000 JavaThread "nioEventLoopGroup-3-9" [_thread_blocked, id=25132, stack(0x00007fc68b8f9000,0x00007fc68b9fa000)]
  0x00007fc6a4015000 JavaThread "nioEventLoopGroup-3-8" [_thread_blocked, id=25129, stack(0x00007fc68b9fa000,0x00007fc68bafb000)]
=>0x00007fc6a4013800 JavaThread "nioEventLoopGroup-3-7" [_thread_in_native, id=25086, stack(0x00007fc68bafb000,0x00007fc68bbfc000)]
  0x00007fc6a4011800 JavaThread "nioEventLoopGroup-3-6" [_thread_blocked, id=25085, stack(0x00007fc68bbfc000,0x00007fc68bcfd000)]
  0x00007fc6a4010000 JavaThread "nioEventLoopGroup-3-5" [_thread_blocked, id=25083, stack(0x00007fc68bcfd000,0x00007fc68bdfe000)]
  0x00007fc6a400e000 JavaThread "nioEventLoopGroup-3-4" [_thread_blocked, id=25076, stack(0x00007fc68bdfe000,0x00007fc68beff000)]
  0x00007fc6a400c800 JavaThread "nioEventLoopGroup-3-3" [_thread_blocked, id=25075, stack(0x00007fc68beff000,0x00007fc68c000000)]
  0x00007fc6a400b000 JavaThread "nioEventLoopGroup-3-2" [_thread_blocked, id=25074, stack(0x00007fc6dc0f4000,0x00007fc6dc1f5000)]
  0x00007fc68c015000 JavaThread "pool-3-thread-1" [_thread_blocked, id=25056, stack(0x00007fc6dc3f5000,0x00007fc6dc4f6000)]
  0x00007fc6a4009000 JavaThread "nioEventLoopGroup-3-1" [_thread_blocked, id=25054, stack(0x00007fc6dc4f6000,0x00007fc6dc5f7000)]
  0x00007fc740c6e800 JavaThread "ActionDistributor: Thread-37" [_thread_in_native, id=24925, stack(0x00007fc6dc5f7000,0x00007fc6dc6f8000)]
  0x00007fc740c6c800 JavaThread "ActionDistributor: Thread-35" [_thread_in_native, id=24924, stack(0x00007fc6dc6f8000,0x00007fc6dc7f9000)]
  0x00007fc740c51000 JavaThread "ActionDistributor: Thread-34" [_thread_in_native, id=24923, stack(0x00007fc6dc7f9000,0x00007fc6dc8fa000)]
  0x00007fc740c48000 JavaThread "FileManager: Thread-33" [_thread_blocked, id=24921, stack(0x00007fc6dc8fa000,0x00007fc6dc9fb000)]
  0x00007fc740bf4000 JavaThread "Topology Updates" [_thread_blocked, id=24915, stack(0x00007fc6dc9fb000,0x00007fc6dcafc000)]
  0x00007fc740bee000 JavaThread "nioEventLoopGroup-2-1" [_thread_in_native, id=24914, stack(0x00007fc6dcafc000,0x00007fc6dcbfd000)]
  0x00007fc6cc001000 JavaThread "Scheduled-4" [_thread_blocked, id=24913, stack(0x00007fc6dcbfd000,0x00007fc6dccfe000)]
  0x00007fc740a41000 JavaThread "Scheduled-3" [_thread_blocked, id=24912, stack(0x00007fc6dccfe000,0x00007fc6dcdff000)]
  0x00007fc740a3d000 JavaThread "Scheduled-2" [_thread_blocked, id=24911, stack(0x00007fc7080eb000,0x00007fc7081ec000)]
  0x00007fc740a38000 JavaThread "Thread-1" [_thread_in_native, id=24909, stack(0x00007fc7081ec000,0x00007fc7082ed000)]
  0x00007fc7406e2000 JavaThread "SyncMessage-1" [_thread_blocked, id=24901, stack(0x00007fc7082ed000,0x00007fc7083ee000)]
  0x00007fc7406e0800 JavaThread "SyncMessage-0" [_thread_blocked, id=24900, stack(0x00007fc7083ee000,0x00007fc7084ef000)]
  0x00007fc7406d9000 JavaThread "HintWorker-1" [_thread_blocked, id=24897, stack(0x00007fc7084ef000,0x00007fc7085f0000)]
  0x00007fc7406d7000 JavaThread "HintWorker-0" [_thread_blocked, id=24896, stack(0x00007fc7085f0000,0x00007fc7086f1000)]
  0x00007fc7406d3800 JavaThread "Scheduled-1" [_thread_blocked, id=24895, stack(0x00007fc7086f1000,0x00007fc7087f2000)]
  0x00007fc7406d2800 JavaThread "Scheduled-0" [_thread_blocked, id=24894, stack(0x00007fc7087f2000,0x00007fc7088f3000)]
  0x00007fc740211000 JavaThread "Service Thread" daemon [_thread_blocked, id=24853, stack(0x00007fc709924000,0x00007fc709a25000)]
  0x00007fc74020e000 JavaThread "C1 CompilerThread3" daemon [_thread_blocked, id=24852, stack(0x00007fc709a25000,0x00007fc709b26000)]
  0x00007fc74020c000 JavaThread "C2 CompilerThread2" daemon [_thread_blocked, id=24851, stack(0x00007fc709b26000,0x00007fc709c27000)]
  0x00007fc74020a800 JavaThread "C2 CompilerThread1" daemon [_thread_blocked, id=24850, stack(0x00007fc709c27000,0x00007fc709d28000)]
  0x00007fc740208000 JavaThread "C2 CompilerThread0" daemon [_thread_blocked, id=24844, stack(0x00007fc709d28000,0x00007fc709e29000)]
  0x00007fc740206800 JavaThread "Signal Dispatcher" daemon [_thread_blocked, id=24842, stack(0x00007fc709e29000,0x00007fc709f2a000)]
  0x00007fc7401d3000 JavaThread "Finalizer" daemon [_thread_blocked, id=24814, stack(0x00007fc70a8e9000,0x00007fc70a9ea000)]
  0x00007fc7401ce800 JavaThread "Reference Handler" daemon [_thread_blocked, id=24813, stack(0x00007fc70a9ea000,0x00007fc70aaeb000)]
  0x00007fc740009800 JavaThread "main" [_thread_blocked, id=24703, stack(0x00007fc748dfc000,0x00007fc748efd000)]

Other Threads:
  0x00007fc7401c6800 VMThread [stack: 0x00007fc70aaeb000,0x00007fc70abec000] [id=24812]
  0x00007fc740214000 WatcherThread [stack: 0x00007fc709823000,0x00007fc709924000] [id=24854]

VM state:not at safepoint (normal execution)

VM Mutex/Monitor currently owned by a thread: None

Heap:
 PSYoungGen      total 74752K, used 35092K [0x000000076d300000, 0x0000000772600000, 0x00000007c0000000)
  eden space 64512K, 38% used [0x000000076d300000,0x000000076eb49060,0x0000000771200000)
  from space 10240K, 99% used [0x0000000771c00000,0x00000007725fc360,0x0000000772600000)
  to   space 10240K, 0% used [0x0000000771200000,0x0000000771200000,0x0000000771c00000)
 ParOldGen       total 171008K, used 21676K [0x00000006c7800000, 0x00000006d1f00000, 0x000000076d300000)
  object space 171008K, 12% used [0x00000006c7800000,0x00000006c8d2b0b8,0x00000006d1f00000)
 Metaspace       used 20941K, capacity 21116K, committed 21248K, reserved 1069056K
  class space    used 2457K, capacity 2534K, committed 2560K, reserved 1048576K

Card table byte_map: [0x00007fc7453d8000,0x00007fc745b9d000] byte_map_base: 0x00007fc741d9c000

Marking Bits: (ParMarkBitMap*) 0x00007fc7482cef80
 Begin Bits: [0x00007fc7293c0000, 0x00007fc72d1e0000)
 End Bits:   [0x00007fc72d1e0000, 0x00007fc731000000)

Polling page: 0x00007fc748f1f000

CodeCache: size=245760Kb used=7569Kb max_used=7653Kb free=238190Kb
 bounds [0x00007fc731000000, 0x00007fc731790000, 0x00007fc740000000]
 total_blobs=2788 nmethods=2377 adapters=324
 compilation: enabled

Compilation events (10 events):
Event: 142.221 Thread 0x00007fc740208000 2570   !   4       net.floodlightcontroller.core.internal.OFChannelHandler::channelRead0 (54 bytes)
Event: 142.221 Thread 0x00007fc74020c000 2571       4       net.floodlightcontroller.core.internal.OFChannelHandler::channelRead0 (10 bytes)
Event: 142.230 Thread 0x00007fc740208000 nmethod 2570 0x00007fc731377910 code [0x00007fc731377b00, 0x00007fc731378198]
Event: 142.231 Thread 0x00007fc74020c000 nmethod 2571 0x00007fc7313d7ed0 code [0x00007fc7313d80c0, 0x00007fc7313d87b8]
Event: 143.218 Thread 0x00007fc740208000 2572       4       io.netty.handler.codec.ByteToMessageDecoder::channelReadComplete (50 bytes)
Event: 143.219 Thread 0x00007fc74020c000 2573       4       io.netty.util.concurrent.DefaultPromise::isDone0 (17 bytes)
Event: 143.219 Thread 0x00007fc74020c000 nmethod 2573 0x00007fc7311cc5d0 code [0x00007fc7311cc720, 0x00007fc7311cc798]
Event: 143.221 Thread 0x00007fc740208000 nmethod 2572 0x00007fc731376d10 code [0x00007fc731376ec0, 0x00007fc7313772c8]
Event: 146.221 Thread 0x00007fc74020a800 2574       4       io.netty.util.concurrent.AbstractFuture::<init> (5 bytes)
Event: 146.222 Thread 0x00007fc74020a800 nmethod 2574 0x00007fc7311364d0 code [0x00007fc731136620, 0x00007fc731136678]

GC Heap History (4 events):
Event: 1.828 GC heap before
{Heap before GC invocations=1 (full 0):
 PSYoungGen      total 74752K, used 64512K [0x000000076d300000, 0x0000000772600000, 0x00000007c0000000)
  eden space 64512K, 100% used [0x000000076d300000,0x0000000771200000,0x0000000771200000)
  from space 10240K, 0% used [0x0000000771c00000,0x0000000771c00000,0x0000000772600000)
  to   space 10240K, 0% used [0x0000000771200000,0x0000000771200000,0x0000000771c00000)
 ParOldGen       total 171008K, used 0K [0x00000006c7800000, 0x00000006d1f00000, 0x000000076d300000)
  object space 171008K, 0% used [0x00000006c7800000,0x00000006c7800000,0x00000006d1f00000)
 Metaspace       used 16135K, capacity 16360K, committed 16640K, reserved 1064960K
  class space    used 1879K, capacity 1954K, committed 2048K, reserved 1048576K
Event: 1.846 GC heap after
Heap after GC invocations=1 (full 0):
 PSYoungGen      total 74752K, used 10224K [0x000000076d300000, 0x0000000772600000, 0x00000007c0000000)
  eden space 64512K, 0% used [0x000000076d300000,0x000000076d300000,0x0000000771200000)
  from space 10240K, 99% used [0x0000000771200000,0x0000000771bfc330,0x0000000771c00000)
  to   space 10240K, 0% used [0x0000000771c00000,0x0000000771c00000,0x0000000772600000)
 ParOldGen       total 171008K, used 14157K [0x00000006c7800000, 0x00000006d1f00000, 0x000000076d300000)
  object space 171008K, 8% used [0x00000006c7800000,0x00000006c85d3760,0x00000006d1f00000)
 Metaspace       used 16135K, capacity 16360K, committed 16640K, reserved 1064960K
  class space    used 1879K, capacity 1954K, committed 2048K, reserved 1048576K
}
Event: 92.421 GC heap before
{Heap before GC invocations=2 (full 0):
 PSYoungGen      total 74752K, used 74736K [0x000000076d300000, 0x0000000772600000, 0x00000007c0000000)
  eden space 64512K, 100% used [0x000000076d300000,0x0000000771200000,0x0000000771200000)
  from space 10240K, 99% used [0x0000000771200000,0x0000000771bfc330,0x0000000771c00000)
  to   space 10240K, 0% used [0x0000000771c00000,0x0000000771c00000,0x0000000772600000)
 ParOldGen       total 171008K, used 14157K [0x00000006c7800000, 0x00000006d1f00000, 0x000000076d300000)
  object space 171008K, 8% used [0x00000006c7800000,0x00000006c85d3760,0x00000006d1f00000)
 Metaspace       used 20889K, capacity 21116K, committed 21248K, reserved 1069056K
  class space    used 2454K, capacity 2534K, committed 2560K, reserved 1048576K
Event: 92.479 GC heap after
Heap after GC invocations=2 (full 0):
 PSYoungGen      total 74752K, used 10224K [0x000000076d300000, 0x0000000772600000, 0x00000007c0000000)
  eden space 64512K, 0% used [0x000000076d300000,0x000000076d300000,0x0000000771200000)
  from space 10240K, 99% used [0x0000000771c00000,0x00000007725fc360,0x0000000772600000)
  to   space 10240K, 0% used [0x0000000771200000,0x0000000771200000,0x0000000771c00000)
 ParOldGen       total 171008K, used 21676K [0x00000006c7800000, 0x00000006d1f00000, 0x000000076d300000)
  object space 171008K, 12% used [0x00000006c7800000,0x00000006c8d2b0b8,0x00000006d1f00000)
 Metaspace       used 20889K, capacity 21116K, committed 21248K, reserved 1069056K
  class space    used 2454K, capacity 2534K, committed 2560K, reserved 1048576K
}

Deoptimization events (10 events):
Event: 1.749 Thread 0x00007fc740009800 Uncommon trap: reason=bimorphic action=maybe_recompile pc=0x00007fc7312c990c method=java.util.HashMap.putVal(ILjava/lang/Object;Ljava/lang/Object;ZZ)Ljava/lang/Object; @ 91
Event: 1.750 Thread 0x00007fc740009800 Uncommon trap: reason=bimorphic action=maybe_recompile pc=0x00007fc7312c990c method=java.util.HashMap.putVal(ILjava/lang/Object;Ljava/lang/Object;ZZ)Ljava/lang/Object; @ 91
Event: 1.750 Thread 0x00007fc740009800 Uncommon trap: reason=bimorphic action=maybe_recompile pc=0x00007fc7312c990c method=java.util.HashMap.putVal(ILjava/lang/Object;Ljava/lang/Object;ZZ)Ljava/lang/Object; @ 91
Event: 1.752 Thread 0x00007fc740009800 Uncommon trap: reason=unstable_if action=reinterpret pc=0x00007fc7312c5da4 method=java.util.HashMap$HashIterator.<init>(Ljava/util/HashMap;)V @ 38
Event: 11.814 Thread 0x00007fc7406d2800 Uncommon trap: reason=bimorphic action=maybe_recompile pc=0x00007fc7312c3214 method=java.util.HashMap.putVal(ILjava/lang/Object;Ljava/lang/Object;ZZ)Ljava/lang/Object; @ 91
Event: 28.227 Thread 0x00007fc6a4010000 Uncommon trap: reason=unstable_if action=reinterpret pc=0x00007fc7313117a8 method=java.util.concurrent.ConcurrentHashMap.putVal(Ljava/lang/Object;Ljava/lang/Object;Z)Ljava/lang/Object; @ 98
Event: 61.979 Thread 0x00007fc6a400c800 Uncommon trap: reason=unstable_if action=reinterpret pc=0x00007fc7315fd70c method=io.netty.util.internal.MpscLinkedQueue.peekNode()Lio/netty/util/internal/MpscLinkedQueueNode; @ 19
Event: 146.356 Thread 0x00007fc6a4013800 Uncommon trap: reason=unstable_if action=reinterpret pc=0x00007fc73178c330 method=sun.nio.ch.IOUtil.readIntoNativeBuffer(Ljava/io/FileDescriptor;Ljava/nio/ByteBuffer;JLsun/nio/ch/NativeDispatcher;)I @ 121
Event: 146.357 Thread 0x00007fc6a4013800 Uncommon trap: reason=unstable_if action=reinterpret pc=0x00007fc7317848b8 method=io.netty.buffer.AbstractByteBuf.writeBytes(Ljava/nio/channels/ScatteringByteChannel;I)I @ 22
Event: 146.357 Thread 0x00007fc6a4013800 Uncommon trap: reason=unstable_if action=reinterpret pc=0x00007fc7313721ac method=io.netty.channel.socket.nio.NioSocketChannel.isActive()Z @ 9

Internal exceptions (10 events):
Event: 1.269 Thread 0x00007fc740009800 Exception <a 'java/lang/ArrayIndexOutOfBoundsException'> (0x000000076d7d6960) thrown at [/HUDSON/workspace/8-2-build-linux-amd64/jdk8u151/9699/hotspot/src/share/vm/runtime/sharedRuntime.cpp, line 605]
Event: 1.271 Thread 0x00007fc740009800 Exception <a 'java/lang/ClassNotFoundException': ch/qos/logback/core/pattern/PatternLayoutEncoderBaseCustomizer> (0x000000076d7e2040) thrown at [/HUDSON/workspace/8-2-build-linux-amd64/jdk8u151/9699/hotspot/src/share/vm/classfile/systemDictionary.cpp, lin
Event: 1.271 Thread 0x00007fc740009800 Exception <a 'java/lang/ArrayIndexOutOfBoundsException'> (0x000000076d7e4bb8) thrown at [/HUDSON/workspace/8-2-build-linux-amd64/jdk8u151/9699/hotspot/src/share/vm/runtime/sharedRuntime.cpp, line 605]
Event: 1.271 Thread 0x00007fc740009800 Exception <a 'java/lang/ArrayIndexOutOfBoundsException'> (0x000000076d7e5e28) thrown at [/HUDSON/workspace/8-2-build-linux-amd64/jdk8u151/9699/hotspot/src/share/vm/runtime/sharedRuntime.cpp, line 605]
Event: 1.272 Thread 0x00007fc740009800 Exception <a 'java/lang/ClassNotFoundException': ch/qos/logback/classic/encoder/PatternLayoutEncoderCustomizer> (0x000000076d7f23d0) thrown at [/HUDSON/workspace/8-2-build-linux-amd64/jdk8u151/9699/hotspot/src/share/vm/classfile/systemDictionary.cpp, line
Event: 1.272 Thread 0x00007fc740009800 Exception <a 'java/lang/ArrayIndexOutOfBoundsException'> (0x000000076d7f5258) thrown at [/HUDSON/workspace/8-2-build-linux-amd64/jdk8u151/9699/hotspot/src/share/vm/runtime/sharedRuntime.cpp, line 605]
Event: 1.387 Thread 0x00007fc740009800 Exception <a 'java/lang/NoSuchFieldError': method resolution failed> (0x000000076db38400) thrown at [/HUDSON/workspace/8-2-build-linux-amd64/jdk8u151/9699/hotspot/src/share/vm/prims/methodHandles.cpp, line 1146]
Event: 1.388 Thread 0x00007fc740009800 Exception <a 'java/lang/NoSuchFieldError': method resolution failed> (0x000000076db45dc8) thrown at [/HUDSON/workspace/8-2-build-linux-amd64/jdk8u151/9699/hotspot/src/share/vm/prims/methodHandles.cpp, line 1146]
Event: 1.643 Thread 0x00007fc740009800 Exception <a 'java/lang/NoClassDefFoundError': javassist/ClassPath> (0x000000076ef4c200) thrown at [/HUDSON/workspace/8-2-build-linux-amd64/jdk8u151/9699/hotspot/src/share/vm/classfile/systemDictionary.cpp, line 199]
Event: 1.752 Thread 0x00007fc740009800 Implicit null exception at 0x00007fc7312c5b46 to 0x00007fc7312c5d8d

Events (10 events):
Event: 146.356 Thread 0x00007fc6a4013800 DEOPT PACKING pc=0x00007fc73178c330 sp=0x00007fc68bbfa4f0
Event: 146.357 Thread 0x00007fc6a4013800 DEOPT UNPACKING pc=0x00007fc731005229 sp=0x00007fc68bbfa368 mode 2
Event: 146.357 Thread 0x00007fc6a4013800 Uncommon trap: trap_request=0xffffff65 fr.pc=0x00007fc7317848b8
Event: 146.357 Thread 0x00007fc6a4013800 DEOPT PACKING pc=0x00007fc7317848b8 sp=0x00007fc68bbfa580
Event: 146.357 Thread 0x00007fc6a4013800 DEOPT UNPACKING pc=0x00007fc731005229 sp=0x00007fc68bbfa4d8 mode 2
Event: 146.357 Thread 0x00007fc6a4013800 Uncommon trap: trap_request=0xffffff65 fr.pc=0x00007fc7313721ac
Event: 146.357 Thread 0x00007fc6a4013800 DEOPT PACKING pc=0x00007fc7313721ac sp=0x00007fc68bbfa420
Event: 146.357 Thread 0x00007fc6a4013800 DEOPT UNPACKING pc=0x00007fc731005229 sp=0x00007fc68bbfa3f0 mode 2
Event: 146.357 loading class io/netty/channel/AbstractChannel$AbstractUnsafe$7
Event: 146.357 loading class io/netty/channel/AbstractChannel$AbstractUnsafe$7 done


Dynamic libraries:
00400000-00401000 r-xp 00000000 103:05 9832555                           /usr/lib/jvm/java-8-oracle/jre/bin/java
00600000-00601000 rw-p 00000000 103:05 9832555                           /usr/lib/jvm/java-8-oracle/jre/bin/java
009c8000-009e9000 rw-p 00000000 00:00 0                                  [heap]
6c7800000-6d1f00000 rw-p 00000000 00:00 0 
6d1f00000-76d300000 ---p 00000000 00:00 0 
76d300000-772600000 rw-p 00000000 00:00 0 
772600000-7c0000000 ---p 00000000 00:00 0 
7c0000000-7c0280000 rw-p 00000000 00:00 0 
7c0280000-800000000 ---p 00000000 00:00 0 
7fc648000000-7fc648021000 rw-p 00000000 00:00 0 
7fc648021000-7fc64c000000 ---p 00000000 00:00 0 
7fc650000000-7fc650021000 rw-p 00000000 00:00 0 
7fc650021000-7fc654000000 ---p 00000000 00:00 0 
7fc654000000-7fc654021000 rw-p 00000000 00:00 0 
7fc654021000-7fc658000000 ---p 00000000 00:00 0 
7fc658000000-7fc658021000 rw-p 00000000 00:00 0 
7fc658021000-7fc65c000000 ---p 00000000 00:00 0 
7fc65c000000-7fc65c021000 rw-p 00000000 00:00 0 
7fc65c021000-7fc660000000 ---p 00000000 00:00 0 
7fc660000000-7fc660021000 rw-p 00000000 00:00 0 
7fc660021000-7fc664000000 ---p 00000000 00:00 0 
7fc664000000-7fc664021000 rw-p 00000000 00:00 0 
7fc664021000-7fc668000000 ---p 00000000 00:00 0 
7fc668000000-7fc668021000 rw-p 00000000 00:00 0 
7fc668021000-7fc66c000000 ---p 00000000 00:00 0 
7fc66c000000-7fc66c021000 rw-p 00000000 00:00 0 
7fc66c021000-7fc670000000 ---p 00000000 00:00 0 
7fc670000000-7fc670021000 rw-p 00000000 00:00 0 
7fc670021000-7fc674000000 ---p 00000000 00:00 0 
7fc674000000-7fc6742aa000 rw-p 00000000 00:00 0 
7fc6742aa000-7fc678000000 ---p 00000000 00:00 0 
7fc678000000-7fc678021000 rw-p 00000000 00:00 0 
7fc678021000-7fc67c000000 ---p 00000000 00:00 0 
7fc67c000000-7fc67c021000 rw-p 00000000 00:00 0 
7fc67c021000-7fc680000000 ---p 00000000 00:00 0 
7fc680000000-7fc680021000 rw-p 00000000 00:00 0 
7fc680021000-7fc684000000 ---p 00000000 00:00 0 
7fc684000000-7fc684021000 rw-p 00000000 00:00 0 
7fc684021000-7fc688000000 ---p 00000000 00:00 0 
7fc68aff2000-7fc68b032000 rw-p 00000000 00:00 0 
7fc68b032000-7fc68b1f2000 ---p 00000000 00:00 0 
7fc68b1f2000-7fc68b1f5000 ---p 00000000 00:00 0 
7fc68b1f5000-7fc68b2f3000 rw-p 00000000 00:00 0 
7fc68b2f3000-7fc68b2f6000 ---p 00000000 00:00 0 
7fc68b2f6000-7fc68b3f4000 rw-p 00000000 00:00 0 
7fc68b3f4000-7fc68b3f7000 ---p 00000000 00:00 0 
7fc68b3f7000-7fc68b4f5000 rw-p 00000000 00:00 0 
7fc68b4f5000-7fc68b4f8000 ---p 00000000 00:00 0 
7fc68b4f8000-7fc68b5f6000 rw-p 00000000 00:00 0 
7fc68b5f6000-7fc68b5f9000 ---p 00000000 00:00 0 
7fc68b5f9000-7fc68b6f7000 rw-p 00000000 00:00 0 
7fc68b6f7000-7fc68b6fa000 ---p 00000000 00:00 0 
7fc68b6fa000-7fc68b7f8000 rw-p 00000000 00:00 0 
7fc68b7f8000-7fc68b7fb000 ---p 00000000 00:00 0 
7fc68b7fb000-7fc68b8f9000 rw-p 00000000 00:00 0 
7fc68b8f9000-7fc68b8fc000 ---p 00000000 00:00 0 
7fc68b8fc000-7fc68b9fa000 rw-p 00000000 00:00 0 
7fc68b9fa000-7fc68b9fd000 ---p 00000000 00:00 0 
7fc68b9fd000-7fc68bafb000 rw-p 00000000 00:00 0 
7fc68bafb000-7fc68bafe000 ---p 00000000 00:00 0 
7fc68bafe000-7fc68bbfc000 rw-p 00000000 00:00 0 
7fc68bbfc000-7fc68bbff000 ---p 00000000 00:00 0 
7fc68bbff000-7fc68bcfd000 rw-p 00000000 00:00 0 
7fc68bcfd000-7fc68bd00000 ---p 00000000 00:00 0 
7fc68bd00000-7fc68bdfe000 rw-p 00000000 00:00 0 
7fc68bdfe000-7fc68be01000 ---p 00000000 00:00 0 
7fc68be01000-7fc68beff000 rw-p 00000000 00:00 0 
7fc68beff000-7fc68bf02000 ---p 00000000 00:00 0 
7fc68bf02000-7fc68c000000 rw-p 00000000 00:00 0 
7fc68c000000-7fc68c0e4000 rw-p 00000000 00:00 0 
7fc68c0e4000-7fc690000000 ---p 00000000 00:00 0 
7fc690000000-7fc69028e000 rw-p 00000000 00:00 0 
7fc69028e000-7fc694000000 ---p 00000000 00:00 0 
7fc694000000-7fc694021000 rw-p 00000000 00:00 0 
7fc694021000-7fc698000000 ---p 00000000 00:00 0 
7fc698000000-7fc698021000 rw-p 00000000 00:00 0 
7fc698021000-7fc69c000000 ---p 00000000 00:00 0 
7fc69c000000-7fc69c021000 rw-p 00000000 00:00 0 
7fc69c021000-7fc6a0000000 ---p 00000000 00:00 0 
7fc6a0000000-7fc6a0021000 rw-p 00000000 00:00 0 
7fc6a0021000-7fc6a4000000 ---p 00000000 00:00 0 
7fc6a4000000-7fc6a4025000 rw-p 00000000 00:00 0 
7fc6a4025000-7fc6a8000000 ---p 00000000 00:00 0 
7fc6a8000000-7fc6a8021000 rw-p 00000000 00:00 0 
7fc6a8021000-7fc6ac000000 ---p 00000000 00:00 0 
7fc6ac000000-7fc6ac021000 rw-p 00000000 00:00 0 
7fc6ac021000-7fc6b0000000 ---p 00000000 00:00 0 
7fc6b0000000-7fc6b0021000 rw-p 00000000 00:00 0 
7fc6b0021000-7fc6b4000000 ---p 00000000 00:00 0 
7fc6b4000000-7fc6b4021000 rw-p 00000000 00:00 0 
7fc6b4021000-7fc6b8000000 ---p 00000000 00:00 0 
7fc6b8000000-7fc6b8021000 rw-p 00000000 00:00 0 
7fc6b8021000-7fc6bc000000 ---p 00000000 00:00 0 
7fc6bc000000-7fc6bc021000 rw-p 00000000 00:00 0 
7fc6bc021000-7fc6c0000000 ---p 00000000 00:00 0 
7fc6c0000000-7fc6c0021000 rw-p 00000000 00:00 0 
7fc6c0021000-7fc6c4000000 ---p 00000000 00:00 0 
7fc6c4000000-7fc6c4021000 rw-p 00000000 00:00 0 
7fc6c4021000-7fc6c8000000 ---p 00000000 00:00 0 
7fc6c8000000-7fc6c8021000 rw-p 00000000 00:00 0 
7fc6c8021000-7fc6cc000000 ---p 00000000 00:00 0 
7fc6cc000000-7fc6cc026000 rw-p 00000000 00:00 0 
7fc6cc026000-7fc6d0000000 ---p 00000000 00:00 0 
7fc6d0000000-7fc6d0021000 rw-p 00000000 00:00 0 
7fc6d0021000-7fc6d4000000 ---p 00000000 00:00 0 
7fc6d4000000-7fc6d4021000 rw-p 00000000 00:00 0 
7fc6d4021000-7fc6d8000000 ---p 00000000 00:00 0 
7fc6d8000000-7fc6d8021000 rw-p 00000000 00:00 0 
7fc6d8021000-7fc6dc000000 ---p 00000000 00:00 0 
7fc6dc0f4000-7fc6dc0f7000 ---p 00000000 00:00 0 
7fc6dc0f7000-7fc6dc3f5000 rw-p 00000000 00:00 0 
7fc6dc3f5000-7fc6dc3f8000 ---p 00000000 00:00 0 
7fc6dc3f8000-7fc6dc4f6000 rw-p 00000000 00:00 0 
7fc6dc4f6000-7fc6dc4f9000 ---p 00000000 00:00 0 
7fc6dc4f9000-7fc6dc5f7000 rw-p 00000000 00:00 0 
7fc6dc5f7000-7fc6dc5fa000 ---p 00000000 00:00 0 
7fc6dc5fa000-7fc6dc6f8000 rw-p 00000000 00:00 0 
7fc6dc6f8000-7fc6dc6fb000 ---p 00000000 00:00 0 
7fc6dc6fb000-7fc6dc7f9000 rw-p 00000000 00:00 0 
7fc6dc7f9000-7fc6dc7fc000 ---p 00000000 00:00 0 
7fc6dc7fc000-7fc6dc8fa000 rw-p 00000000 00:00 0 
7fc6dc8fa000-7fc6dc8fd000 ---p 00000000 00:00 0 
7fc6dc8fd000-7fc6dc9fb000 rw-p 00000000 00:00 0 
7fc6dc9fb000-7fc6dc9fe000 ---p 00000000 00:00 0 
7fc6dc9fe000-7fc6dcafc000 rw-p 00000000 00:00 0 
7fc6dcafc000-7fc6dcaff000 ---p 00000000 00:00 0 
7fc6dcaff000-7fc6dcbfd000 rw-p 00000000 00:00 0 
7fc6dcbfd000-7fc6dcc00000 ---p 00000000 00:00 0 
7fc6dcc00000-7fc6dccfe000 rw-p 00000000 00:00 0 
7fc6dccfe000-7fc6dcd01000 ---p 00000000 00:00 0 
7fc6dcd01000-7fc6dcfff000 rw-p 00000000 00:00 0 
7fc6dcfff000-7fc6e0000000 rw-p 00000000 00:00 0 
7fc6e0000000-7fc6e04d9000 rw-p 00000000 00:00 0 
7fc6e04d9000-7fc6e4000000 ---p 00000000 00:00 0 
7fc6e4000000-7fc6e4021000 rw-p 00000000 00:00 0 
7fc6e4021000-7fc6e8000000 ---p 00000000 00:00 0 
7fc6e8000000-7fc6e8511000 rw-p 00000000 00:00 0 
7fc6e8511000-7fc6ec000000 ---p 00000000 00:00 0 
7fc6ec000000-7fc6ed2b7000 rw-p 00000000 00:00 0 
7fc6ed2b7000-7fc6f0000000 ---p 00000000 00:00 0 
7fc6f0000000-7fc6f0021000 rw-p 00000000 00:00 0 
7fc6f0021000-7fc6f4000000 ---p 00000000 00:00 0 
7fc6f4000000-7fc6f47b8000 rw-p 00000000 00:00 0 
7fc6f47b8000-7fc6f8000000 ---p 00000000 00:00 0 
7fc6f8000000-7fc6f8021000 rw-p 00000000 00:00 0 
7fc6f8021000-7fc6fc000000 ---p 00000000 00:00 0 
7fc6fc000000-7fc6fc021000 rw-p 00000000 00:00 0 
7fc6fc021000-7fc700000000 ---p 00000000 00:00 0 
7fc700000000-7fc700021000 rw-p 00000000 00:00 0 
7fc700021000-7fc704000000 ---p 00000000 00:00 0 
7fc704000000-7fc704021000 rw-p 00000000 00:00 0 
7fc704021000-7fc708000000 ---p 00000000 00:00 0 
7fc7080eb000-7fc7080ee000 ---p 00000000 00:00 0 
7fc7080ee000-7fc7081ec000 rw-p 00000000 00:00 0 
7fc7081ec000-7fc7081ef000 ---p 00000000 00:00 0 
7fc7081ef000-7fc7082ed000 rw-p 00000000 00:00 0 
7fc7082ed000-7fc7082f0000 ---p 00000000 00:00 0 
7fc7082f0000-7fc7083ee000 rw-p 00000000 00:00 0 
7fc7083ee000-7fc7083f1000 ---p 00000000 00:00 0 
7fc7083f1000-7fc7084ef000 rw-p 00000000 00:00 0 
7fc7084ef000-7fc7084f2000 ---p 00000000 00:00 0 
7fc7084f2000-7fc7085f0000 rw-p 00000000 00:00 0 
7fc7085f0000-7fc7085f3000 ---p 00000000 00:00 0 
7fc7085f3000-7fc7086f1000 rw-p 00000000 00:00 0 
7fc7086f1000-7fc7086f4000 ---p 00000000 00:00 0 
7fc7086f4000-7fc7087f2000 rw-p 00000000 00:00 0 
7fc7087f2000-7fc7087f5000 ---p 00000000 00:00 0 
7fc7087f5000-7fc7088f3000 rw-p 00000000 00:00 0 
7fc7088f3000-7fc708904000 r-xp 00000000 103:05 9832878                   /usr/lib/jvm/java-8-oracle/jre/lib/amd64/libnio.so
7fc708904000-7fc708b03000 ---p 00011000 103:05 9832878                   /usr/lib/jvm/java-8-oracle/jre/lib/amd64/libnio.so
7fc708b03000-7fc708b04000 rw-p 00010000 103:05 9832878                   /usr/lib/jvm/java-8-oracle/jre/lib/amd64/libnio.so
7fc708b04000-7fc708d04000 rw-p 00000000 00:00 0 
7fc708d04000-7fc708f04000 rw-p 00000000 00:00 0 
7fc708f04000-7fc709104000 rw-p 00000000 00:00 0 
7fc709104000-7fc70911b000 r-xp 00000000 103:05 9832875                   /usr/lib/jvm/java-8-oracle/jre/lib/amd64/libnet.so
7fc70911b000-7fc70931a000 ---p 00017000 103:05 9832875                   /usr/lib/jvm/java-8-oracle/jre/lib/amd64/libnet.so
7fc70931a000-7fc70931b000 rw-p 00016000 103:05 9832875                   /usr/lib/jvm/java-8-oracle/jre/lib/amd64/libnet.so
7fc70931b000-7fc709823000 r--s 0476c000 103:05 10886353                  /home/saimsalman/Desktop/scl/floodlight/target/floodlight.jar
7fc709823000-7fc709824000 ---p 00000000 00:00 0 
7fc709824000-7fc709924000 rw-p 00000000 00:00 0 
7fc709924000-7fc709927000 ---p 00000000 00:00 0 
7fc709927000-7fc709a25000 rw-p 00000000 00:00 0 
7fc709a25000-7fc709a28000 ---p 00000000 00:00 0 
7fc709a28000-7fc709b26000 rw-p 00000000 00:00 0 
7fc709b26000-7fc709b29000 ---p 00000000 00:00 0 
7fc709b29000-7fc709c27000 rw-p 00000000 00:00 0 
7fc709c27000-7fc709c2a000 ---p 00000000 00:00 0 
7fc709c2a000-7fc709d28000 rw-p 00000000 00:00 0 
7fc709d28000-7fc709d2b000 ---p 00000000 00:00 0 
7fc709d2b000-7fc709e29000 rw-p 00000000 00:00 0 
7fc709e29000-7fc709e2c000 ---p 00000000 00:00 0 
7fc709e2c000-7fc709f2a000 rw-p 00000000 00:00 0 
7fc709f2a000-7fc70a8e9000 r--p 00000000 103:05 2104312                   /usr/lib/locale/locale-archive
7fc70a8e9000-7fc70a8ec000 ---p 00000000 00:00 0 
7fc70a8ec000-7fc70a9ea000 rw-p 00000000 00:00 0 
7fc70a9ea000-7fc70a9ed000 ---p 00000000 00:00 0 
7fc70a9ed000-7fc70aaeb000 rw-p 00000000 00:00 0 
7fc70aaeb000-7fc70aaec000 ---p 00000000 00:00 0 
7fc70aaec000-7fc70c000000 rw-p 00000000 00:00 0 
7fc70c000000-7fc70c021000 rw-p 00000000 00:00 0 
7fc70c021000-7fc710000000 ---p 00000000 00:00 0 
7fc710000000-7fc710021000 rw-p 00000000 00:00 0 
7fc710021000-7fc714000000 ---p 00000000 00:00 0 
7fc714000000-7fc714021000 rw-p 00000000 00:00 0 
7fc714021000-7fc718000000 ---p 00000000 00:00 0 
7fc718000000-7fc718021000 rw-p 00000000 00:00 0 
7fc718021000-7fc71c000000 ---p 00000000 00:00 0 
7fc71c000000-7fc71c021000 rw-p 00000000 00:00 0 
7fc71c021000-7fc720000000 ---p 00000000 00:00 0 
7fc720000000-7fc720021000 rw-p 00000000 00:00 0 
7fc720021000-7fc724000000 ---p 00000000 00:00 0 
7fc724000000-7fc724021000 rw-p 00000000 00:00 0 
7fc724021000-7fc728000000 ---p 00000000 00:00 0 
7fc7280c0000-7fc7280c3000 ---p 00000000 00:00 0 
7fc7280c3000-7fc731000000 rw-p 00000000 00:00 0 
7fc731000000-7fc731790000 rwxp 00000000 00:00 0 
7fc731790000-7fc740000000 ---p 00000000 00:00 0 
7fc740000000-7fc740e7d000 rw-p 00000000 00:00 0 
7fc740e7d000-7fc744000000 ---p 00000000 00:00 0 
7fc744000000-7fc744453000 rw-p 00000000 00:00 0 
7fc744453000-7fc74462c000 r--s 03d5a000 103:05 9832661                   /usr/lib/jvm/java-8-oracle/jre/lib/rt.jar
7fc74462c000-7fc7446a2000 rw-p 00000000 00:00 0 
7fc7446a2000-7fc7446a3000 ---p 00000000 00:00 0 
7fc7446a3000-7fc7447a3000 rw-p 00000000 00:00 0 
7fc7447a3000-7fc7447a4000 ---p 00000000 00:00 0 
7fc7447a4000-7fc7448a4000 rw-p 00000000 00:00 0 
7fc7448a4000-7fc7448a5000 ---p 00000000 00:00 0 
7fc7448a5000-7fc7449a5000 rw-p 00000000 00:00 0 
7fc7449a5000-7fc7449a6000 ---p 00000000 00:00 0 
7fc7449a6000-7fc744aa6000 rw-p 00000000 00:00 0 
7fc744aa6000-7fc744aa7000 ---p 00000000 00:00 0 
7fc744aa7000-7fc744ba7000 rw-p 00000000 00:00 0 
7fc744ba7000-7fc744ba8000 ---p 00000000 00:00 0 
7fc744ba8000-7fc744ca8000 rw-p 00000000 00:00 0 
7fc744ca8000-7fc744ca9000 ---p 00000000 00:00 0 
7fc744ca9000-7fc744da9000 rw-p 00000000 00:00 0 
7fc744da9000-7fc744daa000 ---p 00000000 00:00 0 
7fc744daa000-7fc744efe000 rw-p 00000000 00:00 0 
7fc744efe000-7fc7453d8000 ---p 00000000 00:00 0 
7fc7453d8000-7fc74542c000 rw-p 00000000 00:00 0 
7fc74542c000-7fc745905000 ---p 00000000 00:00 0 
7fc745905000-7fc74592f000 rw-p 00000000 00:00 0 
7fc74592f000-7fc745b9c000 ---p 00000000 00:00 0 
7fc745b9c000-7fc745bbc000 rw-p 00000000 00:00 0 
7fc745bbc000-7fc745f5d000 ---p 00000000 00:00 0 
7fc745f5d000-7fc745f78000 r-xp 00000000 103:05 9832871                   /usr/lib/jvm/java-8-oracle/jre/lib/amd64/libzip.so
7fc745f78000-7fc746178000 ---p 0001b000 103:05 9832871                   /usr/lib/jvm/java-8-oracle/jre/lib/amd64/libzip.so
7fc746178000-7fc746179000 rw-p 0001b000 103:05 9832871                   /usr/lib/jvm/java-8-oracle/jre/lib/amd64/libzip.so
7fc746179000-7fc746184000 r-xp 00000000 103:05 11276867                  /lib/x86_64-linux-gnu/libnss_files-2.23.so
7fc746184000-7fc746383000 ---p 0000b000 103:05 11276867                  /lib/x86_64-linux-gnu/libnss_files-2.23.so
7fc746383000-7fc746384000 r--p 0000a000 103:05 11276867                  /lib/x86_64-linux-gnu/libnss_files-2.23.so
7fc746384000-7fc746385000 rw-p 0000b000 103:05 11276867                  /lib/x86_64-linux-gnu/libnss_files-2.23.so
7fc746385000-7fc74638b000 rw-p 00000000 00:00 0 
7fc74638b000-7fc746396000 r-xp 00000000 103:05 11276877                  /lib/x86_64-linux-gnu/libnss_nis-2.23.so
7fc746396000-7fc746595000 ---p 0000b000 103:05 11276877                  /lib/x86_64-linux-gnu/libnss_nis-2.23.so
7fc746595000-7fc746596000 r--p 0000a000 103:05 11276877                  /lib/x86_64-linux-gnu/libnss_nis-2.23.so
7fc746596000-7fc746597000 rw-p 0000b000 103:05 11276877                  /lib/x86_64-linux-gnu/libnss_nis-2.23.so
7fc746597000-7fc7465ad000 r-xp 00000000 103:05 11276861                  /lib/x86_64-linux-gnu/libnsl-2.23.so
7fc7465ad000-7fc7467ac000 ---p 00016000 103:05 11276861                  /lib/x86_64-linux-gnu/libnsl-2.23.so
7fc7467ac000-7fc7467ad000 r--p 00015000 103:05 11276861                  /lib/x86_64-linux-gnu/libnsl-2.23.so
7fc7467ad000-7fc7467ae000 rw-p 00016000 103:05 11276861                  /lib/x86_64-linux-gnu/libnsl-2.23.so
7fc7467ae000-7fc7467b0000 rw-p 00000000 00:00 0 
7fc7467b0000-7fc7467b8000 r-xp 00000000 103:05 11276863                  /lib/x86_64-linux-gnu/libnss_compat-2.23.so
7fc7467b8000-7fc7469b7000 ---p 00008000 103:05 11276863                  /lib/x86_64-linux-gnu/libnss_compat-2.23.so
7fc7469b7000-7fc7469b8000 r--p 00007000 103:05 11276863                  /lib/x86_64-linux-gnu/libnss_compat-2.23.so
7fc7469b8000-7fc7469b9000 rw-p 00008000 103:05 11276863                  /lib/x86_64-linux-gnu/libnss_compat-2.23.so
7fc7469b9000-7fc7469e4000 r-xp 00000000 103:05 9832865                   /usr/lib/jvm/java-8-oracle/jre/lib/amd64/libjava.so
7fc7469e4000-7fc746be3000 ---p 0002b000 103:05 9832865                   /usr/lib/jvm/java-8-oracle/jre/lib/amd64/libjava.so
7fc746be3000-7fc746be5000 rw-p 0002a000 103:05 9832865                   /usr/lib/jvm/java-8-oracle/jre/lib/amd64/libjava.so
7fc746be5000-7fc746bf2000 r-xp 00000000 103:05 9832870                   /usr/lib/jvm/java-8-oracle/jre/lib/amd64/libverify.so
7fc746bf2000-7fc746df2000 ---p 0000d000 103:05 9832870                   /usr/lib/jvm/java-8-oracle/jre/lib/amd64/libverify.so
7fc746df2000-7fc746df4000 rw-p 0000d000 103:05 9832870                   /usr/lib/jvm/java-8-oracle/jre/lib/amd64/libverify.so
7fc746df4000-7fc746dfb000 r-xp 00000000 103:05 11276922                  /lib/x86_64-linux-gnu/librt-2.23.so
7fc746dfb000-7fc746ffa000 ---p 00007000 103:05 11276922                  /lib/x86_64-linux-gnu/librt-2.23.so
7fc746ffa000-7fc746ffb000 r--p 00006000 103:05 11276922                  /lib/x86_64-linux-gnu/librt-2.23.so
7fc746ffb000-7fc746ffc000 rw-p 00007000 103:05 11276922                  /lib/x86_64-linux-gnu/librt-2.23.so
7fc746ffc000-7fc747104000 r-xp 00000000 103:05 11276838                  /lib/x86_64-linux-gnu/libm-2.23.so
7fc747104000-7fc747303000 ---p 00108000 103:05 11276838                  /lib/x86_64-linux-gnu/libm-2.23.so
7fc747303000-7fc747304000 r--p 00107000 103:05 11276838                  /lib/x86_64-linux-gnu/libm-2.23.so
7fc747304000-7fc747305000 rw-p 00108000 103:05 11276838                  /lib/x86_64-linux-gnu/libm-2.23.so
7fc747305000-7fc747fd8000 r-xp 00000000 103:05 9832848                   /usr/lib/jvm/java-8-oracle/jre/lib/amd64/server/libjvm.so
7fc747fd8000-7fc7481d7000 ---p 00cd3000 103:05 9832848                   /usr/lib/jvm/java-8-oracle/jre/lib/amd64/server/libjvm.so
7fc7481d7000-7fc7482b1000 rw-p 00cd2000 103:05 9832848                   /usr/lib/jvm/java-8-oracle/jre/lib/amd64/server/libjvm.so
7fc7482b1000-7fc7482fc000 rw-p 00000000 00:00 0 
7fc7482fc000-7fc7484bc000 r-xp 00000000 103:05 11276768                  /lib/x86_64-linux-gnu/libc-2.23.so
7fc7484bc000-7fc7486bc000 ---p 001c0000 103:05 11276768                  /lib/x86_64-linux-gnu/libc-2.23.so
7fc7486bc000-7fc7486c0000 r--p 001c0000 103:05 11276768                  /lib/x86_64-linux-gnu/libc-2.23.so
7fc7486c0000-7fc7486c2000 rw-p 001c4000 103:05 11276768                  /lib/x86_64-linux-gnu/libc-2.23.so
7fc7486c2000-7fc7486c6000 rw-p 00000000 00:00 0 
7fc7486c6000-7fc7486c9000 r-xp 00000000 103:05 11276792                  /lib/x86_64-linux-gnu/libdl-2.23.so
7fc7486c9000-7fc7488c8000 ---p 00003000 103:05 11276792                  /lib/x86_64-linux-gnu/libdl-2.23.so
7fc7488c8000-7fc7488c9000 r--p 00002000 103:05 11276792                  /lib/x86_64-linux-gnu/libdl-2.23.so
7fc7488c9000-7fc7488ca000 rw-p 00003000 103:05 11276792                  /lib/x86_64-linux-gnu/libdl-2.23.so
7fc7488ca000-7fc7488e0000 r-xp 00000000 103:05 9832843                   /usr/lib/jvm/java-8-oracle/jre/lib/amd64/jli/libjli.so
7fc7488e0000-7fc748adf000 ---p 00016000 103:05 9832843                   /usr/lib/jvm/java-8-oracle/jre/lib/amd64/jli/libjli.so
7fc748adf000-7fc748ae0000 rw-p 00015000 103:05 9832843                   /usr/lib/jvm/java-8-oracle/jre/lib/amd64/jli/libjli.so
7fc748ae0000-7fc748af8000 r-xp 00000000 103:05 11276914                  /lib/x86_64-linux-gnu/libpthread-2.23.so
7fc748af8000-7fc748cf7000 ---p 00018000 103:05 11276914                  /lib/x86_64-linux-gnu/libpthread-2.23.so
7fc748cf7000-7fc748cf8000 r--p 00017000 103:05 11276914                  /lib/x86_64-linux-gnu/libpthread-2.23.so
7fc748cf8000-7fc748cf9000 rw-p 00018000 103:05 11276914                  /lib/x86_64-linux-gnu/libpthread-2.23.so
7fc748cf9000-7fc748cfd000 rw-p 00000000 00:00 0 
7fc748cfd000-7fc748d23000 r-xp 00000000 103:05 11276740                  /lib/x86_64-linux-gnu/ld-2.23.so
7fc748d53000-7fc748dfc000 rw-p 00000000 00:00 0 
7fc748dfc000-7fc748dff000 ---p 00000000 00:00 0 
7fc748dff000-7fc748f01000 rw-p 00000000 00:00 0 
7fc748f10000-7fc748f15000 r--s 0009a000 103:05 9832718                   /usr/lib/jvm/java-8-oracle/jre/lib/jsse.jar
7fc748f15000-7fc748f16000 r--p 00000000 00:00 0 
7fc748f16000-7fc748f1e000 rw-s 00000000 103:05 9969322                   /tmp/hsperfdata_root/24695
7fc748f1e000-7fc748f1f000 rw-p 00000000 00:00 0 
7fc748f1f000-7fc748f20000 r--p 00000000 00:00 0 
7fc748f20000-7fc748f22000 rw-p 00000000 00:00 0 
7fc748f22000-7fc748f23000 r--p 00025000 103:05 11276740                  /lib/x86_64-linux-gnu/ld-2.23.so
7fc748f23000-7fc748f24000 rw-p 00026000 103:05 11276740                  /lib/x86_64-linux-gnu/ld-2.23.so
7fc748f24000-7fc748f25000 rw-p 00000000 00:00 0 
7ffeda743000-7ffeda764000 rw-p 00000000 00:00 0                          [stack]
7ffeda7f6000-7ffeda7f8000 r--p 00000000 00:00 0                          [vvar]
7ffeda7f8000-7ffeda7fa000 r-xp 00000000 00:00 0                          [vdso]
ffffffffff600000-ffffffffff601000 r-xp 00000000 00:00 0                  [vsyscall]

VM Arguments:
java_command: target/floodlight.jar
java_class_path (initial): target/floodlight.jar
Launcher Type: SUN_STANDARD

Environment Variables:
PATH=/usr/local/sbin:/usr/local/bin:/usr/sbin:/usr/bin:/sbin:/bin:/snap/bin
USERNAME=root
SHELL=/bin/bash
DISPLAY=:0

Signal Handlers:
SIGSEGV: [libjvm.so+0xacbe10], sa_mask[0]=11111111011111111101111111111110, sa_flags=SA_RESTART|SA_SIGINFO
SIGBUS: [libjvm.so+0xacbe10], sa_mask[0]=11111111011111111101111111111110, sa_flags=SA_RESTART|SA_SIGINFO
SIGFPE: [libjvm.so+0x924f90], sa_mask[0]=11111111011111111101111111111110, sa_flags=SA_RESTART|SA_SIGINFO
SIGPIPE: [libjvm.so+0x924f90], sa_mask[0]=11111111011111111101111111111110, sa_flags=SA_RESTART|SA_SIGINFO
SIGXFSZ: [libjvm.so+0x924f90], sa_mask[0]=11111111011111111101111111111110, sa_flags=SA_RESTART|SA_SIGINFO
SIGILL: [libjvm.so+0x924f90], sa_mask[0]=11111111011111111101111111111110, sa_flags=SA_RESTART|SA_SIGINFO
SIGUSR1: SIG_DFL, sa_mask[0]=00000000000000000000000000000000, sa_flags=none
SIGUSR2: [libjvm.so+0x9267d0], sa_mask[0]=00000000000000000000000000000000, sa_flags=SA_RESTART|SA_SIGINFO
SIGHUP: [libjvm.so+0x927bd0], sa_mask[0]=11111111011111111101111111111110, sa_flags=SA_RESTART|SA_SIGINFO
SIGINT: [libjvm.so+0x927bd0], sa_mask[0]=11111111011111111101111111111110, sa_flags=SA_RESTART|SA_SIGINFO
SIGTERM: [libjvm.so+0x927bd0], sa_mask[0]=11111111011111111101111111111110, sa_flags=SA_RESTART|SA_SIGINFO
SIGQUIT: [libjvm.so+0x927bd0], sa_mask[0]=11111111011111111101111111111110, sa_flags=SA_RESTART|SA_SIGINFO


---------------  S Y S T E M  ---------------

OS:DISTRIB_ID=Ubuntu
DISTRIB_RELEASE=16.04
DISTRIB_CODENAME=xenial
DISTRIB_DESCRIPTION="Ubuntu 16.04.3 LTS"

uname:Linux 4.10.0-38-generic #42~16.04.1-Ubuntu SMP Tue Oct 10 16:32:20 UTC 2017 x86_64
libc:glibc 2.23 NPTL 2.23 
rlimit: STACK 8192k, CORE 0k, NPROC 62200, NOFILE 1048576, AS infinity
load average:1.53 2.15 2.02

/proc/meminfo:
MemTotal:       16278368 kB
MemFree:         2854964 kB
MemAvailable:    3834648 kB
Buffers:           73840 kB
Cached:          1488260 kB
SwapCached:        62672 kB
Active:          4316888 kB
Inactive:        1643812 kB
Active(anon):    3672152 kB
Inactive(anon):  1092696 kB
Active(file):     644736 kB
Inactive(file):   551116 kB
Unevictable:     6914992 kB
Mlocked:         6914992 kB
SwapTotal:      23520252 kB
SwapFree:       21652452 kB
Dirty:             10936 kB
Writeback:             0 kB
AnonPages:      11084896 kB
Mapped:           373196 kB
Shmem:            357912 kB
Slab:             283136 kB
SReclaimable:      83172 kB
SUnreclaim:       199964 kB
KernelStack:       36172 kB
PageTables:       102416 kB
NFS_Unstable:          0 kB
Bounce:                0 kB
WritebackTmp:          0 kB
CommitLimit:    31659436 kB
Committed_AS:   18776964 kB
VmallocTotal:   34359738367 kB
VmallocUsed:           0 kB
VmallocChunk:          0 kB
HardwareCorrupted:     0 kB
AnonHugePages:   4958208 kB
ShmemHugePages:        0 kB
ShmemPmdMapped:        0 kB
CmaTotal:              0 kB
CmaFree:               0 kB
HugePages_Total:       0
HugePages_Free:        0
HugePages_Rsvd:        0
HugePages_Surp:        0
Hugepagesize:       2048 kB
DirectMap4k:      528828 kB
DirectMap2M:    16097280 kB
DirectMap1G:           0 kB


CPU:total 8 (initial active 8) (4 cores per cpu, 2 threads per core) family 6 model 158 stepping 9, cmov, cx8, fxsr, mmx, sse, sse2, sse3, ssse3, sse4.1, sse4.2, popcnt, avx, avx2, aes, clmul, erms, 3dnowpref, lzcnt, ht, tsc, tscinvbit, bmi1, bmi2, adx

/proc/cpuinfo:
processor	: 0
vendor_id	: GenuineIntel
cpu family	: 6
model		: 158
model name	: Intel(R) Core(TM) i7-7700HQ CPU @ 2.80GHz
stepping	: 9
microcode	: 0x5e
cpu MHz		: 3401.220
cache size	: 6144 KB
physical id	: 0
siblings	: 8
core id		: 0
cpu cores	: 4
apicid		: 0
initial apicid	: 0
fpu		: yes
fpu_exception	: yes
cpuid level	: 22
wp		: yes
flags		: fpu vme de pse tsc msr pae mce cx8 apic sep mtrr pge mca cmov pat pse36 clflush dts acpi mmx fxsr sse sse2 ss ht tm pbe syscall nx pdpe1gb rdtscp lm constant_tsc art arch_perfmon pebs bts rep_good nopl xtopology nonstop_tsc aperfmperf tsc_known_freq pni pclmulqdq dtes64 monitor ds_cpl vmx est tm2 ssse3 sdbg fma cx16 xtpr pdcm pcid sse4_1 sse4_2 x2apic movbe popcnt tsc_deadline_timer aes xsave avx f16c rdrand lahf_lm abm 3dnowprefetch epb intel_pt tpr_shadow vnmi flexpriority ept vpid fsgsbase tsc_adjust bmi1 avx2 smep bmi2 erms invpcid mpx rdseed adx smap clflushopt xsaveopt xsavec xgetbv1 xsaves dtherm ida arat pln pts hwp hwp_notify hwp_act_window hwp_epp
bugs		:
bogomips	: 5616.00
clflush size	: 64
cache_alignment	: 64
address sizes	: 39 bits physical, 48 bits virtual
power management:

processor	: 1
vendor_id	: GenuineIntel
cpu family	: 6
model		: 158
model name	: Intel(R) Core(TM) i7-7700HQ CPU @ 2.80GHz
stepping	: 9
microcode	: 0x5e
cpu MHz		: 3433.178
cache size	: 6144 KB
physical id	: 0
siblings	: 8
core id		: 1
cpu cores	: 4
apicid		: 2
initial apicid	: 2
fpu		: yes
fpu_exception	: yes
cpuid level	: 22
wp		: yes
flags		: fpu vme de pse tsc msr pae mce cx8 apic sep mtrr pge mca cmov pat pse36 clflush dts acpi mmx fxsr sse sse2 ss ht tm pbe syscall nx pdpe1gb rdtscp lm constant_tsc art arch_perfmon pebs bts rep_good nopl xtopology nonstop_tsc aperfmperf tsc_known_freq pni pclmulqdq dtes64 monitor ds_cpl vmx est tm2 ssse3 sdbg fma cx16 xtpr pdcm pcid sse4_1 sse4_2 x2apic movbe popcnt tsc_deadline_timer aes xsave avx f16c rdrand lahf_lm abm 3dnowprefetch epb intel_pt tpr_shadow vnmi flexpriority ept vpid fsgsbase tsc_adjust bmi1 avx2 smep bmi2 erms invpcid mpx rdseed adx smap clflushopt xsaveopt xsavec xgetbv1 xsaves dtherm ida arat pln pts hwp hwp_notify hwp_act_window hwp_epp
bugs		:
bogomips	: 5616.00
clflush size	: 64
cache_alignment	: 64
address sizes	: 39 bits physical, 48 bits virtual
power management:

processor	: 2
vendor_id	: GenuineIntel
cpu family	: 6
model		: 158
model name	: Intel(R) Core(TM) i7-7700HQ CPU @ 2.80GHz
stepping	: 9
microcode	: 0x5e
cpu MHz		: 3400.366
cache size	: 6144 KB
physical id	: 0
siblings	: 8
core id		: 2
cpu cores	: 4
apicid		: 4
initial apicid	: 4
fpu		: yes
fpu_exception	: yes
cpuid level	: 22
wp		: yes
flags		: fpu vme de pse tsc msr pae mce cx8 apic sep mtrr pge mca cmov pat pse36 clflush dts acpi mmx fxsr sse sse2 ss ht tm pbe syscall nx pdpe1gb rdtscp lm constant_tsc art arch_perfmon pebs bts rep_good nopl xtopology nonstop_tsc aperfmperf tsc_known_freq pni pclmulqdq dtes64 monitor ds_cpl vmx est tm2 ssse3 sdbg fma cx16 xtpr pdcm pcid sse4_1 sse4_2 x2apic movbe popcnt tsc_deadline_timer aes xsave avx f16c rdrand lahf_lm abm 3dnowprefetch epb intel_pt tpr_shadow vnmi flexpriority ept vpid fsgsbase tsc_adjust bmi1 avx2 smep bmi2 erms invpcid mpx rdseed adx smap clflushopt xsaveopt xsavec xgetbv1 xsaves dtherm ida arat pln pts hwp hwp_notify hwp_act_window hwp_epp
bugs		:
bogomips	: 5616.00
clflush size	: 64
cache_alignment	: 64
address sizes	: 39 bits physical, 48 bits virtual
power management:

processor	: 3
vendor_id	: GenuineIntel
cpu family	: 6
model		: 158
model name	: Intel(R) Core(TM) i7-7700HQ CPU @ 2.80GHz
stepping	: 9
microcode	: 0x5e
cpu MHz		: 3475.732
cache size	: 6144 KB
physical id	: 0
siblings	: 8
core id		: 3
cpu cores	: 4
apicid		: 6
initial apicid	: 6
fpu		: yes
fpu_exception	: yes
cpuid level	: 22
wp		: yes
flags		: fpu vme de pse tsc msr pae mce cx8 apic sep mtrr pge mca cmov pat pse36 clflush dts acpi mmx fxsr sse sse2 ss ht tm pbe syscall nx pdpe1gb rdtscp lm constant_tsc art arch_perfmon pebs bts rep_good nopl xtopology nonstop_tsc aperfmperf tsc_known_freq pni pclmulqdq dtes64 monitor ds_cpl vmx est tm2 ssse3 sdbg fma cx16 xtpr pdcm pcid sse4_1 sse4_2 x2apic movbe popcnt tsc_deadline_timer aes xsave avx f16c rdrand lahf_lm abm 3dnowprefetch epb intel_pt tpr_shadow vnmi flexpriority ept vpid fsgsbase tsc_adjust bmi1 avx2 smep bmi2 erms invpcid mpx rdseed adx smap clflushopt xsaveopt xsavec xgetbv1 xsaves dtherm ida arat pln pts hwp hwp_notify hwp_act_window hwp_epp
bugs		:
bogomips	: 5616.00
clflush size	: 64
cache_alignment	: 64
address sizes	: 39 bits physical, 48 bits virtual
power management:

processor	: 4
vendor_id	: GenuineIntel
cpu family	: 6
model		: 158
model name	: Intel(R) Core(TM) i7-7700HQ CPU @ 2.80GHz
stepping	: 9
microcode	: 0x5e
cpu MHz		: 3518.798
cache size	: 6144 KB
physical id	: 0
siblings	: 8
core id		: 0
cpu cores	: 4
apicid		: 1
initial apicid	: 1
fpu		: yes
fpu_exception	: yes
cpuid level	: 22
wp		: yes
flags		: fpu vme de pse tsc msr pae mce cx8 apic sep mtrr pge mca cmov pat pse36 clflush dts acpi mmx fxsr sse sse2 ss ht tm pbe syscall nx pdpe1gb rdtscp lm constant_tsc art arch_perfmon pebs bts rep_good nopl xtopology nonstop_tsc aperfmperf tsc_known_freq pni pclmulqdq dtes64 monitor ds_cpl vmx est tm2 ssse3 sdbg fma cx16 xtpr pdcm pcid sse4_1 sse4_2 x2apic movbe popcnt tsc_deadline_timer aes xsave avx f16c rdrand lahf_lm abm 3dnowprefetch epb intel_pt tpr_shadow vnmi flexpriority ept vpid fsgsbase tsc_adjust bmi1 avx2 smep bmi2 erms invpcid mpx rdseed adx smap clflushopt xsaveopt xsavec xgetbv1 xsaves dtherm ida arat pln pts hwp hwp_notify hwp_act_window hwp_epp
bugs		:
bogomips	: 5616.00
clflush size	: 64
cache_alignment	: 64
address sizes	: 39 bits physical, 48 bits virtual
power management:

processor	: 5
vendor_id	: GenuineIntel
cpu family	: 6
model		: 158
model name	: Intel(R) Core(TM) i7-7700HQ CPU @ 2.80GHz
stepping	: 9
microcode	: 0x5e
cpu MHz		: 3440.527
cache size	: 6144 KB
physical id	: 0
siblings	: 8
core id		: 1
cpu cores	: 4
apicid		: 3
initial apicid	: 3
fpu		: yes
fpu_exception	: yes
cpuid level	: 22
wp		: yes
flags		: fpu vme de pse tsc msr pae mce cx8 apic sep mtrr pge mca cmov pat pse36 clflush dts acpi mmx fxsr sse sse2 ss ht tm pbe syscall nx pdpe1gb rdtscp lm constant_tsc art arch_perfmon pebs bts rep_good nopl xtopology nonstop_tsc aperfmperf tsc_known_freq pni pclmulqdq dtes64 monitor ds_cpl vmx est tm2 ssse3 sdbg fma cx16 xtpr pdcm pcid sse4_1 sse4_2 x2apic movbe popcnt tsc_deadline_timer aes xsave avx f16c rdrand lahf_lm abm 3dnowprefetch epb intel_pt tpr_shadow vnmi flexpriority ept vpid fsgsbase tsc_adjust bmi1 avx2 smep bmi2 erms invpcid mpx rdseed adx smap clflushopt xsaveopt xsavec xgetbv1 xsaves dtherm ida arat pln pts hwp hwp_notify hwp_act_window hwp_epp
bugs		:
bogomips	: 5616.00
clflush size	: 64
cache_alignment	: 64
address sizes	: 39 bits physical, 48 bits virtual
power management:

processor	: 6
vendor_id	: GenuineIntel
cpu family	: 6
model		: 158
model name	: Intel(R) Core(TM) i7-7700HQ CPU @ 2.80GHz
stepping	: 9
microcode	: 0x5e
cpu MHz		: 3400.878
cache size	: 6144 KB
physical id	: 0
siblings	: 8
core id		: 2
cpu cores	: 4
apicid		: 5
initial apicid	: 5
fpu		: yes
fpu_exception	: yes
cpuid level	: 22
wp		: yes
flags		: fpu vme de pse tsc msr pae mce cx8 apic sep mtrr pge mca cmov pat pse36 clflush dts acpi mmx fxsr sse sse2 ss ht tm pbe syscall nx pdpe1gb rdtscp lm constant_tsc art arch_perfmon pebs bts rep_good nopl xtopology nonstop_tsc aperfmperf tsc_known_freq pni pclmulqdq dtes64 monitor ds_cpl vmx est tm2 ssse3 sdbg fma cx16 xtpr pdcm pcid sse4_1 sse4_2 x2apic movbe popcnt tsc_deadline_timer aes xsave avx f16c rdrand lahf_lm abm 3dnowprefetch epb intel_pt tpr_shadow vnmi flexpriority ept vpid fsgsbase tsc_adjust bmi1 avx2 smep bmi2 erms invpcid mpx rdseed adx smap clflushopt xsaveopt xsavec xgetbv1 xsaves dtherm ida arat pln pts hwp hwp_notify hwp_act_window hwp_epp
bugs		:
bogomips	: 5616.00
clflush size	: 64
cache_alignment	: 64
address sizes	: 39 bits physical, 48 bits virtual
power management:

processor	: 7
vendor_id	: GenuineIntel
cpu family	: 6
model		: 158
model name	: Intel(R) Core(TM) i7-7700HQ CPU @ 2.80GHz
stepping	: 9
microcode	: 0x5e
cpu MHz		: 3487.695
cache size	: 6144 KB
physical id	: 0
siblings	: 8
core id		: 3
cpu cores	: 4
apicid		: 7
initial apicid	: 7
fpu		: yes
fpu_exception	: yes
cpuid level	: 22
wp		: yes
flags		: fpu vme de pse tsc msr pae mce cx8 apic sep mtrr pge mca cmov pat pse36 clflush dts acpi mmx fxsr sse sse2 ss ht tm pbe syscall nx pdpe1gb rdtscp lm constant_tsc art arch_perfmon pebs bts rep_good nopl xtopology nonstop_tsc aperfmperf tsc_known_freq pni pclmulqdq dtes64 monitor ds_cpl vmx est tm2 ssse3 sdbg fma cx16 xtpr pdcm pcid sse4_1 sse4_2 x2apic movbe popcnt tsc_deadline_timer aes xsave avx f16c rdrand lahf_lm abm 3dnowprefetch epb intel_pt tpr_shadow vnmi flexpriority ept vpid fsgsbase tsc_adjust bmi1 avx2 smep bmi2 erms invpcid mpx rdseed adx smap clflushopt xsaveopt xsavec xgetbv1 xsaves dtherm ida arat pln pts hwp hwp_notify hwp_act_window hwp_epp
bugs		:
bogomips	: 5616.00
clflush size	: 64
cache_alignment	: 64
address sizes	: 39 bits physical, 48 bits virtual
power management:



Memory: 4k page, physical 16278368k(2854964k free), swap 23520252k(21652452k free)

vm_info: Java HotSpot(TM) 64-Bit Server VM (25.151-b12) for linux-amd64 JRE (1.8.0_151-b12), built on Sep  5 2017 19:20:58 by "java_re" with gcc 4.3.0 20080428 (Red Hat 4.3.0-8)

time: Sat Nov 11 22:49:57 2017
elapsed time: 146 seconds (0d 0h 2m 26s)

